2025-07-15 17:10:15,311 - root - INFO - ====== 开始运行实验 5 ======
2025-07-15 17:10:15,311 - root - INFO - Log file: /Users/yangzongyou/Downloads/iccip 2022/code_exp/log/experiment5_20250715_171015.log
2025-07-15 17:10:21,211 - root - INFO - Connected to Web3. Default account: 0xf39Fd6e51aad88F6F4ce6aB8827279cffFb92266
2025-07-15 17:10:21,211 - root - INFO - Blockchain helper initialized.
2025-07-15 17:10:21,211 - root - INFO - Creating contract factories...
2025-07-15 17:10:21,217 - root - INFO - Contract factories created.
2025-07-15 17:10:21,217 - root - INFO - Starting experiment function: run_experiment_5_revocation...
2025-07-15 17:10:21,217 - root - INFO - --- Starting Experiment 5: Revocation Mechanism ---
2025-07-15 17:10:21,248 - root - INFO - Deploying new contracts for size 1...
2025-07-15 17:10:21,249 - root - INFO - Deploying Certificate_Exp5_1...
2025-07-15 17:10:21,260 - root - INFO - Certificate_Exp5_1 deployed at 0xd5710E9D21E6Ab3D6350D076Ee0b4b5ec1F66551. Gas used: 620351
2025-07-15 17:10:21,260 - root - INFO - Authorizing deployer as an institution for 0xd5710E9D21E6Ab3D6350D076Ee0b4b5ec1F66551...
2025-07-15 17:10:21,267 - root - INFO - Authorization successful.
2025-07-15 17:10:21,267 - root - INFO - Deploying BaselineRevocation_Exp5_1...
2025-07-15 17:10:21,275 - root - INFO - BaselineRevocation_Exp5_1 deployed at 0x43DB34057ec2FCCc5527701aF0D81cf2528AD8cD. Gas used: 197730
2025-07-15 17:10:21,275 - root - INFO - Testing revocation set size: 1
2025-07-15 17:10:21,275 - root - INFO - [Our Model] Issuing and revoking 1 certificates...
2025-07-15 17:10:21,303 - root - INFO - [Baseline Model] Revoking 1 certificates...
2025-07-15 17:10:21,309 - root - INFO - Measuring verification performance for size 1 (100 queries)...
2025-07-15 17:10:21,866 - root - INFO - Size 1: Verification stats collected.
2025-07-15 17:10:21,866 - root - INFO - Deploying new contracts for size 10...
2025-07-15 17:10:21,866 - root - INFO - Deploying Certificate_Exp5_10...
2025-07-15 17:10:21,873 - root - INFO - Certificate_Exp5_10 deployed at 0x4930DB10101b141F0336b5D6aF62Df9CcDBB3B3C. Gas used: 620351
2025-07-15 17:10:21,873 - root - INFO - Authorizing deployer as an institution for 0x4930DB10101b141F0336b5D6aF62Df9CcDBB3B3C...
2025-07-15 17:10:21,879 - root - INFO - Authorization successful.
2025-07-15 17:10:21,879 - root - INFO - Deploying BaselineRevocation_Exp5_10...
2025-07-15 17:10:21,886 - root - INFO - BaselineRevocation_Exp5_10 deployed at 0xB98af9be1d4bf0Bc5882837C97b18643f9b48733. Gas used: 197730
2025-07-15 17:10:21,886 - root - INFO - Testing revocation set size: 10
2025-07-15 17:10:21,886 - root - INFO - [Our Model] Issuing and revoking 10 certificates...
2025-07-15 17:10:21,988 - root - INFO - [Baseline Model] Revoking 10 certificates...
2025-07-15 17:10:22,039 - root - INFO - Measuring verification performance for size 10 (100 queries)...
2025-07-15 17:10:22,593 - root - INFO - Size 10: Verification stats collected.
2025-07-15 17:10:22,593 - root - INFO - Deploying new contracts for size 100...
2025-07-15 17:10:22,593 - root - INFO - Deploying Certificate_Exp5_100...
2025-07-15 17:10:22,600 - root - INFO - Certificate_Exp5_100 deployed at 0xA6789DbE49923B5c6E34de0FA8dA688c5b2F9d6A. Gas used: 620351
2025-07-15 17:10:22,601 - root - INFO - Authorizing deployer as an institution for 0xA6789DbE49923B5c6E34de0FA8dA688c5b2F9d6A...
2025-07-15 17:10:22,606 - root - INFO - Authorization successful.
2025-07-15 17:10:22,606 - root - INFO - Deploying BaselineRevocation_Exp5_100...
2025-07-15 17:10:22,635 - root - INFO - BaselineRevocation_Exp5_100 deployed at 0xA01E546F6be803bD2452E72f091c8be9fed462BA. Gas used: 197730
2025-07-15 17:10:22,635 - root - INFO - Testing revocation set size: 100
2025-07-15 17:10:22,635 - root - INFO - [Our Model] Issuing and revoking 100 certificates...
2025-07-15 17:10:23,662 - root - INFO - [Baseline Model] Revoking 100 certificates...
2025-07-15 17:10:24,160 - root - INFO - Measuring verification performance for size 100 (100 queries)...
2025-07-15 17:10:24,711 - root - INFO - Size 100: Verification stats collected.
2025-07-15 17:10:24,711 - root - INFO - Deploying new contracts for size 1000...
2025-07-15 17:10:24,711 - root - INFO - Deploying Certificate_Exp5_1000...
2025-07-15 17:10:24,718 - root - INFO - Certificate_Exp5_1000 deployed at 0xC7781db6632E1df8f7E3B3d90bc66dF48Aa172Aa. Gas used: 620351
2025-07-15 17:10:24,718 - root - INFO - Authorizing deployer as an institution for 0xC7781db6632E1df8f7E3B3d90bc66dF48Aa172Aa...
2025-07-15 17:10:24,723 - root - INFO - Authorization successful.
2025-07-15 17:10:24,724 - root - INFO - Deploying BaselineRevocation_Exp5_1000...
2025-07-15 17:10:24,730 - root - INFO - BaselineRevocation_Exp5_1000 deployed at 0xd235f58abF0fED2716a494931353A0d41e60fe21. Gas used: 197730
2025-07-15 17:10:24,730 - root - INFO - Testing revocation set size: 1000
2025-07-15 17:10:24,730 - root - INFO - [Our Model] Issuing and revoking 1000 certificates...
2025-07-15 17:10:34,753 - root - INFO - [Baseline Model] Revoking 1000 certificates...
2025-07-15 17:10:39,686 - root - INFO - Measuring verification performance for size 1000 (100 queries)...
2025-07-15 17:10:40,235 - root - INFO - Size 1000: Verification stats collected.
2025-07-15 17:10:40,235 - root - INFO - Deploying new contracts for size 5000...
2025-07-15 17:10:40,236 - root - INFO - Deploying Certificate_Exp5_5000...
2025-07-15 17:10:40,243 - root - INFO - Certificate_Exp5_5000 deployed at 0xf86Ec81b897379Fe3A515F124535e8342dD032D9. Gas used: 620351
2025-07-15 17:10:40,243 - root - INFO - Authorizing deployer as an institution for 0xf86Ec81b897379Fe3A515F124535e8342dD032D9...
2025-07-15 17:10:40,248 - root - INFO - Authorization successful.
2025-07-15 17:10:40,248 - root - INFO - Deploying BaselineRevocation_Exp5_5000...
2025-07-15 17:10:40,255 - root - INFO - BaselineRevocation_Exp5_5000 deployed at 0x1D373E0842926a76207D33abDD5d78C0BC023Cd3. Gas used: 197730
2025-07-15 17:10:40,255 - root - INFO - Testing revocation set size: 5000
2025-07-15 17:10:40,255 - root - INFO - [Our Model] Issuing and revoking 5000 certificates...
2025-07-15 17:11:30,337 - root - INFO - [Baseline Model] Revoking 5000 certificates...
2025-07-15 17:11:55,172 - root - INFO - Measuring verification performance for size 5000 (100 queries)...
2025-07-15 17:11:55,723 - root - INFO - Size 5000: Verification stats collected.
2025-07-15 17:11:55,725 - root - INFO - Revocation mechanism efficiency results saved to /Users/yangzongyou/Downloads/iccip 2022/code_exp/data/exp5_revocation_scalability.csv
2025-07-15 17:11:55,725 - root - INFO - --- Experiment 5 Finished ---
2025-07-15 17:11:55,725 - root - INFO - ====== 实验 5 运行成功, 耗时: 100.41s ======
