2025-07-15 17:21:16,690 - root - INFO - ====== 开始运行实验 1 ======
2025-07-15 17:21:16,690 - root - INFO - Log file: /Users/yangzongyou/Downloads/iccip 2022/code_exp/log/experiment1_20250715_172116.log
2025-07-15 17:21:22,648 - root - INFO - Connected to Web3. Default account: 0xf39Fd6e51aad88F6F4ce6aB8827279cffFb92266
2025-07-15 17:21:22,648 - root - INFO - Blockchain helper initialized.
2025-07-15 17:21:22,648 - root - INFO - Loading dataset...
2025-07-15 17:21:22,669 - root - INFO - Creating contract factory...
2025-07-15 17:21:22,671 - root - INFO - Deploying contract...
2025-07-15 17:21:22,671 - root - INFO - Deploying Certificate_Exp123...
2025-07-15 17:21:22,700 - root - INFO - Certificate_Exp123 deployed at 0x5FbDB2315678afecb367f032d93F642f64180aa3. Gas used: 620351
2025-07-15 17:21:22,700 - root - INFO - Contract deployed at 0x5FbDB2315678afecb367f032d93F642f64180aa3.
2025-07-15 17:21:22,700 - root - INFO - Authorizing deployer as an institution for 0x5FbDB2315678afecb367f032d93F642f64180aa3...
2025-07-15 17:21:22,707 - root - INFO - Authorization successful.
2025-07-15 17:21:22,707 - root - INFO - Institution authorized.
2025-07-15 17:21:22,707 - root - INFO - Starting experiment function: run_experiment_1_baseline...
2025-07-15 17:21:22,707 - root - INFO - --- Starting Experiment 1: Baseline Performance & Cost ---
2025-07-15 17:21:22,707 - root - INFO - Measuring latency for 1000 'issueCertificate' transactions...
2025-07-15 17:21:27,701 - root - INFO - Latency results saved to exp1_latency.csv
2025-07-15 17:21:27,701 - root - INFO - Measuring gas cost for core operations...
2025-07-15 17:21:27,710 - root - INFO - Gas cost results saved to exp1_gas_cost.csv
2025-07-15 17:21:27,710 - root - INFO - --- Experiment 1 Finished ---
2025-07-15 17:21:27,711 - root - INFO - ====== 实验 1 运行成功, 耗时: 11.02s ======
