2025-07-15 15:56:50,552 - root - INFO - ====== 开始运行实验 3 ======
2025-07-15 15:56:50,552 - root - INFO - Log file: /Users/yangzongyou/Downloads/iccip 2022/code_exp/log/experiment3_20250715_155650.log
2025-07-15 15:56:56,594 - root - INFO - Connected to Web3. Default account: 0xf39Fd6e51aad88F6F4ce6aB8827279cffFb92266
2025-07-15 15:56:56,595 - root - INFO - Blockchain helper initialized.
2025-07-15 15:56:56,595 - root - INFO - Loading dataset...
2025-07-15 15:56:56,607 - root - INFO - Creating contract factory...
2025-07-15 15:56:56,609 - root - INFO - Deploying contract...
2025-07-15 15:56:56,609 - root - INFO - Deploying Certificate_Exp123...
2025-07-15 15:56:56,620 - root - INFO - Certificate_Exp123 deployed at 0x72ACAd862209F292eF37764867E5d1b9a373086C. Gas used: 620351
2025-07-15 15:56:56,620 - root - INFO - Contract deployed at 0x72ACAd862209F292eF37764867E5d1b9a373086C.
2025-07-15 15:56:56,620 - root - INFO - Authorizing deployer as an institution for 0x72ACAd862209F292eF37764867E5d1b9a373086C...
2025-07-15 15:56:56,627 - root - INFO - Authorization successful.
2025-07-15 15:56:56,627 - root - INFO - Institution authorized.
2025-07-15 15:56:56,627 - root - INFO - Starting experiment function: run_experiment_3_scalability...
2025-07-15 15:56:56,627 - root - INFO - --- Starting Experiment 3: Scalability Test ---
2025-07-15 15:56:56,627 - root - INFO - Issuing 10000 new certificates to reach 10000 total records...
2025-07-15 15:57:47,635 - root - INFO - Total Records: 10000, Average Query Time: 0.001375s
2025-07-15 15:57:47,635 - root - INFO - Issuing 40000 new certificates to reach 50000 total records...
2025-07-15 15:57:47,635 - root - INFO - Total Records: 50000, Average Query Time: 0.000000s
2025-07-15 15:57:47,635 - root - INFO - Issuing 50000 new certificates to reach 100000 total records...
2025-07-15 15:57:47,635 - root - INFO - Total Records: 100000, Average Query Time: 0.000000s
2025-07-15 15:57:47,635 - root - INFO - Issuing 400000 new certificates to reach 500000 total records...
2025-07-15 15:57:47,636 - root - INFO - Total Records: 500000, Average Query Time: 0.000000s
2025-07-15 15:57:47,636 - root - INFO - Issuing 500000 new certificates to reach 1000000 total records...
2025-07-15 15:57:47,636 - root - INFO - Total Records: 1000000, Average Query Time: 0.000000s
2025-07-15 15:57:47,637 - root - INFO - Scalability results saved to exp3_scalability.csv
2025-07-15 15:57:47,637 - root - INFO - --- Experiment 3 Finished ---
2025-07-15 15:57:47,637 - root - INFO - ====== 实验 3 运行成功, 耗时: 57.09s ======
