2025-07-15 17:09:11,241 - root - INFO - ====== 开始运行实验 3 ======
2025-07-15 17:09:11,241 - root - INFO - Log file: /Users/yangzongyou/Downloads/iccip 2022/code_exp/log/experiment3_20250715_170911.log
2025-07-15 17:09:17,307 - root - INFO - Connected to Web3. Default account: 0xf39Fd6e51aad88F6F4ce6aB8827279cffFb92266
2025-07-15 17:09:17,307 - root - INFO - Blockchain helper initialized.
2025-07-15 17:09:17,307 - root - INFO - Loading dataset...
2025-07-15 17:09:17,323 - root - INFO - Creating contract factory...
2025-07-15 17:09:17,325 - root - INFO - Deploying contract...
2025-07-15 17:09:17,325 - root - INFO - Deploying Certificate_Exp123...
2025-07-15 17:09:17,338 - root - INFO - Certificate_Exp123 deployed at 0xf24e234C37C68c5B7fcab88D964356998309A3f7. Gas used: 620351
2025-07-15 17:09:17,338 - root - INFO - Contract deployed at 0xf24e234C37C68c5B7fcab88D964356998309A3f7.
2025-07-15 17:09:17,338 - root - INFO - Authorizing deployer as an institution for 0xf24e234C37C68c5B7fcab88D964356998309A3f7...
2025-07-15 17:09:17,345 - root - INFO - Authorization successful.
2025-07-15 17:09:17,345 - root - INFO - Institution authorized.
2025-07-15 17:09:17,345 - root - INFO - Starting experiment function: run_experiment_3_scalability...
2025-07-15 17:09:17,345 - root - INFO - --- Starting Experiment 3: Scalability Test ---
2025-07-15 17:09:17,345 - root - INFO - Issuing 10000 new certificates to reach 10000 total records...
2025-07-15 17:10:09,075 - root - INFO - Total Records: 10000, Average Query Time: 0.001395s
2025-07-15 17:10:09,075 - root - INFO - Issuing 40000 new certificates to reach 50000 total records...
2025-07-15 17:10:09,076 - root - INFO - Total Records: 50000, Average Query Time: 0.000000s
2025-07-15 17:10:09,076 - root - INFO - Issuing 50000 new certificates to reach 100000 total records...
2025-07-15 17:10:09,076 - root - INFO - Total Records: 100000, Average Query Time: 0.000000s
2025-07-15 17:10:09,076 - root - INFO - Issuing 400000 new certificates to reach 500000 total records...
2025-07-15 17:10:09,076 - root - INFO - Total Records: 500000, Average Query Time: 0.000000s
2025-07-15 17:10:09,076 - root - INFO - Issuing 500000 new certificates to reach 1000000 total records...
2025-07-15 17:10:09,076 - root - INFO - Total Records: 1000000, Average Query Time: 0.000000s
2025-07-15 17:10:09,078 - root - INFO - Scalability results saved to exp3_scalability.csv
2025-07-15 17:10:09,078 - root - INFO - --- Experiment 3 Finished ---
2025-07-15 17:10:09,079 - root - INFO - ====== 实验 3 运行成功, 耗时: 57.84s ======
