2025-07-15 17:28:49,593 - root - INFO - ====== 开始运行实验 5 ======
2025-07-15 17:28:49,593 - root - INFO - Log file: /Users/yangzongyou/Downloads/iccip 2022/code_exp/log/experiment5_20250715_172849.log
2025-07-15 17:28:55,414 - root - INFO - Connected to Web3. Default account: 0xf39Fd6e51aad88F6F4ce6aB8827279cffFb92266
2025-07-15 17:28:55,414 - root - INFO - Blockchain helper initialized.
2025-07-15 17:28:55,414 - root - INFO - Creating contract factories...
2025-07-15 17:28:55,418 - root - INFO - Contract factories created.
2025-07-15 17:28:55,418 - root - INFO - Starting experiment function: run_experiment_5_revocation...
2025-07-15 17:28:55,418 - root - INFO - --- Starting Experiment 5: Revocation Mechanism ---
2025-07-15 17:28:55,445 - root - INFO - Deploying new contracts for size 1...
2025-07-15 17:28:55,445 - root - INFO - Deploying Certificate_Exp5_1...
2025-07-15 17:28:55,456 - root - INFO - Certificate_Exp5_1 deployed at 0x36AB6019C642948A8c4049c66DcF7CAaDdc28Edf. Gas used: 620351
2025-07-15 17:28:55,456 - root - INFO - Authorizing deployer as an institution for 0x36AB6019C642948A8c4049c66DcF7CAaDdc28Edf...
2025-07-15 17:28:55,462 - root - INFO - Authorization successful.
2025-07-15 17:28:55,462 - root - INFO - Deploying BaselineRevocation_Exp5_1...
2025-07-15 17:28:55,469 - root - INFO - BaselineRevocation_Exp5_1 deployed at 0x013Bc280F0E1403c09Aed71df1cC4c2EDeB00cC5. Gas used: 197730
2025-07-15 17:28:55,469 - root - INFO - Testing revocation set size: 1
2025-07-15 17:28:55,469 - root - INFO - [Our Model] Issuing and revoking 1 certificates...
2025-07-15 17:28:55,495 - root - INFO - [Baseline Model] Revoking 1 certificates...
2025-07-15 17:28:55,501 - root - INFO - Measuring verification performance for size 1 (100 queries)...
2025-07-15 17:28:56,045 - root - INFO - Size 1: Verification stats collected.
2025-07-15 17:28:56,045 - root - INFO - Deploying new contracts for size 10...
2025-07-15 17:28:56,045 - root - INFO - Deploying Certificate_Exp5_10...
2025-07-15 17:28:56,053 - root - INFO - Certificate_Exp5_10 deployed at 0x866715342931319A7F4B23d508b57E3afb5d4377. Gas used: 620351
2025-07-15 17:28:56,053 - root - INFO - Authorizing deployer as an institution for 0x866715342931319A7F4B23d508b57E3afb5d4377...
2025-07-15 17:28:56,058 - root - INFO - Authorization successful.
2025-07-15 17:28:56,058 - root - INFO - Deploying BaselineRevocation_Exp5_10...
2025-07-15 17:28:56,065 - root - INFO - BaselineRevocation_Exp5_10 deployed at 0x0954b90168654C6dF06Cc72fd63603505d110316. Gas used: 197730
2025-07-15 17:28:56,065 - root - INFO - Testing revocation set size: 10
2025-07-15 17:28:56,065 - root - INFO - [Our Model] Issuing and revoking 10 certificates...
2025-07-15 17:28:56,165 - root - INFO - [Baseline Model] Revoking 10 certificates...
2025-07-15 17:28:56,215 - root - INFO - Measuring verification performance for size 10 (100 queries)...
2025-07-15 17:28:56,763 - root - INFO - Size 10: Verification stats collected.
2025-07-15 17:28:56,763 - root - INFO - Deploying new contracts for size 100...
2025-07-15 17:28:56,763 - root - INFO - Deploying Certificate_Exp5_100...
2025-07-15 17:28:56,770 - root - INFO - Certificate_Exp5_100 deployed at 0x3497DA78E11e9C4Caa35f7478843ea0f12432747. Gas used: 620351
2025-07-15 17:28:56,770 - root - INFO - Authorizing deployer as an institution for 0x3497DA78E11e9C4Caa35f7478843ea0f12432747...
2025-07-15 17:28:56,775 - root - INFO - Authorization successful.
2025-07-15 17:28:56,775 - root - INFO - Deploying BaselineRevocation_Exp5_100...
2025-07-15 17:28:56,812 - root - INFO - BaselineRevocation_Exp5_100 deployed at 0x739A5f20D5EF139e02f0A4bceaA77EbA61462A84. Gas used: 197730
2025-07-15 17:28:56,812 - root - INFO - Testing revocation set size: 100
2025-07-15 17:28:56,812 - root - INFO - [Our Model] Issuing and revoking 100 certificates...
2025-07-15 17:28:57,818 - root - INFO - [Baseline Model] Revoking 100 certificates...
2025-07-15 17:28:58,315 - root - INFO - Measuring verification performance for size 100 (100 queries)...
2025-07-15 17:28:58,876 - root - INFO - Size 100: Verification stats collected.
2025-07-15 17:28:58,876 - root - INFO - Deploying new contracts for size 1000...
2025-07-15 17:28:58,876 - root - INFO - Deploying Certificate_Exp5_1000...
2025-07-15 17:28:58,884 - root - INFO - Certificate_Exp5_1000 deployed at 0x9F62687D254e8582b77e25e3FAAF1A92cA32B73C. Gas used: 620351
2025-07-15 17:28:58,884 - root - INFO - Authorizing deployer as an institution for 0x9F62687D254e8582b77e25e3FAAF1A92cA32B73C...
2025-07-15 17:28:58,890 - root - INFO - Authorization successful.
2025-07-15 17:28:58,890 - root - INFO - Deploying BaselineRevocation_Exp5_1000...
2025-07-15 17:28:58,897 - root - INFO - BaselineRevocation_Exp5_1000 deployed at 0xAA1d7dC9F6B5ddBc76E1A5a4e88a9895F583b526. Gas used: 197730
2025-07-15 17:28:58,897 - root - INFO - Testing revocation set size: 1000
2025-07-15 17:28:58,897 - root - INFO - [Our Model] Issuing and revoking 1000 certificates...
2025-07-15 17:29:08,976 - root - INFO - [Baseline Model] Revoking 1000 certificates...
2025-07-15 17:29:13,926 - root - INFO - Measuring verification performance for size 1000 (100 queries)...
2025-07-15 17:29:14,475 - root - INFO - Size 1000: Verification stats collected.
2025-07-15 17:29:14,475 - root - INFO - Deploying new contracts for size 5000...
2025-07-15 17:29:14,475 - root - INFO - Deploying Certificate_Exp5_5000...
2025-07-15 17:29:14,483 - root - INFO - Certificate_Exp5_5000 deployed at 0x5C35BDdA1a95438bf50bDC210e38863a86b7d910. Gas used: 620351
2025-07-15 17:29:14,483 - root - INFO - Authorizing deployer as an institution for 0x5C35BDdA1a95438bf50bDC210e38863a86b7d910...
2025-07-15 17:29:14,488 - root - INFO - Authorization successful.
2025-07-15 17:29:14,488 - root - INFO - Deploying BaselineRevocation_Exp5_5000...
2025-07-15 17:29:14,494 - root - INFO - BaselineRevocation_Exp5_5000 deployed at 0x1EeE8455b052B8A2889dfC91ff6e7E5746C73917. Gas used: 197730
2025-07-15 17:29:14,494 - root - INFO - Testing revocation set size: 5000
2025-07-15 17:29:14,494 - root - INFO - [Our Model] Issuing and revoking 5000 certificates...
2025-07-15 17:30:04,503 - root - INFO - [Baseline Model] Revoking 5000 certificates...
2025-07-15 17:30:29,324 - root - INFO - Measuring verification performance for size 5000 (100 queries)...
2025-07-15 17:30:29,873 - root - INFO - Size 5000: Verification stats collected.
2025-07-15 17:30:29,877 - root - INFO - Revocation mechanism efficiency results saved to /Users/yangzongyou/Downloads/iccip 2022/code_exp/data/exp5_revocation_scalability.csv
2025-07-15 17:30:29,877 - root - INFO - --- Experiment 5 Finished ---
2025-07-15 17:30:29,877 - root - INFO - ====== 实验 5 运行成功, 耗时: 100.28s ======
