2025-07-15 15:50:25,047 - root - INFO - ====== 开始运行实验 1 ======
2025-07-15 15:50:25,047 - root - INFO - Log file: /Users/yangzongyou/Downloads/iccip 2022/code_exp/log/experiment1_20250715_155025.log
2025-07-15 15:50:31,055 - root - INFO - Connected to Web3. Default account: 0xf39Fd6e51aad88F6F4ce6aB8827279cffFb92266
2025-07-15 15:50:31,055 - root - INFO - Blockchain helper initialized.
2025-07-15 15:50:31,055 - root - INFO - Loading dataset...
2025-07-15 15:50:31,071 - root - INFO - Creating contract factory...
2025-07-15 15:50:31,074 - root - INFO - Deploying contract...
2025-07-15 15:50:31,074 - root - INFO - Deploying Certificate_Exp123...
2025-07-15 15:50:31,095 - root - INFO - Certificate_Exp123 deployed at 0x5FbDB2315678afecb367f032d93F642f64180aa3. Gas used: 620351
2025-07-15 15:50:31,095 - root - INFO - Contract deployed at 0x5FbDB2315678afecb367f032d93F642f64180aa3.
2025-07-15 15:50:31,095 - root - INFO - Authorizing deployer as an institution for 0x5FbDB2315678afecb367f032d93F642f64180aa3...
2025-07-15 15:50:31,102 - root - INFO - Authorization successful.
2025-07-15 15:50:31,102 - root - INFO - Institution authorized.
2025-07-15 15:50:31,102 - root - INFO - Starting experiment function: run_experiment_1_baseline_performance...
2025-07-15 15:50:31,102 - root - ERROR - 实验 1 运行失败: module 'simulation' has no attribute 'run_experiment_1_baseline_performance'
Traceback (most recent call last):
  File "/Users/yangzongyou/Downloads/iccip 2022/code_exp/scripts/temp_exp1.py", line 70, in <module>
    main_logic()
  File "/Users/yangzongyou/Downloads/iccip 2022/code_exp/scripts/temp_exp1.py", line 61, in main_logic
    simulation.run_experiment_1_baseline_performance(helper, contract, dataset)
    ^^^^^^^^^^^^^^^^^^^^^^^^^^^^^^^^^^^^^^^^^^^^^^^^
AttributeError: module 'simulation' has no attribute 'run_experiment_1_baseline_performance'
