2025-07-15 16:17:15,618 - root - INFO - ====== 开始运行实验 5 ======
2025-07-15 16:17:15,618 - root - INFO - Log file: /Users/yangzongyou/Downloads/iccip 2022/code_exp/log/experiment5_20250715_161715.log
2025-07-15 16:17:21,435 - root - INFO - Connected to Web3. Default account: 0xf39Fd6e51aad88F6F4ce6aB8827279cffFb92266
2025-07-15 16:17:21,435 - root - INFO - Blockchain helper initialized.
2025-07-15 16:17:21,435 - root - INFO - Creating contract factories...
2025-07-15 16:17:21,441 - root - INFO - Contract factories created.
2025-07-15 16:17:21,441 - root - INFO - Starting experiment function: run_experiment_5_revocation...
2025-07-15 16:17:21,441 - root - INFO - --- Starting Experiment 5: Revocation Mechanism ---
2025-07-15 16:17:21,469 - root - INFO - Deploying new contracts for size 1...
2025-07-15 16:17:21,470 - root - INFO - Deploying Certificate_Exp5_1...
2025-07-15 16:17:21,480 - root - INFO - Certificate_Exp5_1 deployed at 0x964E261a66C85674E6CD50cF9CbBE9011506AEBE. Gas used: 620351
2025-07-15 16:17:21,480 - root - INFO - Authorizing deployer as an institution for 0x964E261a66C85674E6CD50cF9CbBE9011506AEBE...
2025-07-15 16:17:21,486 - root - INFO - Authorization successful.
2025-07-15 16:17:21,486 - root - INFO - Deploying BaselineRevocation_Exp5_1...
2025-07-15 16:17:21,493 - root - INFO - BaselineRevocation_Exp5_1 deployed at 0xA6daEb225d47F1DD3FcAa090Eb741aEcD07806DE. Gas used: 197730
2025-07-15 16:17:21,493 - root - INFO - Testing revocation set size: 1
2025-07-15 16:17:21,493 - root - INFO - [Our Model] Issuing and revoking 1 certificates...
2025-07-15 16:17:21,520 - root - INFO - [Baseline Model] Revoking 1 certificates...
2025-07-15 16:17:21,525 - root - INFO - Measuring verification performance for size 1 (100 queries)...
2025-07-15 16:17:22,074 - root - INFO - Size 1: Verification stats collected.
2025-07-15 16:17:22,074 - root - INFO - Deploying new contracts for size 10...
2025-07-15 16:17:22,074 - root - INFO - Deploying Certificate_Exp5_10...
2025-07-15 16:17:22,081 - root - INFO - Certificate_Exp5_10 deployed at 0xfA83ab3364977eE475020a493045c19053E44EC9. Gas used: 620351
2025-07-15 16:17:22,081 - root - INFO - Authorizing deployer as an institution for 0xfA83ab3364977eE475020a493045c19053E44EC9...
2025-07-15 16:17:22,087 - root - INFO - Authorization successful.
2025-07-15 16:17:22,087 - root - INFO - Deploying BaselineRevocation_Exp5_10...
2025-07-15 16:17:22,094 - root - INFO - BaselineRevocation_Exp5_10 deployed at 0x4dbe643324D152480EdB34670F599C19E1AB44a5. Gas used: 197730
2025-07-15 16:17:22,094 - root - INFO - Testing revocation set size: 10
2025-07-15 16:17:22,094 - root - INFO - [Our Model] Issuing and revoking 10 certificates...
2025-07-15 16:17:22,194 - root - INFO - [Baseline Model] Revoking 10 certificates...
2025-07-15 16:17:22,244 - root - INFO - Measuring verification performance for size 10 (100 queries)...
2025-07-15 16:17:22,789 - root - INFO - Size 10: Verification stats collected.
2025-07-15 16:17:22,789 - root - INFO - Deploying new contracts for size 100...
2025-07-15 16:17:22,789 - root - INFO - Deploying Certificate_Exp5_100...
2025-07-15 16:17:22,797 - root - INFO - Certificate_Exp5_100 deployed at 0xb932783B57AF51F0555E811725CA4798BD1417BF. Gas used: 620351
2025-07-15 16:17:22,797 - root - INFO - Authorizing deployer as an institution for 0xb932783B57AF51F0555E811725CA4798BD1417BF...
2025-07-15 16:17:22,802 - root - INFO - Authorization successful.
2025-07-15 16:17:22,802 - root - INFO - Deploying BaselineRevocation_Exp5_100...
2025-07-15 16:17:22,831 - root - INFO - BaselineRevocation_Exp5_100 deployed at 0x672E697AA14Bc2F735162B2F9f98aB7c904E48d8. Gas used: 197730
2025-07-15 16:17:22,831 - root - INFO - Testing revocation set size: 100
2025-07-15 16:17:22,831 - root - INFO - [Our Model] Issuing and revoking 100 certificates...
2025-07-15 16:17:23,826 - root - INFO - [Baseline Model] Revoking 100 certificates...
2025-07-15 16:17:24,337 - root - INFO - Measuring verification performance for size 100 (100 queries)...
2025-07-15 16:17:24,879 - root - INFO - Size 100: Verification stats collected.
2025-07-15 16:17:24,879 - root - INFO - Deploying new contracts for size 1000...
2025-07-15 16:17:24,879 - root - INFO - Deploying Certificate_Exp5_1000...
2025-07-15 16:17:24,886 - root - INFO - Certificate_Exp5_1000 deployed at 0xA0bFeD8b0C4Fd7d5425b31A505A9C3d2344E1D16. Gas used: 620351
2025-07-15 16:17:24,886 - root - INFO - Authorizing deployer as an institution for 0xA0bFeD8b0C4Fd7d5425b31A505A9C3d2344E1D16...
2025-07-15 16:17:24,892 - root - INFO - Authorization successful.
2025-07-15 16:17:24,892 - root - INFO - Deploying BaselineRevocation_Exp5_1000...
2025-07-15 16:17:24,898 - root - INFO - BaselineRevocation_Exp5_1000 deployed at 0xAd5Ea242EB1374DB19303cfb79fA64E7b90e6a51. Gas used: 197730
2025-07-15 16:17:24,898 - root - INFO - Testing revocation set size: 1000
2025-07-15 16:17:24,898 - root - INFO - [Our Model] Issuing and revoking 1000 certificates...
2025-07-15 16:17:34,840 - root - INFO - [Baseline Model] Revoking 1000 certificates...
2025-07-15 16:17:39,781 - root - INFO - Measuring verification performance for size 1000 (100 queries)...
2025-07-15 16:17:40,328 - root - INFO - Size 1000: Verification stats collected.
2025-07-15 16:17:40,329 - root - INFO - Deploying new contracts for size 5000...
2025-07-15 16:17:40,329 - root - INFO - Deploying Certificate_Exp5_5000...
2025-07-15 16:17:40,336 - root - INFO - Certificate_Exp5_5000 deployed at 0x9c4b059914a5C1dCA528Fb01E9A9d0F5676D0Da4. Gas used: 620351
2025-07-15 16:17:40,336 - root - INFO - Authorizing deployer as an institution for 0x9c4b059914a5C1dCA528Fb01E9A9d0F5676D0Da4...
2025-07-15 16:17:40,341 - root - INFO - Authorization successful.
2025-07-15 16:17:40,341 - root - INFO - Deploying BaselineRevocation_Exp5_5000...
2025-07-15 16:17:40,348 - root - INFO - BaselineRevocation_Exp5_5000 deployed at 0x15aDB7Eb9D9B5F345389cAfDE366C6D5893Cc704. Gas used: 197730
2025-07-15 16:17:40,348 - root - INFO - Testing revocation set size: 5000
2025-07-15 16:17:40,348 - root - INFO - [Our Model] Issuing and revoking 5000 certificates...
2025-07-15 16:18:30,087 - root - INFO - [Baseline Model] Revoking 5000 certificates...
2025-07-15 16:18:54,820 - root - INFO - Measuring verification performance for size 5000 (100 queries)...
2025-07-15 16:18:55,369 - root - INFO - Size 5000: Verification stats collected.
2025-07-15 16:18:55,372 - root - INFO - Revocation mechanism efficiency results saved to /Users/yangzongyou/Downloads/iccip 2022/code_exp/data/exp5_revocation_scalability.csv
2025-07-15 16:18:55,372 - root - INFO - --- Experiment 5 Finished ---
2025-07-15 16:18:55,372 - root - INFO - ====== 实验 5 运行成功, 耗时: 99.75s ======
