Started HTTP and WebSocket JSON-RPC server at http://127.0.0.1:8546/

Accounts
========

WARNING: These accounts, and their private keys, are publicly known.
Any funds sent to them on Mainnet or any other live network WILL BE LOST.

Account #0: 0xf39Fd6e51aad88F6F4ce6aB8827279cffFb92266 (10000 ETH)
Private Key: 0xac0974bec39a17e36ba4a6b4d238ff944bacb478cbed5efcae784d7bf4f2ff80

Account #1: 0x70997970C51812dc3A010C7d01b50e0d17dc79C8 (10000 ETH)
Private Key: 0x59c6995e998f97a5a0044966f0945389dc9e86dae88c7a8412f4603b6b78690d

Account #2: 0x3C44CdDdB6a900fa2b585dd299e03d12FA4293BC (10000 ETH)
Private Key: 0x5de4111afa1a4b94908f83103eb1f1706367c2e68ca870fc3fb9a804cdab365a

Account #3: 0x90F79bf6EB2c4f870365E785982E1f101E93b906 (10000 ETH)
Private Key: 0x7c852118294e51e653712a81e05800f419141751be58f605c371e15141b007a6

Account #4: 0x15d34AAf54267DB7D7c367839AAf71A00a2C6A65 (10000 ETH)
Private Key: 0x47e179ec197488593b187f80a00eb0da91f1b9d0b13f8733639f19c30a34926a

Account #5: 0x9965507D1a55bcC2695C58ba16FB37d819B0A4dc (10000 ETH)
Private Key: 0x8b3a350cf5c34c9194ca85829a2df0ec3153be0318b5e2d3348e872092edffba

Account #6: 0x976EA74026E726554dB657fA54763abd0C3a0aa9 (10000 ETH)
Private Key: 0x92db14e403b83dfe3df233f83dfa3a0d7096f21ca9b0d6d6b8d88b2b4ec1564e

Account #7: 0x14dC79964da2C08b23698B3D3cc7Ca32193d9955 (10000 ETH)
Private Key: 0x4bbbf85ce3377467afe5d46f804f221813b2bb87f24d81f60f1fcdbf7cbf4356

Account #8: 0x23618e81E3f5cdF7f54C3d65f7FBc0aBf5B21E8f (10000 ETH)
Private Key: 0xdbda1821b80551c9d65939329250298aa3472ba22feea921c0cf5d620ea67b97

Account #9: 0xa0Ee7A142d267C1f36714E4a8F75612F20a79720 (10000 ETH)
Private Key: 0x2a871d0798f97d79848a013d4936a73bf4cc922c825d33c1cf7073dff6d409c6

Account #10: 0xBcd4042DE499D14e55001CcbB24a551F3b954096 (10000 ETH)
Private Key: 0xf214f2b2cd398c806f84e317254e0f0b801d0643303237d97a22a48e01628897

Account #11: 0x71bE63f3384f5fb98995898A86B02Fb2426c5788 (10000 ETH)
Private Key: 0x701b615bbdfb9de65240bc28bd21bbc0d996645a3dd57e7b12bc2bdf6f192c82

Account #12: 0xFABB0ac9d68B0B445fB7357272Ff202C5651694a (10000 ETH)
Private Key: 0xa267530f49f8280200edf313ee7af6b827f2a8bce2897751d06a843f644967b1

Account #13: 0x1CBd3b2770909D4e10f157cABC84C7264073C9Ec (10000 ETH)
Private Key: 0x47c99abed3324a2707c28affff1267e45918ec8c3f20b8aa892e8b065d2942dd

Account #14: 0xdF3e18d64BC6A983f673Ab319CCaE4f1a57C7097 (10000 ETH)
Private Key: 0xc526ee95bf44d8fc405a158bb884d9d1238d99f0612e9f33d006bb0789009aaa

Account #15: 0xcd3B766CCDd6AE721141F452C550Ca635964ce71 (10000 ETH)
Private Key: 0x8166f546bab6da521a8369cab06c5d2b9e46670292d85c875ee9ec20e84ffb61

Account #16: 0x2546BcD3c84621e976D8185a91A922aE77ECEc30 (10000 ETH)
Private Key: 0xea6c44ac03bff858b476bba40716402b03e41b8e97e276d1baec7c37d42484a0

Account #17: 0xbDA5747bFD65F08deb54cb465eB87D40e51B197E (10000 ETH)
Private Key: 0x689af8efa8c651a91ad287602527f3af2fe9f6501a7ac4b061667b5a93e037fd

Account #18: 0xdD2FD4581271e230360230F9337D5c0430Bf44C0 (10000 ETH)
Private Key: 0xde9be858da4a475276426320d5e9262ecfc3ba460bfac56360bfa6c4c28b4ee0

Account #19: 0x8626f6940E2eb28930eFb4CeF49B2d1F2C9C1199 (10000 ETH)
Private Key: 0xdf57089febbacf7ba0bc227dafbffa9fc08a93fdc68e1e42411a14efcf23656e

Account #20: 0x09DB0a93B389bEF724429898f539AEB7ac2Dd55f (10000 ETH)
Private Key: 0xeaa861a9a01391ed3d587d8a5a84ca56ee277629a8b02c22093a419bf240e65d

Account #21: 0x02484cb50AAC86Eae85610D6f4Bf026f30f6627D (10000 ETH)
Private Key: 0xc511b2aa70776d4ff1d376e8537903dae36896132c90b91d52c1dfbae267cd8b

Account #22: 0x08135Da0A343E492FA2d4282F2AE34c6c5CC1BbE (10000 ETH)
Private Key: 0x224b7eb7449992aac96d631d9677f7bf5888245eef6d6eeda31e62d2f29a83e4

Account #23: 0x5E661B79FE2D3F6cE70F5AAC07d8Cd9abb2743F1 (10000 ETH)
Private Key: 0x4624e0802698b9769f5bdb260a3777fbd4941ad2901f5966b854f953497eec1b

Account #24: 0x61097BA76cD906d2ba4FD106E757f7Eb455fc295 (10000 ETH)
Private Key: 0x375ad145df13ed97f8ca8e27bb21ebf2a3819e9e0a06509a812db377e533def7

Account #25: 0xDf37F81dAAD2b0327A0A50003740e1C935C70913 (10000 ETH)
Private Key: 0x18743e59419b01d1d846d97ea070b5a3368a3e7f6f0242cf497e1baac6972427

Account #26: 0x553BC17A05702530097c3677091C5BB47a3a7931 (10000 ETH)
Private Key: 0xe383b226df7c8282489889170b0f68f66af6459261f4833a781acd0804fafe7a

Account #27: 0x87BdCE72c06C21cd96219BD8521bDF1F42C78b5e (10000 ETH)
Private Key: 0xf3a6b71b94f5cd909fb2dbb287da47badaa6d8bcdc45d595e2884835d8749001

Account #28: 0x40Fc963A729c542424cD800349a7E4Ecc4896624 (10000 ETH)
Private Key: 0x4e249d317253b9641e477aba8dd5d8f1f7cf5250a5acadd1229693e262720a19

Account #29: 0x9DCCe783B6464611f38631e6C851bf441907c710 (10000 ETH)
Private Key: 0x233c86e887ac435d7f7dc64979d7758d69320906a0d340d2b6518b0fd20aa998

Account #30: 0x1BcB8e569EedAb4668e55145Cfeaf190902d3CF2 (10000 ETH)
Private Key: 0x85a74ca11529e215137ccffd9c95b2c72c5fb0295c973eb21032e823329b3d2d

Account #31: 0x8263Fce86B1b78F95Ab4dae11907d8AF88f841e7 (10000 ETH)
Private Key: 0xac8698a440d33b866b6ffe8775621ce1a4e6ebd04ab7980deb97b3d997fc64fb

Account #32: 0xcF2d5b3cBb4D7bF04e3F7bFa8e27081B52191f91 (10000 ETH)
Private Key: 0xf076539fbce50f0513c488f32bf81524d30ca7a29f400d68378cc5b1b17bc8f2

Account #33: 0x86c53Eb85D0B7548fea5C4B4F82b4205C8f6Ac18 (10000 ETH)
Private Key: 0x5544b8b2010dbdbef382d254802d856629156aba578f453a76af01b81a80104e

Account #34: 0x1aac82773CB722166D7dA0d5b0FA35B0307dD99D (10000 ETH)
Private Key: 0x47003709a0a9a4431899d4e014c1fd01c5aad19e873172538a02370a119bae11

Account #35: 0x2f4f06d218E426344CFE1A83D53dAd806994D325 (10000 ETH)
Private Key: 0x9644b39377553a920edc79a275f45fa5399cbcf030972f771d0bca8097f9aad3

Account #36: 0x1003ff39d25F2Ab16dBCc18EcE05a9B6154f65F4 (10000 ETH)
Private Key: 0xcaa7b4a2d30d1d565716199f068f69ba5df586cf32ce396744858924fdf827f0

Account #37: 0x9eAF5590f2c84912A08de97FA28d0529361Deb9E (10000 ETH)
Private Key: 0xfc5a028670e1b6381ea876dd444d3faaee96cffae6db8d93ca6141130259247c

Account #38: 0x11e8F3eA3C6FcF12EcfF2722d75CEFC539c51a1C (10000 ETH)
Private Key: 0x5b92c5fe82d4fabee0bc6d95b4b8a3f9680a0ed7801f631035528f32c9eb2ad5

Account #39: 0x7D86687F980A56b832e9378952B738b614A99dc6 (10000 ETH)
Private Key: 0xb68ac4aa2137dd31fd0732436d8e59e959bb62b4db2e6107b15f594caf0f405f

Account #40: 0x9eF6c02FB2ECc446146E05F1fF687a788a8BF76d (10000 ETH)
Private Key: 0xc95eaed402c8bd203ba04d81b35509f17d0719e3f71f40061a2ec2889bc4caa7

Account #41: 0x08A2DE6F3528319123b25935C92888B16db8913E (10000 ETH)
Private Key: 0x55afe0ab59c1f7bbd00d5531ddb834c3c0d289a4ff8f318e498cb3f004db0b53

Account #42: 0xe141C82D99D85098e03E1a1cC1CdE676556fDdE0 (10000 ETH)
Private Key: 0xc3f9b30f83d660231203f8395762fa4257fa7db32039f739630f87b8836552cc

Account #43: 0x4b23D303D9e3719D6CDf8d172Ea030F80509ea15 (10000 ETH)
Private Key: 0x3db34a7bcc6424e7eadb8e290ce6b3e1423c6e3ef482dd890a812cd3c12bbede

Account #44: 0xC004e69C5C04A223463Ff32042dd36DabF63A25a (10000 ETH)
Private Key: 0xae2daaa1ce8a70e510243a77187d2bc8da63f0186074e4a4e3a7bfae7fa0d639

Account #45: 0x5eb15C0992734B5e77c888D713b4FC67b3D679A2 (10000 ETH)
Private Key: 0x5ea5c783b615eb12be1afd2bdd9d96fae56dda0efe894da77286501fd56bac64

Account #46: 0x7Ebb637fd68c523613bE51aad27C35C4DB199B9c (10000 ETH)
Private Key: 0xf702e0ff916a5a76aaf953de7583d128c013e7f13ecee5d701b49917361c5e90

Account #47: 0x3c3E2E178C69D4baD964568415a0f0c84fd6320A (10000 ETH)
Private Key: 0x7ec49efc632757533404c2139a55b4d60d565105ca930a58709a1c52d86cf5d3

Account #48: 0x35304262b9E87C00c430149f28dD154995d01207 (10000 ETH)
Private Key: 0x755e273950f5ae64f02096ae99fe7d4f478a28afd39ef2422068ee7304c636c0

Account #49: 0xD4A1E660C916855229e1712090CcfD8a424A2E33 (10000 ETH)
Private Key: 0xaf6ecabcdbbfb2aefa8248b19d811234cd95caa51b8e59b6ffd3d4bbc2a6be4c

Account #50: 0xEe7f6A930B29d7350498Af97f0F9672EaecbeeFf (10000 ETH)
Private Key: 0x70c2bd1b41084c2e2238551eace483321f8c1a413a471c3b49c8a5d1d6b3d0c4

Account #51: 0x145e2dc5C8238d1bE628F87076A37d4a26a78544 (10000 ETH)
Private Key: 0xcb8e373c93609268cdcec93450f3578b92bb20c3ac2e77968d106025005f97b5

Account #52: 0xD6A098EbCc5f8Bd4e174D915C54486B077a34A51 (10000 ETH)
Private Key: 0x6f29f6e0b750bcdd31c3403f48f11d72215990375b6d23380b39c9bbf854a7d3

Account #53: 0x042a63149117602129B6922ecFe3111168C2C323 (10000 ETH)
Private Key: 0xff249f7eba6d8d3a65794995d724400a23d3b0bd1714265c965870ef47808be8

Account #54: 0xa0EC9eE47802CeB56eb58ce80F3E41630B771b04 (10000 ETH)
Private Key: 0x5599a7be5589682da3e0094806840e8510dae6493665a701b06c59cbe9d97968

Account #55: 0xe8B1ff302A740fD2C6e76B620d45508dAEc2DDFf (10000 ETH)
Private Key: 0x93de2205919f5b472723722fedb992e962c34d29c4caaedd82cd33e16f1fd3cf

Account #56: 0xAb707cb80e7de7C75d815B1A653433F3EEc44c74 (10000 ETH)
Private Key: 0xd20ecf81c6c3ad87a4e8dbeb7ceef41dd0eebc7a1657efb9d34e47217694b5cb

Account #57: 0x0d803cdeEe5990f22C2a8DF10A695D2312dA26CC (10000 ETH)
Private Key: 0xe4058704ed240d68a94b6fb226824734ddabd4b1fe37bc85ce22f5b17f98830e

Account #58: 0x1c87Bb9234aeC6aDc580EaE6C8B59558A4502220 (10000 ETH)
Private Key: 0x4ae4408221b5042c0ee36f6e9e6b586a00d0452aa89df2e7f4f5aec42152ec43

Account #59: 0x4779d18931B35540F84b0cd0e9633855B84df7b8 (10000 ETH)
Private Key: 0x0e7c38ba429fa5081692121c4fcf6304ca5895c6c86d31ed155b0493c516107f

Account #60: 0xC0543b0b980D8c834CBdF023b2d2A75b5f9D1909 (10000 ETH)
Private Key: 0xd5df67c2e4da3ff9c8c6045d9b7c41581efeb2a3660921ad4ba863cc4b8c211c

Account #61: 0x73B3074ac649A8dc31c2C90a124469456301a30F (10000 ETH)
Private Key: 0x92456ac1fa1ef65a04fb4689580ad5e4cda7369f3620ef3a02fa4015725f460a

Account #62: 0x265188114EB5d5536BC8654d8e9710FE72C28c4d (10000 ETH)
Private Key: 0x65b10e7d7315bb8b7f7c6eefcbd87b36ad4007c4ade9c032354f016e84ad9c5e

Account #63: 0x924Ba5Ce9f91ddED37b4ebf8c0dc82A40202fc0A (10000 ETH)
Private Key: 0x365820b3376c77dab008476d49f7cd7af87fc7bbd57dc490378106c3353b2b33

Account #64: 0x64492E25C30031EDAD55E57cEA599CDB1F06dad1 (10000 ETH)
Private Key: 0xb07579b9864bb8e69e8b6e716284ab5b5f39fe5bb57ae4c83af795a242390202

Account #65: 0x262595fa2a3A86adACDe208589614d483e3eF1C0 (10000 ETH)
Private Key: 0xbf071d2b017426fcbf763cce3b3efe3ffc9663a42c77a431df521ef6c79cacad

Account #66: 0xDFd99099Fa13541a64AEe9AAd61c0dbf3D32D492 (10000 ETH)
Private Key: 0x8bbffff1588b3c4eb8d415382546f6f6d5f0f61087c3be7c7c4d9e0d41d97258

Account #67: 0x63c3686EF31C03a641e2Ea8993A91Ea351e5891a (10000 ETH)
Private Key: 0xb658f0575a14a7ac05075cb0f8727f0aae168a091dfb32d92514d1a7c11cf498

Account #68: 0x9394cb5f737Bd3aCea7dcE90CA48DBd42801EE5d (10000 ETH)
Private Key: 0x228330af91fa515d7514cf5ac6594ab90b296cbd8ff7bc4567306aa66cacd79f

Account #69: 0x344dca30F5c5f74F2f13Dc1d48Ad3A9069d13Ad9 (10000 ETH)
Private Key: 0xe6f80f9618311c0cd58f6a3fc6621cdbf6da4a72cc42e2974c98829343e7927b

Account #70: 0xF23E054D8b4D0BECFa22DeEF5632F27f781f8bf5 (10000 ETH)
Private Key: 0x36d0435aa9a2c24d72a0aa69673b3acc2649969c38a581103df491aac6c33dd4

Account #71: 0x6d69F301d1Da5C7818B5e61EECc745b30179C68b (10000 ETH)
Private Key: 0xf3ed98f9148171cfed177aef647e8ac0e2579075f640d05d37df28e6e0551083

Account #72: 0xF0cE7BaB13C99bA0565f426508a7CD8f4C247E5a (10000 ETH)
Private Key: 0x8fc20c439fd7cf4f36217471a5db7594188540cf9997a314520a018de27544dd

Account #73: 0x011bD5423C5F77b5a0789E27f922535fd76B688F (10000 ETH)
Private Key: 0x549078aab3adafeff862b2d40b6b27756c5c4669475c3367edfb8dcf63ea1ae5

Account #74: 0xD9065f27e9b706E5F7628e067cC00B288dddbF19 (10000 ETH)
Private Key: 0xacf192decb2e4ddd8ad61693ab8edd67e3620b2ed79880ff4e1e04482c52c916

Account #75: 0x54ccCeB38251C29b628ef8B00b3cAB97e7cAc7D5 (10000 ETH)
Private Key: 0x47dc59330fb8c356ef61c55c11f9bb49ee463df50cbfe59f389de7637037b029

Account #76: 0xA1196426b41627ae75Ea7f7409E074BE97367da2 (10000 ETH)
Private Key: 0xf0050439b33fd77f7183f44375bc43a869a9880dca82a187fab9be91e020d029

Account #77: 0xE74cEf90b6CF1a77FEfAd731713e6f53e575C183 (10000 ETH)
Private Key: 0xe995cc7ea38e5c2927b97607765c2a20f4a6052d6810a3a1102e84d77c0df13b

Account #78: 0x7Df8Efa6d6F1CB5C4f36315e0AcB82b02Ae8BA40 (10000 ETH)
Private Key: 0x8232e778c8e32eddb268e12aee5e82c7bb540cc176e150d64f35ee4ae2faf2b2

Account #79: 0x9E126C57330FA71556628e0aabd6B6B6783d99fA (10000 ETH)
Private Key: 0xba8c9ff38e4179748925335a9891b969214b37dc3723a1754b8b849d3eea9ac0

Account #80: 0x586BA39027A74e8D40E6626f89Ae97bA7f616644 (10000 ETH)
Private Key: 0xe66935494406a2b7cddd5b90f0a416cd499353f9f5b16d3f53e9db79b5af315c

Account #81: 0x9A50ed082Cf2fc003152580dcDB320B834fA379E (10000 ETH)
Private Key: 0xdf1d05a0dc7ff9b702517352bbcc48cd78c4f1c8e7e0be4a7e8c9d8a01318dca

Account #82: 0xbc8183bac3E969042736f7af07f76223D11D2148 (10000 ETH)
Private Key: 0xaf905e7d181f83cf2b32316c035db8cc6dc37b8ee658a39c648a40f7f5aea732

Account #83: 0x586aF62EAe7F447D14D25f53918814e04d3A5BA4 (10000 ETH)
Private Key: 0x2e07199788560fbb67ad75c647ab4c1288c035e370cd8efd8cc98c117a9e1dbc

Account #84: 0xCcDd262f272Ee6C226266eEa13eE48D4d932Ce66 (10000 ETH)
Private Key: 0xbeab65f35a77de7af63a97748e6a3bb90372f9225ebc6e8d0f1dc14098ac683a

Account #85: 0xF0eeDDC5e015d4c459590E01Dcc2f2FD1d2baac7 (10000 ETH)
Private Key: 0x0ae04d323697ac9f6590e30ac497b8bb84ba66a3f7db8648792e92a5773c9dc7

Account #86: 0x4edFEDFf17ab9642F8464D6143900903dD21421a (10000 ETH)
Private Key: 0x7cda9d93162b809fb8474f22c724da7e9590ac3bfba54ec15bdd54953ab3e5ff

Account #87: 0x492C973C16E8aeC46f4d71716E91b05B245377C9 (10000 ETH)
Private Key: 0xf6702b85537d0a844debc36e28e409af35c683a0d968ff1a01eab8bc17542397

Account #88: 0xE5D3ab6883b7e8c35c04675F28BB992Ca1129ee4 (10000 ETH)
Private Key: 0x4034badb4e3cdf45d4032c7671a82d4967a0ce4c1bf3ddb72bf8fba38c151f6f

Account #89: 0x71F280DEA6FC5a03790941Ad72956f545FeB7a52 (10000 ETH)
Private Key: 0x967483ff906486d78577d1749000ddcee7c65f480f154fb5d9d45170f0489d33

Account #90: 0xE77478D9E136D3643cFc6fef578Abf63F9Ab91B1 (10000 ETH)
Private Key: 0x9c9186fb8f85adc661f3da56dd64e3b9a3f95b17c05ed9c6561f9ee9225da327

Account #91: 0x6C8EA11559DFE79Ae3dBDD6A67b47F61b929398f (10000 ETH)
Private Key: 0xef463dfdd318a103afeb0e4e75b3c3c0b13a681c2dc48b22bc05a949d5fa28d5

Account #92: 0x48fA7b63049A6F4E7316EB2D9c5BDdA8933BCA2f (10000 ETH)
Private Key: 0x165b52d20a0ebc82b1e87bd02e221f3a2bec6ff6f61326eea3e6180cc23ccf43

Account #93: 0x16aDfbeFdEfD488C992086D472A4CA577a0e5e54 (10000 ETH)
Private Key: 0x945ff88d4066b8f6d61eb1dbc7c31dc1ad0078b8a781e0ea7b4c4f097e62dfd3

Account #94: 0x225356FF5d64889D7364Be2c990f93a66298Ee8D (10000 ETH)
Private Key: 0x1ecfea2bcec4e5e3af2430ae90d554bc272cd7743efb66138c90840c729ebffe

Account #95: 0xcBDc0F9a4C38f1e010bD3B6e43598A55D1868c23 (10000 ETH)
Private Key: 0xa6d83a50114f5bbd5557832caf948c4f202e31e7f8dd3bffdb579bf78dc4c166

Account #96: 0xBc5BdceE96b1BC47822C74e6f64186fbA7d686be (10000 ETH)
Private Key: 0xf6b39438613b3f5dae4e84a73e90ea8a4efa0ab7b69cc532fdfe3932d20d52bb

Account #97: 0x0536896a5e38BbD59F3F369FF3682677965aBD19 (10000 ETH)
Private Key: 0x41f789906acc91db1f402d803b8537830856da0211f4ccf22f526d918b26c881

Account #98: 0xFE0f143FcAD5B561b1eD2AC960278A2F23559Ef9 (10000 ETH)
Private Key: 0xc1b5e6b1cd081956fa11c35329eeb84d31bceaf7253e84e0f90323d55065aa1f

Account #99: 0x98D08079928FcCB30598c6C6382ABfd7dbFaA1cD (10000 ETH)
Private Key: 0xa3f5fbad1692c5b72802300aefb5b760364018018ddb5fe7589a2203d0d10e60

Account #100: 0x8C3229EC621644789d7F61FAa82c6d0E5F97d43D (10000 ETH)
Private Key: 0xdae4671006c60a3619556ace98eca6f6e092948d05b13070a27ac492a4fba419

Account #101: 0x9586A4833970847aef259aD5BFB7aa8901DDf746 (10000 ETH)
Private Key: 0x13986e078393fca89aedc2ecd014df01dfbff153434c04b2e38cfedcbef710f7

Account #102: 0x0e9971c0005D91336c1441b8F03c1C4fe5FB4584 (10000 ETH)
Private Key: 0x7382cc0c1dd9fc4ff87ed969fafac4c040ebd4890d0b8fa35781524df5b15476

Account #103: 0xC4c81D5C1851702d27d602aA8ff830A7689F17cc (10000 ETH)
Private Key: 0x360e8f096c6aaec3c922df1a82a7b954b69b42bdc20a6b71b2f50438c13d2ec5

Account #104: 0x9c79357189d6aF261691ECF48de9A6bbF30438Fc (10000 ETH)
Private Key: 0x956840865a0d252ee192c683c48befc5d8432aa7b334be6cb79133cfacfcda1a

Account #105: 0xd96Eb0f2e106eA7c0a939e9C460a17ace65FeCFF (10000 ETH)
Private Key: 0x9dece36dc7cb98e2e521e85efa7417d68744f00ab93caf70ec39dc3d6b16d916

Account #106: 0x4548774216F19914493d051481FEb56246bC13f0 (10000 ETH)
Private Key: 0xc69422615b990ce3dbed91d6ed41e378ff92f0ebf23b8d18bf3db912c6797fa1

Account #107: 0xFdAA62Ea18331AFA45CC78b44DBa58d809EaB80e (10000 ETH)
Private Key: 0xbb78950939f8a5d5c0d3225d4d38cbfd7eace2c2b8347fa8ca97726cd10e486a

Account #108: 0x7D19cEa5598AccbBF0005A8EB8ed6A02C6F8aB84 (10000 ETH)
Private Key: 0x42e75fe4e54a2126d34a7e302d8dff04d888dbd434a6c690cfc2e1e3d9499c10

Account #109: 0xEaBd5094570298Ffd24e93E7af378162884611cb (10000 ETH)
Private Key: 0xb479c6ebcce0347b5a9335f52519198307f01a7c4917e6b1e93e123a77e74aff

Account #110: 0x51953940F874eFa94F92EB2d6Aed023617A07222 (10000 ETH)
Private Key: 0x9e4e3ca5a15203ef569824c74164789921d372c12b83f1aeba7d4e096a8338fd

Account #111: 0x6813ae1FC15E995230C05D4480d50219Bb635F15 (10000 ETH)
Private Key: 0x3659cf616cb9eff3ecdd1ce36221a3744df6deb907007dc2ad4330dc66aa2d13

Account #112: 0x11c9CFEc77102a7C903a2D2319c79E7b0BBC9235 (10000 ETH)
Private Key: 0x23fe537a715500e8edf9a949d1a5894fd5296a257b412e6f7e598b22bc62b060

Account #113: 0xBE9086f1A38740F297F6347B531732541289b220 (10000 ETH)
Private Key: 0xf1a9dd9e1f43e6832b9950520b8fe73203d14f171cb5b07dceb0d3090878045f

Account #114: 0xD4Db664B707353422b1Ffc94038cDD0a7D074D51 (10000 ETH)
Private Key: 0x2130940937fb474f9a6ac3ea114536c5d693ae1f918bec1e33e98de810db312e

Account #115: 0x11Ba29fE987adDFa480FfEcf3d98B26630917a78 (10000 ETH)
Private Key: 0x755e7b431c9224a9d798e1c03d0f8d7084486aeee98ab8ea87d4538a502a73c8

Account #116: 0xFFd57510605b4F47A58576ccC059aB8882C7eA00 (10000 ETH)
Private Key: 0x914a73ad0b138eedf80704f9ccd81be56f33bbd5f8b371c82de3b6b6a5a23ff7

Account #117: 0x83781Cf2371117aAc856621805FB83c9ca439BAd (10000 ETH)
Private Key: 0xf40eb48d6b4964072dad455aadf0f84e94d00a19695865bbe226f9b560c9ed76

Account #118: 0x2Bac2e5a4f39c32eD16205591Ba26e307414cA9E (10000 ETH)
Private Key: 0x69fcf89b49fb124ae6f6004a7028184cc8620f1d6e9daa9f97098ef693a03f80

Account #119: 0x8D86EF40df93B1b3822bf996B972bA53E79C07c9 (10000 ETH)
Private Key: 0xcb926b6ec105a6c4a04a64dd1edab6b2a52c4ad5ec91ea1155ed80e43d4b5753

Account #120: 0xc9DB8bec097C2CbdcE109e03A36f98a87E04ffEf (10000 ETH)
Private Key: 0xeb949ffe81c4e6f9c0802eb23f2352143584e124420c529f7f36e99a4388f8dd

Account #121: 0x925EB78bEb9a84cf88dc92DF5f2FE7bF33b40104 (10000 ETH)
Private Key: 0xe1c267d388404c17aa37690dd952df1f92d77cafd9586a8f1ec55bcb76a7bd72

Account #122: 0x5061a633977476e18B99423Ac51C6Df50621a597 (10000 ETH)
Private Key: 0xc6c3aac097ed6d31631dfa9e90afcfc017fe3bebdc2a25228b76cc89ea2329e2

Account #123: 0x46655f18cC741152515f0d843AD4355b4AD23377 (10000 ETH)
Private Key: 0xcdfe2ef67fba32ae8f2eaef3404b9326e497856c95a7e892b5cd14d6c0db9bba

Account #124: 0x012af9b68f94FE212705B708Cb69b53508D522a2 (10000 ETH)
Private Key: 0x4e2860f6001eda84086f8334a1fb30c9f7da9a9945cf477d07da504a40a3ffaa

Account #125: 0x87194239f32f33d74C99B2545032623B32e3F795 (10000 ETH)
Private Key: 0xe8a11992568a8a9f8ef966dc68237833fc726d4c78718c0aba510b029dab86e5

Account #126: 0x0149aF4613AA457765d23a38D62685a9623AEf35 (10000 ETH)
Private Key: 0xd7cb3084b252751f5a6a3ec06a267451d390724fdb3f572560d998af8d00dae0

Account #127: 0xBCcA9EcB933Db2481111102E73c61C7c7C4e2366 (10000 ETH)
Private Key: 0x9e56ccf010fa4073274b8177ccaad46fbaf286645310d03ac9bb6afa922a7c36

Account #128: 0x20a6250c2cb9B6828ce0B16e09B950E7d0d0556d (10000 ETH)
Private Key: 0x3485433f309a15382a616266b0d9bcad7bfd94026f51ddf226a9b2c01100753f

Account #129: 0x99F25BC68A4a0D6c9fCaA795d6f8cA738468f679 (10000 ETH)
Private Key: 0xff95c96bf8aeb045cb4412b6a5790ee415ac56cdb2f793d3d39ed2b99bf36d7b

Account #130: 0x2c7D914a1801242017Bd00aBC5A02452e1305C63 (10000 ETH)
Private Key: 0x04aa05e0090ecde1658293ac3c2e2e5815d12b3eea881c4f3a03f438d5702550

Account #131: 0x5a3A245E0523B2728ec8D914358E33671e27872d (10000 ETH)
Private Key: 0x3fb3e3897798d4aeef73cd15a4fcc08589aaabec2d2ae8edd9aa0af4de818d51

Account #132: 0x3E13F655ce1CBC382e3e09b17266f5Ca1326F567 (10000 ETH)
Private Key: 0x8a9c0a6175796266811b71b781b5e904ddf2667577821f1ea771a095b34d1e2d

Account #133: 0x148B4D43A550d74b82eA435dA0007a7B1048D714 (10000 ETH)
Private Key: 0x3f3902b5229286a6ae7aab0accae2f75fb3350b009c6a3dcef9010fa7fd88f86

Account #134: 0xC8014C948758904edbeAD506B08941919261561B (10000 ETH)
Private Key: 0x9f3164decddb563079c43f281edc6fafdb6cbbaf5fcae2d94bc061ac5db1198b

Account #135: 0x09bE20D14fc2BAb7bA84984c5AEBd43b6a37D36E (10000 ETH)
Private Key: 0x5e32a6927be49af4d1dec605e1f0fd82a43e8f63b44ba44358c70f289c10f5dc

Account #136: 0x527601C75277B9823fe4eb7D95Bf34da6C0C602b (10000 ETH)
Private Key: 0x1a04c0b38b8a2f5cc7069a246ce237601dfb10e35dd5d7742d115333950bbc9e

Account #137: 0xf88c5937F7EcE778c39cE149E9A863043Ec8Cb9C (10000 ETH)
Private Key: 0x6f9ea5387d5fd341163fd5953fc1905c9fc45934455ab72376d65875218fb52b

Account #138: 0xb938cfBDB5F0B5eFEA6E4e18e39390BfEeb47722 (10000 ETH)
Private Key: 0x49a4c2edb2ed23bcb545dfe29e66aedf7bee22c34ab2985570cf0bead212a872

Account #139: 0x902D6954691BC8f78202B84bcec7fc0cee8FC83E (10000 ETH)
Private Key: 0xcdefba1d86c5dba7e79045d3d9651c93ff2a9a6e04c19840b319943cf69abbf2

Account #140: 0xb24e6C5d01d14be3918ed712aCe1b2f7F2Bef53a (10000 ETH)
Private Key: 0x00d0d1d0ad58ae173096d9c2ce22a3afaa6b7bfd2303e02b5be06ba14166287d

Account #141: 0xFaF513321611B74ca918dF250d6ac38d43ab57f8 (10000 ETH)
Private Key: 0xe85a4387a8dd7dacc0c10fdc8179c47bb8c3e95bc9a4e16d23c3f24c075240c3

Account #142: 0xA576e67c260B90f667E136AF1BEB9513859c6dC2 (10000 ETH)
Private Key: 0x753cac0a8953fe9586774347cf976bbd0c20a9b20d0673fab24c70f22968ebec

Account #143: 0x110958850E5bfe54CeBA0a87b1cF7671c501dA95 (10000 ETH)
Private Key: 0xefba72e89d0c50b6482d5ebee569d535d9b8ec36c894d5cdb2ce6865424c2fb7

Account #144: 0x0d56282A479497840F27CE4e248616BBdBAFF881 (10000 ETH)
Private Key: 0x07e224a335ad28bd1bd1720fc8a7dbc5b21e405e9b404ad2b4d4b861546769d6

Account #145: 0x7F70da265d37eDCD337b0Df314C3E2208371dDA9 (10000 ETH)
Private Key: 0x248cc6dbf36ea49bd5201d32284d9434a3b40d4c627f65703337dd5d208faae9

Account #146: 0x09C1E3F7d9b6070eeB26Ac74Df33cCe0C5d858f5 (10000 ETH)
Private Key: 0xa12a5b6a7a870cfac5c2fce0e27a8a2aef0b2bd885e20bd74b0920788f8354d0

Account #147: 0x00297d0b6404D57C0fa9a3D3a6998Ef28623444B (10000 ETH)
Private Key: 0xa92912c2bfcacf51e9553895d7f534df8de94a6736a1720afb901f79e75eab7d

Account #148: 0x50a7E8CBecaa992ff5b77289Ae3227C9F2cABd9c (10000 ETH)
Private Key: 0xe0d22c53f9ca377cc7efbb6d1cc5a7f4889a835fc6d45a0246813148bbfdd1f8

Account #149: 0x838D1153557025efb2867d12b2AdFe151aC41693 (10000 ETH)
Private Key: 0x55b54cb79a181a07c1d2a21434367e87d300e79e1250fe3d7b1177f557168771

Account #150: 0x280b23F871E8679970CeC204Bc67d19840CEfeD0 (10000 ETH)
Private Key: 0x2dfb47b1acdb34494d130cca790c19a7ad0f9b4561c3e184b3a20b1ace7ede04

Account #151: 0x5F5622BaBB2c7cD60867Ca41aC86122Abb561449 (10000 ETH)
Private Key: 0x1d5350cbc0d917dde29e4b5c68c0d4f22954eb5c59b323628942eecc20f0c879

Account #152: 0xD597A7E5D9eee71843B25347f9091E42Db30C2D2 (10000 ETH)
Private Key: 0xc61541515527c1d8c39176526df74ac1cb020de2fb977310e0871a4d2bc2b959

Account #153: 0x100dD58b96152C9d99232920c97a7de1238d3043 (10000 ETH)
Private Key: 0xabb054f51848310ba938942e7ed31625ba8e7f660726ad52309c048a5bcd2f2d

Account #154: 0xE8dFC1532693FF0AeFe7BEE264289806deAB3Fe3 (10000 ETH)
Private Key: 0x4709c005ae2609eaf81911438cf2f5c6b80d46af4821b703b05f2a17dd0d5394

Account #155: 0x865cF0101F6E34D47a9A4EEB0d39a5dC8fAEd566 (10000 ETH)
Private Key: 0x5a470f4130a4cbc39a808fc82e4c44af94ba8eada0c8300254828d3ce0052ec8

Account #156: 0xFae5D89c5b24B1Fb8B86ED9656558CD980d01C43 (10000 ETH)
Private Key: 0x523bf92cf62b4f8dca313c494727bd3d2777f1d5dc1cc09eeae8a730015d8bf7

Account #157: 0x50FC8E8d9b5E9D3DF14919c1Df634b0F2311538A (10000 ETH)
Private Key: 0x8ab60b0289efe597a1c0536241f1f86a0ef950e0a1da7169f8fd39242a4a9a31

Account #158: 0x1848543e04A38dF7dEEf7Dfd346eFFb4f059a849 (10000 ETH)
Private Key: 0x18d11eb51348341cb7d787e2174a8f0b2a76557ea03dddc13055ca206fdca55e

Account #159: 0x80B8494D411e67c830C34c72B2aadf4D405AbDf0 (10000 ETH)
Private Key: 0x21a71648ac75efde8c23180ebbcfe36b3d4d46b83951d22db77f11059d592698

Account #160: 0x3961e9553D9E7aae3B6b497F92966a46D467C823 (10000 ETH)
Private Key: 0x2b1fe903563f40b41b5a800000473d4b84a23ac8d2f8bed1c9fece936fe46495

Account #161: 0xd62Dc0f62c5c3b98c75ce130E78A5Bdc0021daD8 (10000 ETH)
Private Key: 0xe7d5b09518f7c5d945f8861d4c554ff93633c609d5cb109e0c012bfcc272ab88

Account #162: 0xba2Ef8C82FdF88ac9ca4163b7cAb1A0628d6b936 (10000 ETH)
Private Key: 0x35e66144e44e2afea7a0d2870f7a66c59455145026e8744cfac3c895f603d8ed

Account #163: 0xE15B6c968d11723E5454894946DCF78E9eF18D42 (10000 ETH)
Private Key: 0xdda3dfedc05d88c00d8c304f01be4d566066c553d0d4dae1c582ac1212066271

Account #164: 0xb65aD69852c853f323e5EEF1bf8a1Fb4C77E4765 (10000 ETH)
Private Key: 0x5a855ed2296b386ff056ec8917e5037115df187ab13a4c535a346ef5ed89ab32

Account #165: 0x1ac9A50e9AaBadBede678a65D32F7cf58F2c1d85 (10000 ETH)
Private Key: 0x09e60e0e5cbcf0b58e88a6506d0d3c24cd2210ea93a2d4f5abedbac3f7059262

Account #166: 0x7233f2a928ED28AFb4A323BeCCE6F59712233A77 (10000 ETH)
Private Key: 0x11c9d25faf75494ceba12b9e259ef63246976e3cd37b22c1fdbd0f40f4883e55

Account #167: 0x88709c5A505d024368144D0Aa5e142ce238962cf (10000 ETH)
Private Key: 0x51bc341f9bd42cd0649ad2ff30862a2b70fd308553625fbb782fe7f58d0a8f7f

Account #168: 0x0d3C1E9bb0DfDf2ebe674f3ee0C00E944C53FDAb (10000 ETH)
Private Key: 0x61d202fc3d2a61588817438a07bde05f85fd8e3b09002e115459ef0dcdeb2b83

Account #169: 0x62953a71c4d29c602F88c456e91a5f7Eecf7fcDE (10000 ETH)
Private Key: 0x8f24fe8d528bf343ee224bc92d90f628dd1f1caed30bafd93ae749cdd721497d

Account #170: 0x4d24dBC55231CEAF86b87F6cA71167bd94577936 (10000 ETH)
Private Key: 0xe13548a057b4901d0ab7bb68b0ba101ef4333329237fe176bb262326c2cc8216

Account #171: 0x90c416e481f9944dd7afE0aA0e78e16780580bAC (10000 ETH)
Private Key: 0x4102e6bb1b9b329dc4cf3a47ec54fee3d5d40a2f79509434558dad396e6979fa

Account #172: 0x4f822bb4fAC4B2b6630bdF412E8158c15bd65aae (10000 ETH)
Private Key: 0x60b5e1ced01781ce3c52b5b9e9b83f62087518dc3010401a5e7a2bae1fea5300

Account #173: 0xB4076feC6a847622581cdfe9a8381e6e6168f597 (10000 ETH)
Private Key: 0xbbb1c2d826ff4a62fe8b5f63173c8ad9bfe3eb8c0ff2f5a000dd61fdf5d7c531

Account #174: 0x9c6550109D19a9a9B4568FD63b633F162588A53f (10000 ETH)
Private Key: 0x2455397264eba7ebbecc7699d8b42b6b3d5e40e4c56b7004d906e230db65a348

Account #175: 0x450c8C20E62E0d6D91456A79367cC9dBEbB03272 (10000 ETH)
Private Key: 0x6816e277a0be663d9d6bafe325bb2b712f2fb7c1f0415abf469e9f98abee02c6

Account #176: 0xd85B3541370346B99F5C43B1848eB82BbB2ec3b7 (10000 ETH)
Private Key: 0xbcb94b7ff4b6be5002cd0e2ebb57293f8d3c4b3209dd3892dfade5e1b806b1fa

Account #177: 0x82E6e9473928d3108cC891D27B533914e014A8BD (10000 ETH)
Private Key: 0x426bf37e40f77275c5f293e490b7806dc82509c9fc2bd044f509485ca6a932c2

Account #178: 0x21b3De814B091aAaA340550d24440709E32e0c06 (10000 ETH)
Private Key: 0xe80693ebd618626ae88e349d3d8798ac2745a1a82ea56ec42cc85ec59f7b82b6

Account #179: 0xA521BAC16af43F2E9A82Cd9BB4F5E328863EC6ac (10000 ETH)
Private Key: 0xcbd9a89c258df6c08135bdd2770a92a3b0bc5a42dc08f285f091f1b244e1d065

Account #180: 0xb669e9eCc9132c03B0708e9da76A4f00a30A935b (10000 ETH)
Private Key: 0x9e8480dcd0e2a35ee4716269ff9b4426791547c805af603dbe6b2a0ef011fb50

Account #181: 0x33B1ce5357959ec0043e0d77556a5093AB347862 (10000 ETH)
Private Key: 0x0d6b9e5f22ceeb524cfd976fdd907e2c8f4165fb2dc9295dca968062852357af

Account #182: 0x9818DBC159BCC58C7feA87E82E738BDb0fcF03F8 (10000 ETH)
Private Key: 0xd051f407a61ba9538518a2d99cef2116f23fd5db9711e063318932c3bff42104

Account #183: 0x38421c898cfC5883ddCEC1247EA3f7Ff087Dd6ca (10000 ETH)
Private Key: 0xe444a661e2860b70afce0f6f065526889d6312dec69531968eb6dada85daf40d

Account #184: 0xe27fF38C1Edeb794ac38867D15620F63f12159e3 (10000 ETH)
Private Key: 0x7e75b3d870b9ba859e6759d022ce47c66b3d4c2a47f0c11c966505480d52eccf

Account #185: 0x5eA56c35eB281Ce7810faBFA793dd57482d4C913 (10000 ETH)
Private Key: 0x59fb80a4096fb2213fb731a96d05a69e9fd5c911d3205293985a9b29439f8ca1

Account #186: 0xD9594d67fe240c37508Be5038443D8D4596EFCE0 (10000 ETH)
Private Key: 0xc5d528b6283bc8f870b68a38631781d651ff8535a914995a1a938c70bdf0fc97

Account #187: 0x6e26847B83DdAc8a8aA689a441c5Bf168ee5342C (10000 ETH)
Private Key: 0x326c946bae242b0f2a633d339d1e701d49c1407c7d6a5e77c7138ab22b8cffe9

Account #188: 0x0695FdDF2154cc8f097DB36c4bbde79265D0Ad71 (10000 ETH)
Private Key: 0x7f22821ffee838e4bc689997cabadfc9758c809f61c1e74da0cc693a41b933c9

Account #189: 0xEd77fBD612b5E88a0De4BbB369F90278B87e887A (10000 ETH)
Private Key: 0xa33206e4347f28befe79dfcaa0472cb480fcac201b06779f01dc9ef9200304d3

Account #190: 0xc642A4b180CCBD0BEaC32d221c6faa1b7890B905 (10000 ETH)
Private Key: 0x426275d2d7f49348c074458839945c85fbdfafdb4786570c0493125d9d70081e

Account #191: 0xCd2AFcCd6EA22a59235FD99260754A5Df136a22b (10000 ETH)
Private Key: 0x43f9da23c2b3934c017c4e995d427ae5b3aa5db231467ef5211bf6d35eea3924

Account #192: 0x4Daf3470DBA87DA934D22048ef416D6428EFFd1A (10000 ETH)
Private Key: 0x98c322422fcb314e45c4302f68907f19b6071d4e0f40ab2fdae518e443a63a1e

Account #193: 0xcD4d0C621B577FC6477B83Fb3e4653668bb3F4C2 (10000 ETH)
Private Key: 0x747ebfee29d69c5f7104aeffef639c3e33bba755e6c893a4e3403239d9079001

Account #194: 0x2557794Bf452ec0a9cB923B03b2D2fb550E17357 (10000 ETH)
Private Key: 0xd27798744baaa809fb04fa587023a3f80dfae7a9f6a2978d1fad89571d84d478

Account #195: 0x477763584467fEeAD3B77E0623Ec04153552D3bb (10000 ETH)
Private Key: 0x315af7e67ccb8057a7a3042819b23f54c0cb363d3f7940eb94c31cb96fe76c11

Account #196: 0xA36362a58bB0B52932fa8B23733b459A6a242D65 (10000 ETH)
Private Key: 0x69c8ddd795b4c62ed26f47378cc6cacf756da820141e266adf88f5030b70ebae

Account #197: 0xfaeb6d74bf4AA6fa096EC02f4C8C0a6C4EA6598D (10000 ETH)
Private Key: 0xc3b3069db55f91b22d6ee2c5a6ef1abb5496459b31c0c8b99f8144b250bf4741

Account #198: 0x67Bc83836777dbAe169CFf9CB31a5d2bEAdEeCAb (10000 ETH)
Private Key: 0x137de7434b515433963e00d1a603ad183ebd6cc544c69da5434adbe4ed661a9a

Account #199: 0xe2abD1E57c8D6f0D21645a8a0Af6C4251a4395f5 (10000 ETH)
Private Key: 0x82a73fdc29a4efc87a00e5481c5487a805aa9d5a61899916f33c7c64c3ba39e6

WARNING: These accounts, and their private keys, are publicly known.
Any funds sent to them on Mainnet or any other live network WILL BE LOST.

[32meth_blockNumber[0m
[32meth_blockNumber (2)[0m
[32meth_blockNumber (3)[0m
[32meth_blockNumber (4)[0m
[32meth_blockNumber (5)[0m
[32meth_blockNumber (6)[0m
[32meth_blockNumber (7)[0m
[32meth_blockNumber (8)[0m
[32meth_blockNumber (9)[0m
[32meth_blockNumber (10)[0m
[32meth_blockNumber (11)[0m
[32meth_blockNumber (12)[0m
[32meth_blockNumber (13)[0m
[32meth_blockNumber (14)[0m
[32meth_blockNumber (15)[0m
[32meth_blockNumber (16)[0m
[32meth_blockNumber (17)[0m
[32meth_blockNumber (18)[0m
[32meth_blockNumber (19)[0m
[32meth_blockNumber (20)[0m
[32meth_blockNumber (21)[0m
[32meth_blockNumber (22)[0m
[32meth_blockNumber (23)[0m
[32meth_blockNumber (24)[0m
[32meth_blockNumber (25)[0m
[32meth_chainId[0m
[32meth_call[0m
  WARNING: Calling an account which is not a contract
  From: 0xf39fd6e51aad88f6f4ce6ab8827279cfffb92266
  To:   0x5fbdb2315678afecb367f032d93f642f64180aa3

[32meth_getCode[0m
[32meth_chainId[0m
[32meth_call[0m
  WARNING: Calling an account which is not a contract
  From: 0xf39fd6e51aad88f6f4ce6ab8827279cfffb92266
  To:   0x5fbdb2315678afecb367f032d93f642f64180aa3

[32meth_getCode[0m
[32meth_chainId[0m
[32meth_call[0m
  WARNING: Calling an account which is not a contract
  From: 0xf39fd6e51aad88f6f4ce6ab8827279cfffb92266
  To:   0x5fbdb2315678afecb367f032d93f642f64180aa3

[32meth_getCode[0m
[32meth_chainId[0m
[32meth_call[0m
  WARNING: Calling an account which is not a contract
  From: 0xf39fd6e51aad88f6f4ce6ab8827279cfffb92266
  To:   0x5fbdb2315678afecb367f032d93f642f64180aa3

[32meth_getCode[0m
[32meth_chainId[0m
[32meth_call[0m
  WARNING: Calling an account which is not a contract
  From: 0xf39fd6e51aad88f6f4ce6ab8827279cfffb92266
  To:   0x5fbdb2315678afecb367f032d93f642f64180aa3

[32meth_getCode[0m
[32meth_blockNumber[0m
