2025-07-15 10:35:29,986 - INFO - ====== 开始分别运行所有实验 ======
2025-07-15 10:35:29,987 - INFO - 步骤1: 生成证书数据集
2025-07-15 10:35:29,987 - INFO - 运行命令：['python', 'generate_dataset.py'] (CWD: /Users/yangzongyou/Downloads/iccip 2022/code_exp/scripts)
2025-07-15 10:35:38,888 - INFO - 命令成功完成：['python', 'generate_dataset.py']
2025-07-15 10:35:38,888 - INFO - 步骤2: 检查Hardhat节点
2025-07-15 10:35:38,891 - INFO - Hardhat节点已在运行
2025-07-15 10:35:38,891 - INFO - 运行 实验1: 基础性能评估
2025-07-15 10:35:38,891 - INFO - 运行实验1 - 基础性能评估
2025-07-15 10:35:38,891 - INFO - 运行命令：['python', 'temp_exp1.py'] (CWD: /Users/yangzongyou/Downloads/iccip 2022/code_exp/scripts)
2025-07-15 10:35:40,388 - ERROR - 命令执行失败：['python', 'temp_exp1.py']
2025-07-15 10:35:40,388 - ERROR - 错误输出：Traceback (most recent call last):
  File "/Users/yangzongyou/Downloads/iccip 2022/code_exp/scripts/temp_exp1.py", line 27, in <module>
    from contract_factory import get_certificate_factory, get_baseline_revocation_factory, get_certificate_onchain_factory
ModuleNotFoundError: No module named 'contract_factory'

2025-07-15 10:35:40,388 - ERROR - 实验1: 基础性能评估 运行失败，继续下一个实验
2025-07-15 10:35:40,388 - INFO - 运行 实验2: 吞吐量分析
2025-07-15 10:35:40,388 - INFO - 运行实验2 - 吸吐量分析
2025-07-15 10:35:40,389 - INFO - 运行命令：['python', 'temp_exp2.py'] (CWD: /Users/yangzongyou/Downloads/iccip 2022/code_exp/scripts)
2025-07-15 10:35:41,176 - ERROR - 命令执行失败：['python', 'temp_exp2.py']
2025-07-15 10:35:41,177 - ERROR - 错误输出：Traceback (most recent call last):
  File "/Users/yangzongyou/Downloads/iccip 2022/code_exp/scripts/temp_exp2.py", line 27, in <module>
    from contract_factory import get_certificate_factory, get_baseline_revocation_factory, get_certificate_onchain_factory
ModuleNotFoundError: No module named 'contract_factory'

2025-07-15 10:35:41,177 - ERROR - 实验2: 吞吐量分析 运行失败，继续下一个实验
2025-07-15 10:35:41,177 - INFO - 运行 实验3: 可扩展性分析
2025-07-15 10:35:41,177 - INFO - 运行实验3 - 可扩展性测试
2025-07-15 10:35:41,177 - INFO - 运行命令：['python', 'temp_exp3.py'] (CWD: /Users/yangzongyou/Downloads/iccip 2022/code_exp/scripts)
2025-07-15 10:35:41,902 - ERROR - 命令执行失败：['python', 'temp_exp3.py']
2025-07-15 10:35:41,902 - ERROR - 错误输出：Traceback (most recent call last):
  File "/Users/yangzongyou/Downloads/iccip 2022/code_exp/scripts/temp_exp3.py", line 27, in <module>
    from contract_factory import get_certificate_factory, get_baseline_revocation_factory, get_certificate_onchain_factory
ModuleNotFoundError: No module named 'contract_factory'

2025-07-15 10:35:41,902 - ERROR - 实验3: 可扩展性分析 运行失败，继续下一个实验
2025-07-15 10:35:41,902 - INFO - 运行 实验4: 存储成本对比分析
2025-07-15 10:35:41,902 - INFO - 运行实验4 - 存储成本对比分析
2025-07-15 10:35:41,902 - INFO - 运行命令：['python', 'temp_exp4.py'] (CWD: /Users/yangzongyou/Downloads/iccip 2022/code_exp/scripts)
2025-07-15 10:35:42,674 - ERROR - 命令执行失败：['python', 'temp_exp4.py']
2025-07-15 10:35:42,674 - ERROR - 错误输出：Traceback (most recent call last):
  File "/Users/yangzongyou/Downloads/iccip 2022/code_exp/scripts/temp_exp4.py", line 27, in <module>
    from contract_factory import get_certificate_factory, get_baseline_revocation_factory, get_certificate_onchain_factory
ModuleNotFoundError: No module named 'contract_factory'

2025-07-15 10:35:42,674 - ERROR - 实验4: 存储成本对比分析 运行失败，继续下一个实验
2025-07-15 10:35:42,674 - INFO - 运行 实验5: 撤销机制效率分析
2025-07-15 10:35:42,674 - INFO - 运行实验5 - 撤销机制效率分析
2025-07-15 10:35:42,674 - INFO - 运行命令：['python', 'temp_exp5.py'] (CWD: /Users/yangzongyou/Downloads/iccip 2022/code_exp/scripts)
2025-07-15 10:35:43,405 - ERROR - 命令执行失败：['python', 'temp_exp5.py']
2025-07-15 10:35:43,405 - ERROR - 错误输出：Traceback (most recent call last):
  File "/Users/yangzongyou/Downloads/iccip 2022/code_exp/scripts/temp_exp5.py", line 27, in <module>
    from contract_factory import get_certificate_factory, get_baseline_revocation_factory, get_certificate_onchain_factory
ModuleNotFoundError: No module named 'contract_factory'

2025-07-15 10:35:43,405 - ERROR - 实验5: 撤销机制效率分析 运行失败，继续下一个实验
2025-07-15 10:35:43,405 - INFO - 运行 实验6: 节点故障恢复测试
2025-07-15 10:35:43,405 - INFO - 运行实验6 - 节点故障恢复测试
2025-07-15 10:35:43,405 - INFO - 运行命令：['python', '/Users/yangzongyou/Downloads/iccip 2022/code_exp/scripts/run_fault_test.py'] (CWD: /Users/yangzongyou/Downloads/iccip 2022/code_exp)
2025-07-15 10:38:12,125 - INFO - 命令成功完成：['python', '/Users/yangzongyou/Downloads/iccip 2022/code_exp/scripts/run_fault_test.py']
2025-07-15 10:38:12,126 - INFO - 实验6: 节点故障恢复测试 运行成功
2025-07-15 10:38:12,126 - INFO - 分析所有实验结果
2025-07-15 10:38:12,126 - INFO - 分析所有实验结果
2025-07-15 10:38:12,126 - INFO - 运行命令：['python', 'analyze_results.py'] (CWD: /Users/yangzongyou/Downloads/iccip 2022/code_exp/scripts)
2025-07-15 10:38:13,304 - INFO - 命令成功完成：['python', 'analyze_results.py']
2025-07-15 10:38:13,304 - INFO - 运行命令：['python', 'analyze_fault_tolerance.py'] (CWD: /Users/yangzongyou/Downloads/iccip 2022/code_exp/scripts)
2025-07-15 10:38:13,963 - INFO - 命令成功完成：['python', 'analyze_fault_tolerance.py']
2025-07-15 10:38:13,963 - INFO - 实验结果分析成功
2025-07-15 10:38:13,963 - INFO - ====== 所有实验运行完成 ======
2025-07-15 10:38:13,963 - INFO - 请查看 data/ 目录和 analysis/ 目录获取实验结果和分析
