2025-07-15 14:17:33,421 - INFO - ====== 开始分别运行所有实验 ======
2025-07-15 14:17:33,421 - INFO - 步骤1: 生成证书数据集
2025-07-15 14:17:33,421 - INFO - 运行命令：['python', 'generate_dataset.py'] (CWD: /Users/yangzongyou/Downloads/iccip 2022/code_exp/scripts)
2025-07-15 14:17:40,552 - INFO - 命令成功完成：['python', 'generate_dataset.py']
2025-07-15 14:17:40,552 - INFO - 步骤2: 检查Hardhat节点
2025-07-15 14:17:40,554 - INFO - Hardhat节点未运行，正在启动...
2025-07-15 14:17:50,558 - INFO - Hardhat节点已成功启动
2025-07-15 14:17:50,559 - INFO - 运行 实验5: 撤销机制效率分析
2025-07-15 14:17:50,559 - INFO - 运行实验5 - 撤销机制效率分析
2025-07-15 14:17:50,560 - INFO - 运行命令：['python', 'temp_exp5.py'] (CWD: /Users/yangzongyou/Downloads/iccip 2022/code_exp/scripts)
2025-07-15 14:17:51,808 - ERROR - 命令执行失败：['python', 'temp_exp5.py']
2025-07-15 14:17:51,808 - ERROR - 错误输出：2025-07-15 14:17:51,695 - INFO - ====== 开始运行实验 5 ======
2025-07-15 14:17:51,695 - INFO - Log file: /Users/yangzongyou/Downloads/iccip 2022/code_exp/log/experiment5_20250715_141751.log
2025-07-15 14:17:51,695 - ERROR - 实验 5 运行失败: name 'textwrap' is not defined
Traceback (most recent call last):
  File "/Users/yangzongyou/Downloads/iccip 2022/code_exp/scripts/temp_exp5.py", line 36, in <module>
    indented_code = textwrap.indent(init_and_call_code, '    ')
                    ^^^^^^^^
NameError: name 'textwrap' is not defined

2025-07-15 14:17:51,808 - ERROR - 实验5: 撤销机制效率分析 运行失败，继续下一个实验
2025-07-15 14:17:56,813 - INFO - 运行 实验6: 节点故障恢复测试
2025-07-15 14:17:56,813 - INFO - 运行实验6 - 节点故障恢复测试
2025-07-15 14:17:56,814 - INFO - 运行命令：['python', '/Users/yangzongyou/Downloads/iccip 2022/code_exp/scripts/run_fault_test.py'] (CWD: /Users/yangzongyou/Downloads/iccip 2022/code_exp)
2025-07-15 14:24:48,136 - INFO - 命令成功完成：['python', '/Users/yangzongyou/Downloads/iccip 2022/code_exp/scripts/run_fault_test.py']
2025-07-15 14:24:48,136 - INFO - 实验6: 节点故障恢复测试 运行成功
2025-07-15 14:24:48,136 - INFO - 分析所有实验结果
2025-07-15 14:24:48,136 - INFO - 分析所有实验结果
2025-07-15 14:24:48,136 - INFO - 运行命令：['python', 'analyze_results.py'] (CWD: /Users/yangzongyou/Downloads/iccip 2022/code_exp/scripts)
2025-07-15 14:24:52,047 - INFO - 命令成功完成：['python', 'analyze_results.py']
2025-07-15 14:24:52,047 - INFO - 运行命令：['python', 'analyze_fault_tolerance.py'] (CWD: /Users/yangzongyou/Downloads/iccip 2022/code_exp/scripts)
2025-07-15 14:24:53,238 - INFO - 命令成功完成：['python', 'analyze_fault_tolerance.py']
2025-07-15 14:24:53,238 - INFO - 实验结果分析成功
2025-07-15 14:24:53,238 - INFO - Hardhat节点已关闭
2025-07-15 14:24:53,238 - INFO - ====== 所有实验运行完成 ======
2025-07-15 14:24:53,238 - INFO - 请查看 data/ 目录和 analysis/ 目录获取实验结果和分析
