2025-07-15 14:55:45,862 - INFO - ====== 开始分别运行所有实验 ======
2025-07-15 14:55:45,862 - INFO - 步骤1: 生成证书数据集
2025-07-15 14:55:45,862 - INFO - 运行命令：['python', 'generate_dataset.py'] (CWD: /Users/yangzongyou/Downloads/iccip 2022/code_exp/scripts)
2025-07-15 14:55:52,915 - INFO - 命令成功完成：['python', 'generate_dataset.py']
2025-07-15 14:55:52,915 - INFO - 步骤2: 检查Hardhat节点
2025-07-15 14:55:52,917 - INFO - Hardhat节点未运行，正在启动...
2025-07-15 14:56:02,925 - INFO - Hardhat节点已成功启动
2025-07-15 14:56:02,926 - INFO - 运行 实验5: 撤销机制效率分析
2025-07-15 14:56:02,926 - INFO - 运行实验5 - 撤销机制效率分析
2025-07-15 14:56:02,927 - INFO - 运行命令：['python', 'temp_exp5.py'] (CWD: /Users/yangzongyou/Downloads/iccip 2022/code_exp/scripts)
2025-07-15 14:57:41,190 - INFO - 命令成功完成：['python', 'temp_exp5.py']
2025-07-15 14:57:41,191 - INFO - 实验5: 撤销机制效率分析 运行成功
2025-07-15 14:57:46,196 - INFO - 运行 实验6: 节点故障恢复测试
2025-07-15 14:57:46,196 - INFO - 运行实验6 - 节点故障恢复测试
2025-07-15 14:57:46,196 - INFO - 运行命令：['python', '/Users/yangzongyou/Downloads/iccip 2022/code_exp/scripts/run_fault_test.py'] (CWD: /Users/yangzongyou/Downloads/iccip 2022/code_exp)
2025-07-15 15:05:38,511 - INFO - 命令成功完成：['python', '/Users/yangzongyou/Downloads/iccip 2022/code_exp/scripts/run_fault_test.py']
2025-07-15 15:05:38,511 - INFO - 实验6: 节点故障恢复测试 运行成功
2025-07-15 15:05:38,511 - INFO - 分析所有实验结果
2025-07-15 15:05:38,511 - INFO - 分析所有实验结果
2025-07-15 15:05:38,511 - INFO - 运行命令：['python', 'analyze_results.py'] (CWD: /Users/yangzongyou/Downloads/iccip 2022/code_exp/scripts)
2025-07-15 15:05:42,229 - INFO - 命令成功完成：['python', 'analyze_results.py']
2025-07-15 15:05:42,229 - INFO - 运行命令：['python', 'analyze_fault_tolerance.py'] (CWD: /Users/yangzongyou/Downloads/iccip 2022/code_exp/scripts)
2025-07-15 15:05:43,336 - INFO - 命令成功完成：['python', 'analyze_fault_tolerance.py']
2025-07-15 15:05:43,336 - INFO - 实验结果分析成功
2025-07-15 15:05:43,336 - INFO - Hardhat节点已关闭
2025-07-15 15:05:43,336 - INFO - ====== 所有实验运行完成 ======
2025-07-15 15:05:43,336 - INFO - 请查看 data/ 目录和 analysis/ 目录获取实验结果和分析
