2025-07-15 14:45:58,397 - INFO - ====== 开始分别运行所有实验 ======
2025-07-15 14:45:58,397 - INFO - 步骤1: 生成证书数据集
2025-07-15 14:45:58,397 - INFO - 运行命令：['python', 'generate_dataset.py'] (CWD: /Users/yangzongyou/Downloads/iccip 2022/code_exp/scripts)
2025-07-15 14:46:05,401 - INFO - 命令成功完成：['python', 'generate_dataset.py']
2025-07-15 14:46:05,402 - INFO - 步骤2: 检查Hardhat节点
2025-07-15 14:46:05,404 - INFO - Hardhat节点未运行，正在启动...
2025-07-15 14:46:15,416 - INFO - Hardhat节点已成功启动
2025-07-15 14:46:15,418 - INFO - 运行 实验5: 撤销机制效率分析
2025-07-15 14:46:15,418 - INFO - 运行实验5 - 撤销机制效率分析
2025-07-15 14:46:15,420 - INFO - 运行命令：['python', 'temp_exp5.py'] (CWD: /Users/yangzongyou/Downloads/iccip 2022/code_exp/scripts)
2025-07-15 14:47:53,812 - ERROR - 命令执行失败：['python', 'temp_exp5.py']
2025-07-15 14:47:53,812 - ERROR - 错误输出：2025-07-15 14:46:16,263 - INFO - ====== 开始运行实验 5 ======
2025-07-15 14:46:16,263 - INFO - Log file: /Users/yangzongyou/Downloads/iccip 2022/code_exp/log/experiment5_20250715_144616.log
2025-07-15 14:46:21,307 - INFO - Connected to Web3. Default account: 0xf39Fd6e51aad88F6F4ce6aB8827279cffFb92266
2025-07-15 14:46:21,307 - INFO - Blockchain helper initialized.
2025-07-15 14:46:21,307 - INFO - Creating contract factories...
2025-07-15 14:46:21,312 - INFO - Contract factories created.
2025-07-15 14:46:21,312 - INFO - Starting experiment function: run_experiment_5_revocation...
2025-07-15 14:46:21,312 - INFO - --- Starting Experiment 5: Revocation Mechanism ---
2025-07-15 14:46:21,340 - INFO - Deploying new contracts for size 1...
2025-07-15 14:46:21,340 - INFO - Deploying Certificate_Exp5_1...
2025-07-15 14:46:21,354 - INFO - Certificate_Exp5_1 deployed at 0x5FbDB2315678afecb367f032d93F642f64180aa3. Gas used: 620351
2025-07-15 14:46:21,354 - INFO - Authorizing deployer as an institution for 0x5FbDB2315678afecb367f032d93F642f64180aa3...
2025-07-15 14:46:21,361 - INFO - Authorization successful.
2025-07-15 14:46:21,361 - INFO - Deploying BaselineRevocation_Exp5_1...
2025-07-15 14:46:21,368 - INFO - BaselineRevocation_Exp5_1 deployed at 0x9fE46736679d2D9a65F0992F2272dE9f3c7fa6e0. Gas used: 197730
2025-07-15 14:46:21,368 - INFO - Testing revocation set size: 1
2025-07-15 14:46:21,368 - INFO - [Our Model] Issuing and revoking 1 certificates...

[Our Model] Setup for size 1:   0%|          | 0/1 [00:00<?, ?it/s]
[Our Model] Setup for size 1: 100%|██████████| 1/1 [00:00<00:00, 72.79it/s]
2025-07-15 14:46:21,394 - INFO - [Baseline Model] Revoking 1 certificates...

[Baseline Model] Setup for size 1:   0%|          | 0/1 [00:00<?, ?it/s]
[Baseline Model] Setup for size 1: 100%|██████████| 1/1 [00:00<00:00, 165.59it/s]
2025-07-15 14:46:21,400 - INFO - Measuring verification performance for size 1 (100 queries)...

Verification Measurement:   0%|          | 0/100 [00:00<?, ?it/s]
Verification Measurement:  17%|█▋        | 17/100 [00:00<00:00, 165.62it/s]
Verification Measurement:  36%|███▌      | 36/100 [00:00<00:00, 175.68it/s]
Verification Measurement:  55%|█████▌    | 55/100 [00:00<00:00, 179.56it/s]
Verification Measurement:  74%|███████▍  | 74/100 [00:00<00:00, 181.42it/s]
Verification Measurement:  94%|█████████▍| 94/100 [00:00<00:00, 184.78it/s]
Verification Measurement: 100%|██████████| 100/100 [00:00<00:00, 181.96it/s]
2025-07-15 14:46:21,958 - INFO - Size 1: Verification stats collected.
2025-07-15 14:46:21,958 - INFO - Deploying new contracts for size 10...
2025-07-15 14:46:21,958 - INFO - Deploying Certificate_Exp5_10...
2025-07-15 14:46:21,965 - INFO - Certificate_Exp5_10 deployed at 0xa513E6E4b8f2a923D98304ec87F64353C4D5C853. Gas used: 620351
2025-07-15 14:46:21,965 - INFO - Authorizing deployer as an institution for 0xa513E6E4b8f2a923D98304ec87F64353C4D5C853...
2025-07-15 14:46:21,970 - INFO - Authorization successful.
2025-07-15 14:46:21,970 - INFO - Deploying BaselineRevocation_Exp5_10...
2025-07-15 14:46:21,977 - INFO - BaselineRevocation_Exp5_10 deployed at 0x8A791620dd6260079BF849Dc5567aDC3F2FdC318. Gas used: 197730
2025-07-15 14:46:21,977 - INFO - Testing revocation set size: 10
2025-07-15 14:46:21,977 - INFO - [Our Model] Issuing and revoking 10 certificates...

[Our Model] Setup for size 10:   0%|          | 0/10 [00:00<?, ?it/s]
[Our Model] Setup for size 10: 100%|██████████| 10/10 [00:00<00:00, 102.68it/s]
2025-07-15 14:46:22,074 - INFO - [Baseline Model] Revoking 10 certificates...

[Baseline Model] Setup for size 10:   0%|          | 0/10 [00:00<?, ?it/s]
[Baseline Model] Setup for size 10: 100%|██████████| 10/10 [00:00<00:00, 203.86it/s]
2025-07-15 14:46:22,124 - INFO - Measuring verification performance for size 10 (100 queries)...

Verification Measurement:   0%|          | 0/100 [00:00<?, ?it/s]
Verification Measurement:  20%|██        | 20/100 [00:00<00:00, 190.56it/s]
Verification Measurement:  40%|████      | 40/100 [00:00<00:00, 188.91it/s]
Verification Measurement:  59%|█████▉    | 59/100 [00:00<00:00, 186.95it/s]
Verification Measurement:  79%|███████▉  | 79/100 [00:00<00:00, 189.71it/s]
Verification Measurement:  98%|█████████▊| 98/100 [00:00<00:00, 189.71it/s]
Verification Measurement: 100%|██████████| 100/100 [00:00<00:00, 189.38it/s]
2025-07-15 14:46:22,659 - INFO - Size 10: Verification stats collected.
2025-07-15 14:46:22,660 - INFO - Deploying new contracts for size 100...
2025-07-15 14:46:22,660 - INFO - Deploying Certificate_Exp5_100...
2025-07-15 14:46:22,666 - INFO - Certificate_Exp5_100 deployed at 0x4826533B4897376654Bb4d4AD88B7faFD0C98528. Gas used: 620351
2025-07-15 14:46:22,666 - INFO - Authorizing deployer as an institution for 0x4826533B4897376654Bb4d4AD88B7faFD0C98528...
2025-07-15 14:46:22,672 - INFO - Authorization successful.
2025-07-15 14:46:22,672 - INFO - Deploying BaselineRevocation_Exp5_100...
2025-07-15 14:46:22,678 - INFO - BaselineRevocation_Exp5_100 deployed at 0x0E801D84Fa97b50751Dbf25036d067dCf18858bF. Gas used: 197730
2025-07-15 14:46:22,678 - INFO - Testing revocation set size: 100
2025-07-15 14:46:22,679 - INFO - [Our Model] Issuing and revoking 100 certificates...

[Our Model] Setup for size 100:   0%|          | 0/100 [00:00<?, ?it/s]
[Our Model] Setup for size 100:   9%|▉         | 9/100 [00:00<00:01, 82.44it/s]
[Our Model] Setup for size 100:  20%|██        | 20/100 [00:00<00:00, 95.45it/s]
[Our Model] Setup for size 100:  31%|███       | 31/100 [00:00<00:00, 99.27it/s]
[Our Model] Setup for size 100:  42%|████▏     | 42/100 [00:00<00:00, 101.47it/s]
[Our Model] Setup for size 100:  53%|█████▎    | 53/100 [00:00<00:00, 102.87it/s]
[Our Model] Setup for size 100:  64%|██████▍   | 64/100 [00:00<00:00, 103.46it/s]
[Our Model] Setup for size 100:  75%|███████▌  | 75/100 [00:00<00:00, 102.12it/s]
[Our Model] Setup for size 100:  86%|████████▌ | 86/100 [00:00<00:00, 102.92it/s]
[Our Model] Setup for size 100:  97%|█████████▋| 97/100 [00:00<00:00, 103.16it/s]
[Our Model] Setup for size 100: 100%|██████████| 100/100 [00:00<00:00, 101.53it/s]
2025-07-15 14:46:23,664 - INFO - [Baseline Model] Revoking 100 certificates...

[Baseline Model] Setup for size 100:   0%|          | 0/100 [00:00<?, ?it/s]
[Baseline Model] Setup for size 100:  22%|██▏       | 22/100 [00:00<00:00, 212.38it/s]
[Baseline Model] Setup for size 100:  44%|████▍     | 44/100 [00:00<00:00, 205.97it/s]
[Baseline Model] Setup for size 100:  66%|██████▌   | 66/100 [00:00<00:00, 209.81it/s]
[Baseline Model] Setup for size 100:  87%|████████▋ | 87/100 [00:00<00:00, 204.89it/s]
[Baseline Model] Setup for size 100: 100%|██████████| 100/100 [00:00<00:00, 207.28it/s]
2025-07-15 14:46:24,146 - INFO - Measuring verification performance for size 100 (100 queries)...

Verification Measurement:   0%|          | 0/100 [00:00<?, ?it/s]
Verification Measurement:  20%|██        | 20/100 [00:00<00:00, 195.14it/s]
Verification Measurement:  40%|████      | 40/100 [00:00<00:00, 192.21it/s]
Verification Measurement:  60%|██████    | 60/100 [00:00<00:00, 193.84it/s]
Verification Measurement:  80%|████████  | 80/100 [00:00<00:00, 195.35it/s]
Verification Measurement: 100%|██████████| 100/100 [00:00<00:00, 196.04it/s]
Verification Measurement: 100%|██████████| 100/100 [00:00<00:00, 195.17it/s]
2025-07-15 14:46:24,666 - INFO - Size 100: Verification stats collected.
2025-07-15 14:46:24,666 - INFO - Deploying new contracts for size 1000...
2025-07-15 14:46:24,666 - INFO - Deploying Certificate_Exp5_1000...
2025-07-15 14:46:24,673 - INFO - Certificate_Exp5_1000 deployed at 0x313F922BE1649cEc058EC0f076664500c78bdc0b. Gas used: 620351
2025-07-15 14:46:24,673 - INFO - Authorizing deployer as an institution for 0x313F922BE1649cEc058EC0f076664500c78bdc0b...
2025-07-15 14:46:24,678 - INFO - Authorization successful.
2025-07-15 14:46:24,678 - INFO - Deploying BaselineRevocation_Exp5_1000...
2025-07-15 14:46:24,685 - INFO - BaselineRevocation_Exp5_1000 deployed at 0x5322471a7E37Ac2B8902cFcba84d266b37D811A0. Gas used: 197730
2025-07-15 14:46:24,685 - INFO - Testing revocation set size: 1000
2025-07-15 14:46:24,685 - INFO - [Our Model] Issuing and revoking 1000 certificates...

[Our Model] Setup for size 1000:   0%|          | 0/1000 [00:00<?, ?it/s]
[Our Model] Setup for size 1000:   1%|          | 11/1000 [00:00<00:09, 105.25it/s]
[Our Model] Setup for size 1000:   2%|▏         | 22/1000 [00:00<00:09, 105.58it/s]
[Our Model] Setup for size 1000:   3%|▎         | 33/1000 [00:00<00:09, 106.15it/s]
[Our Model] Setup for size 1000:   4%|▍         | 44/1000 [00:00<00:08, 106.23it/s]
[Our Model] Setup for size 1000:   6%|▌         | 55/1000 [00:00<00:08, 106.44it/s]
[Our Model] Setup for size 1000:   7%|▋         | 66/1000 [00:00<00:08, 106.66it/s]
[Our Model] Setup for size 1000:   8%|▊         | 77/1000 [00:00<00:08, 106.50it/s]
[Our Model] Setup for size 1000:   9%|▉         | 88/1000 [00:00<00:08, 106.29it/s]
[Our Model] Setup for size 1000:  10%|▉         | 99/1000 [00:00<00:08, 106.09it/s]
[Our Model] Setup for size 1000:  11%|█         | 110/1000 [00:01<00:08, 106.26it/s]
[Our Model] Setup for size 1000:  12%|█▏        | 121/1000 [00:01<00:08, 105.77it/s]
[Our Model] Setup for size 1000:  13%|█▎        | 132/1000 [00:01<00:08, 105.50it/s]
[Our Model] Setup for size 1000:  14%|█▍        | 143/1000 [00:01<00:08, 105.27it/s]
[Our Model] Setup for size 1000:  15%|█▌        | 154/1000 [00:01<00:08, 105.20it/s]
[Our Model] Setup for size 1000:  16%|█▋        | 165/1000 [00:01<00:07, 105.00it/s]
[Our Model] Setup for size 1000:  18%|█▊        | 176/1000 [00:01<00:07, 104.81it/s]
[Our Model] Setup for size 1000:  19%|█▊        | 187/1000 [00:01<00:07, 104.68it/s]
[Our Model] Setup for size 1000:  20%|█▉        | 198/1000 [00:01<00:07, 104.76it/s]
[Our Model] Setup for size 1000:  21%|██        | 209/1000 [00:01<00:07, 104.65it/s]
[Our Model] Setup for size 1000:  22%|██▏       | 220/1000 [00:02<00:07, 104.55it/s]
[Our Model] Setup for size 1000:  23%|██▎       | 231/1000 [00:02<00:07, 104.50it/s]
[Our Model] Setup for size 1000:  24%|██▍       | 242/1000 [00:02<00:07, 104.04it/s]
[Our Model] Setup for size 1000:  25%|██▌       | 253/1000 [00:02<00:07, 101.93it/s]
[Our Model] Setup for size 1000:  26%|██▋       | 264/1000 [00:02<00:07, 99.83it/s] 
[Our Model] Setup for size 1000:  27%|██▋       | 274/1000 [00:02<00:07, 98.29it/s]
[Our Model] Setup for size 1000:  28%|██▊       | 284/1000 [00:02<00:07, 97.68it/s]
[Our Model] Setup for size 1000:  30%|██▉       | 295/1000 [00:02<00:07, 98.82it/s]
[Our Model] Setup for size 1000:  31%|███       | 306/1000 [00:02<00:06, 99.87it/s]
[Our Model] Setup for size 1000:  32%|███▏      | 317/1000 [00:03<00:06, 100.91it/s]
[Our Model] Setup for size 1000:  33%|███▎      | 328/1000 [00:03<00:06, 101.59it/s]
[Our Model] Setup for size 1000:  34%|███▍      | 339/1000 [00:03<00:06, 102.18it/s]
[Our Model] Setup for size 1000:  35%|███▌      | 350/1000 [00:03<00:06, 102.67it/s]
[Our Model] Setup for size 1000:  36%|███▌      | 361/1000 [00:03<00:06, 102.96it/s]
[Our Model] Setup for size 1000:  37%|███▋      | 372/1000 [00:03<00:06, 103.29it/s]
[Our Model] Setup for size 1000:  38%|███▊      | 383/1000 [00:03<00:05, 103.52it/s]
[Our Model] Setup for size 1000:  39%|███▉      | 394/1000 [00:03<00:05, 103.92it/s]
[Our Model] Setup for size 1000:  40%|████      | 405/1000 [00:03<00:05, 104.00it/s]
[Our Model] Setup for size 1000:  42%|████▏     | 416/1000 [00:04<00:05, 103.71it/s]
[Our Model] Setup for size 1000:  43%|████▎     | 427/1000 [00:04<00:05, 103.65it/s]
[Our Model] Setup for size 1000:  44%|████▍     | 438/1000 [00:04<00:05, 104.19it/s]
[Our Model] Setup for size 1000:  45%|████▍     | 449/1000 [00:04<00:05, 104.49it/s]
[Our Model] Setup for size 1000:  46%|████▌     | 460/1000 [00:04<00:05, 104.26it/s]
[Our Model] Setup for size 1000:  47%|████▋     | 471/1000 [00:04<00:05, 104.23it/s]
[Our Model] Setup for size 1000:  48%|████▊     | 482/1000 [00:04<00:04, 104.32it/s]
[Our Model] Setup for size 1000:  49%|████▉     | 493/1000 [00:04<00:04, 104.73it/s]
[Our Model] Setup for size 1000:  50%|█████     | 504/1000 [00:04<00:04, 104.71it/s]
[Our Model] Setup for size 1000:  52%|█████▏    | 515/1000 [00:04<00:04, 104.50it/s]
[Our Model] Setup for size 1000:  53%|█████▎    | 526/1000 [00:05<00:04, 104.31it/s]
[Our Model] Setup for size 1000:  54%|█████▎    | 537/1000 [00:05<00:04, 103.62it/s]
[Our Model] Setup for size 1000:  55%|█████▍    | 548/1000 [00:05<00:04, 104.07it/s]
[Our Model] Setup for size 1000:  56%|█████▌    | 559/1000 [00:05<00:04, 104.51it/s]
[Our Model] Setup for size 1000:  57%|█████▋    | 570/1000 [00:05<00:04, 104.39it/s]
[Our Model] Setup for size 1000:  58%|█████▊    | 581/1000 [00:05<00:04, 104.31it/s]
[Our Model] Setup for size 1000:  59%|█████▉    | 592/1000 [00:05<00:03, 104.25it/s]
[Our Model] Setup for size 1000:  60%|██████    | 603/1000 [00:05<00:03, 104.46it/s]
[Our Model] Setup for size 1000:  61%|██████▏   | 614/1000 [00:05<00:03, 104.46it/s]
[Our Model] Setup for size 1000:  62%|██████▎   | 625/1000 [00:06<00:03, 104.47it/s]
[Our Model] Setup for size 1000:  64%|██████▎   | 636/1000 [00:06<00:03, 104.28it/s]
[Our Model] Setup for size 1000:  65%|██████▍   | 647/1000 [00:06<00:03, 104.15it/s]
[Our Model] Setup for size 1000:  66%|██████▌   | 658/1000 [00:06<00:03, 104.23it/s]
[Our Model] Setup for size 1000:  67%|██████▋   | 669/1000 [00:06<00:03, 104.57it/s]
[Our Model] Setup for size 1000:  68%|██████▊   | 680/1000 [00:06<00:03, 104.60it/s]
[Our Model] Setup for size 1000:  69%|██████▉   | 691/1000 [00:06<00:02, 104.41it/s]
[Our Model] Setup for size 1000:  70%|███████   | 702/1000 [00:06<00:02, 103.01it/s]
[Our Model] Setup for size 1000:  71%|███████▏  | 713/1000 [00:06<00:02, 103.30it/s]
[Our Model] Setup for size 1000:  72%|███████▏  | 724/1000 [00:06<00:02, 103.48it/s]
[Our Model] Setup for size 1000:  74%|███████▎  | 735/1000 [00:07<00:02, 103.92it/s]
[Our Model] Setup for size 1000:  75%|███████▍  | 746/1000 [00:07<00:02, 104.06it/s]
[Our Model] Setup for size 1000:  76%|███████▌  | 757/1000 [00:07<00:02, 104.28it/s]
[Our Model] Setup for size 1000:  77%|███████▋  | 768/1000 [00:07<00:02, 104.71it/s]
[Our Model] Setup for size 1000:  78%|███████▊  | 779/1000 [00:07<00:02, 104.49it/s]
[Our Model] Setup for size 1000:  79%|███████▉  | 790/1000 [00:07<00:02, 104.28it/s]
[Our Model] Setup for size 1000:  80%|████████  | 801/1000 [00:07<00:01, 104.36it/s]
[Our Model] Setup for size 1000:  81%|████████  | 812/1000 [00:07<00:01, 104.31it/s]
[Our Model] Setup for size 1000:  82%|████████▏ | 823/1000 [00:07<00:01, 104.03it/s]
[Our Model] Setup for size 1000:  83%|████████▎ | 834/1000 [00:08<00:01, 104.30it/s]
[Our Model] Setup for size 1000:  84%|████████▍ | 845/1000 [00:08<00:01, 104.04it/s]
[Our Model] Setup for size 1000:  86%|████████▌ | 856/1000 [00:08<00:01, 104.11it/s]
[Our Model] Setup for size 1000:  87%|████████▋ | 867/1000 [00:08<00:01, 104.34it/s]
[Our Model] Setup for size 1000:  88%|████████▊ | 878/1000 [00:08<00:01, 104.14it/s]
[Our Model] Setup for size 1000:  89%|████████▉ | 889/1000 [00:08<00:01, 104.33it/s]
[Our Model] Setup for size 1000:  90%|█████████ | 900/1000 [00:08<00:00, 104.29it/s]
[Our Model] Setup for size 1000:  91%|█████████ | 911/1000 [00:08<00:00, 104.05it/s]
[Our Model] Setup for size 1000:  92%|█████████▏| 922/1000 [00:08<00:00, 104.20it/s]
[Our Model] Setup for size 1000:  93%|█████████▎| 933/1000 [00:08<00:00, 103.92it/s]
[Our Model] Setup for size 1000:  94%|█████████▍| 944/1000 [00:09<00:00, 103.76it/s]
[Our Model] Setup for size 1000:  96%|█████████▌| 955/1000 [00:09<00:00, 102.65it/s]
[Our Model] Setup for size 1000:  97%|█████████▋| 966/1000 [00:09<00:00, 103.05it/s]
[Our Model] Setup for size 1000:  98%|█████████▊| 977/1000 [00:09<00:00, 103.54it/s]
[Our Model] Setup for size 1000:  99%|█████████▉| 988/1000 [00:09<00:00, 103.46it/s]
[Our Model] Setup for size 1000: 100%|█████████▉| 999/1000 [00:09<00:00, 103.52it/s]
[Our Model] Setup for size 1000: 100%|██████████| 1000/1000 [00:09<00:00, 103.92it/s]
2025-07-15 14:46:34,308 - INFO - [Baseline Model] Revoking 1000 certificates...

[Baseline Model] Setup for size 1000:   0%|          | 0/1000 [00:00<?, ?it/s]
[Baseline Model] Setup for size 1000:   2%|▏         | 22/1000 [00:00<00:04, 210.68it/s]
[Baseline Model] Setup for size 1000:   4%|▍         | 44/1000 [00:00<00:04, 211.10it/s]
[Baseline Model] Setup for size 1000:   7%|▋         | 66/1000 [00:00<00:04, 210.37it/s]
[Baseline Model] Setup for size 1000:   9%|▉         | 88/1000 [00:00<00:04, 209.45it/s]
[Baseline Model] Setup for size 1000:  11%|█         | 109/1000 [00:00<00:04, 209.26it/s]
[Baseline Model] Setup for size 1000:  13%|█▎        | 130/1000 [00:00<00:04, 209.32it/s]
[Baseline Model] Setup for size 1000:  15%|█▌        | 151/1000 [00:00<00:04, 209.48it/s]
[Baseline Model] Setup for size 1000:  17%|█▋        | 173/1000 [00:00<00:03, 209.86it/s]
[Baseline Model] Setup for size 1000:  19%|█▉        | 194/1000 [00:00<00:03, 209.56it/s]
[Baseline Model] Setup for size 1000:  22%|██▏       | 215/1000 [00:01<00:03, 209.68it/s]
[Baseline Model] Setup for size 1000:  24%|██▎       | 237/1000 [00:01<00:03, 209.99it/s]
[Baseline Model] Setup for size 1000:  26%|██▌       | 259/1000 [00:01<00:03, 209.94it/s]
[Baseline Model] Setup for size 1000:  28%|██▊       | 280/1000 [00:01<00:03, 205.97it/s]
[Baseline Model] Setup for size 1000:  30%|███       | 301/1000 [00:01<00:03, 206.95it/s]
[Baseline Model] Setup for size 1000:  32%|███▏      | 322/1000 [00:01<00:03, 207.33it/s]
[Baseline Model] Setup for size 1000:  34%|███▍      | 343/1000 [00:01<00:03, 208.07it/s]
[Baseline Model] Setup for size 1000:  36%|███▋      | 364/1000 [00:01<00:03, 207.81it/s]
[Baseline Model] Setup for size 1000:  38%|███▊      | 385/1000 [00:01<00:02, 207.76it/s]
[Baseline Model] Setup for size 1000:  41%|████      | 406/1000 [00:01<00:02, 208.01it/s]
[Baseline Model] Setup for size 1000:  43%|████▎     | 427/1000 [00:02<00:02, 208.27it/s]
[Baseline Model] Setup for size 1000:  45%|████▍     | 449/1000 [00:02<00:02, 209.02it/s]
[Baseline Model] Setup for size 1000:  47%|████▋     | 471/1000 [00:02<00:02, 209.34it/s]
[Baseline Model] Setup for size 1000:  49%|████▉     | 492/1000 [00:02<00:02, 209.01it/s]
[Baseline Model] Setup for size 1000:  51%|█████▏    | 513/1000 [00:02<00:02, 209.04it/s]
[Baseline Model] Setup for size 1000:  53%|█████▎    | 534/1000 [00:02<00:02, 208.94it/s]
[Baseline Model] Setup for size 1000:  56%|█████▌    | 556/1000 [00:02<00:02, 209.75it/s]
[Baseline Model] Setup for size 1000:  58%|█████▊    | 577/1000 [00:02<00:02, 209.36it/s]
[Baseline Model] Setup for size 1000:  60%|█████▉    | 598/1000 [00:02<00:01, 209.12it/s]
[Baseline Model] Setup for size 1000:  62%|██████▏   | 619/1000 [00:02<00:01, 209.09it/s]
[Baseline Model] Setup for size 1000:  64%|██████▍   | 640/1000 [00:03<00:01, 209.07it/s]
[Baseline Model] Setup for size 1000:  66%|██████▌   | 662/1000 [00:03<00:01, 209.34it/s]
[Baseline Model] Setup for size 1000:  68%|██████▊   | 683/1000 [00:03<00:01, 209.28it/s]
[Baseline Model] Setup for size 1000:  70%|███████   | 704/1000 [00:03<00:01, 208.45it/s]
[Baseline Model] Setup for size 1000:  72%|███████▎  | 725/1000 [00:03<00:01, 208.42it/s]
[Baseline Model] Setup for size 1000:  75%|███████▍  | 746/1000 [00:03<00:01, 207.86it/s]
[Baseline Model] Setup for size 1000:  77%|███████▋  | 767/1000 [00:03<00:01, 208.46it/s]
[Baseline Model] Setup for size 1000:  79%|███████▉  | 788/1000 [00:03<00:01, 208.82it/s]
[Baseline Model] Setup for size 1000:  81%|████████  | 809/1000 [00:03<00:00, 208.58it/s]
[Baseline Model] Setup for size 1000:  83%|████████▎ | 830/1000 [00:03<00:00, 208.81it/s]
[Baseline Model] Setup for size 1000:  85%|████████▌ | 851/1000 [00:04<00:00, 208.63it/s]
[Baseline Model] Setup for size 1000:  87%|████████▋ | 872/1000 [00:04<00:00, 208.13it/s]
[Baseline Model] Setup for size 1000:  89%|████████▉ | 893/1000 [00:04<00:00, 207.31it/s]
[Baseline Model] Setup for size 1000:  91%|█████████▏| 914/1000 [00:04<00:00, 206.47it/s]
[Baseline Model] Setup for size 1000:  94%|█████████▎| 935/1000 [00:04<00:00, 206.18it/s]
[Baseline Model] Setup for size 1000:  96%|█████████▌| 956/1000 [00:04<00:00, 206.30it/s]
[Baseline Model] Setup for size 1000:  98%|█████████▊| 977/1000 [00:04<00:00, 207.04it/s]
[Baseline Model] Setup for size 1000: 100%|█████████▉| 998/1000 [00:04<00:00, 207.22it/s]
[Baseline Model] Setup for size 1000: 100%|██████████| 1000/1000 [00:04<00:00, 208.48it/s]
2025-07-15 14:46:39,105 - INFO - Measuring verification performance for size 1000 (100 queries)...

Verification Measurement:   0%|          | 0/100 [00:00<?, ?it/s]
Verification Measurement:  19%|█▉        | 19/100 [00:00<00:00, 187.12it/s]
Verification Measurement:  38%|███▊      | 38/100 [00:00<00:00, 188.39it/s]
Verification Measurement:  57%|█████▋    | 57/100 [00:00<00:00, 188.32it/s]
Verification Measurement:  76%|███████▌  | 76/100 [00:00<00:00, 188.31it/s]
Verification Measurement:  95%|█████████▌| 95/100 [00:00<00:00, 188.91it/s]
Verification Measurement: 100%|██████████| 100/100 [00:00<00:00, 188.51it/s]
2025-07-15 14:46:39,643 - INFO - Size 1000: Verification stats collected.
2025-07-15 14:46:39,643 - INFO - Deploying new contracts for size 5000...
2025-07-15 14:46:39,643 - INFO - Deploying Certificate_Exp5_5000...
2025-07-15 14:46:39,650 - INFO - Certificate_Exp5_5000 deployed at 0x3961D75424804db67024F6397732525f2614948f. Gas used: 620351
2025-07-15 14:46:39,650 - INFO - Authorizing deployer as an institution for 0x3961D75424804db67024F6397732525f2614948f...
2025-07-15 14:46:39,655 - INFO - Authorization successful.
2025-07-15 14:46:39,655 - INFO - Deploying BaselineRevocation_Exp5_5000...
2025-07-15 14:46:39,662 - INFO - BaselineRevocation_Exp5_5000 deployed at 0x41c0b53284AA5284eAf039005dAa7cE1Bb7f7053. Gas used: 197730
2025-07-15 14:46:39,662 - INFO - Testing revocation set size: 5000
2025-07-15 14:46:39,662 - INFO - [Our Model] Issuing and revoking 5000 certificates...

[Our Model] Setup for size 5000:   0%|          | 0/5000 [00:00<?, ?it/s]
[Our Model] Setup for size 5000:   0%|          | 11/5000 [00:00<00:48, 102.45it/s]
[Our Model] Setup for size 5000:   0%|          | 22/5000 [00:00<00:48, 102.05it/s]
[Our Model] Setup for size 5000:   1%|          | 33/5000 [00:00<00:48, 102.16it/s]
[Our Model] Setup for size 5000:   1%|          | 44/5000 [00:00<00:48, 102.09it/s]
[Our Model] Setup for size 5000:   1%|          | 55/5000 [00:00<00:48, 102.14it/s]
[Our Model] Setup for size 5000:   1%|▏         | 66/5000 [00:00<00:48, 102.07it/s]
[Our Model] Setup for size 5000:   2%|▏         | 77/5000 [00:00<00:48, 102.21it/s]
[Our Model] Setup for size 5000:   2%|▏         | 88/5000 [00:00<00:48, 102.08it/s]
[Our Model] Setup for size 5000:   2%|▏         | 99/5000 [00:00<00:48, 101.88it/s]
[Our Model] Setup for size 5000:   2%|▏         | 110/5000 [00:01<00:47, 102.04it/s]
[Our Model] Setup for size 5000:   2%|▏         | 121/5000 [00:01<00:47, 101.82it/s]
[Our Model] Setup for size 5000:   3%|▎         | 132/5000 [00:01<00:47, 101.96it/s]
[Our Model] Setup for size 5000:   3%|▎         | 143/5000 [00:01<00:47, 102.11it/s]
[Our Model] Setup for size 5000:   3%|▎         | 154/5000 [00:01<00:47, 101.68it/s]
[Our Model] Setup for size 5000:   3%|▎         | 165/5000 [00:01<00:47, 101.75it/s]
[Our Model] Setup for size 5000:   4%|▎         | 176/5000 [00:01<00:47, 102.09it/s]
[Our Model] Setup for size 5000:   4%|▎         | 187/5000 [00:01<00:47, 102.35it/s]
[Our Model] Setup for size 5000:   4%|▍         | 198/5000 [00:01<00:46, 102.29it/s]
[Our Model] Setup for size 5000:   4%|▍         | 209/5000 [00:02<00:46, 102.46it/s]
[Our Model] Setup for size 5000:   4%|▍         | 220/5000 [00:02<00:46, 102.51it/s]
[Our Model] Setup for size 5000:   5%|▍         | 231/5000 [00:02<00:46, 102.33it/s]
[Our Model] Setup for size 5000:   5%|▍         | 242/5000 [00:02<00:46, 102.64it/s]
[Our Model] Setup for size 5000:   5%|▌         | 253/5000 [00:02<00:46, 102.40it/s]
[Our Model] Setup for size 5000:   5%|▌         | 264/5000 [00:02<00:46, 102.74it/s]
[Our Model] Setup for size 5000:   6%|▌         | 275/5000 [00:02<00:46, 102.71it/s]
[Our Model] Setup for size 5000:   6%|▌         | 286/5000 [00:02<00:45, 102.61it/s]
[Our Model] Setup for size 5000:   6%|▌         | 297/5000 [00:02<00:45, 102.59it/s]
[Our Model] Setup for size 5000:   6%|▌         | 308/5000 [00:03<00:45, 102.50it/s]
[Our Model] Setup for size 5000:   6%|▋         | 319/5000 [00:03<00:45, 102.61it/s]
[Our Model] Setup for size 5000:   7%|▋         | 330/5000 [00:03<00:45, 102.30it/s]
[Our Model] Setup for size 5000:   7%|▋         | 341/5000 [00:03<00:45, 102.63it/s]
[Our Model] Setup for size 5000:   7%|▋         | 352/5000 [00:03<00:45, 102.56it/s]
[Our Model] Setup for size 5000:   7%|▋         | 363/5000 [00:03<00:45, 102.50it/s]
[Our Model] Setup for size 5000:   7%|▋         | 374/5000 [00:03<00:45, 102.70it/s]
[Our Model] Setup for size 5000:   8%|▊         | 385/5000 [00:03<00:44, 102.60it/s]
[Our Model] Setup for size 5000:   8%|▊         | 396/5000 [00:03<00:44, 102.71it/s]
[Our Model] Setup for size 5000:   8%|▊         | 407/5000 [00:03<00:44, 102.72it/s]
[Our Model] Setup for size 5000:   8%|▊         | 418/5000 [00:04<00:44, 102.26it/s]
[Our Model] Setup for size 5000:   9%|▊         | 429/5000 [00:04<00:44, 101.76it/s]
[Our Model] Setup for size 5000:   9%|▉         | 440/5000 [00:04<00:44, 101.61it/s]
[Our Model] Setup for size 5000:   9%|▉         | 451/5000 [00:04<00:44, 101.98it/s]
[Our Model] Setup for size 5000:   9%|▉         | 462/5000 [00:04<00:44, 102.07it/s]
[Our Model] Setup for size 5000:   9%|▉         | 473/5000 [00:04<00:44, 102.15it/s]
[Our Model] Setup for size 5000:  10%|▉         | 484/5000 [00:04<00:44, 102.40it/s]
[Our Model] Setup for size 5000:  10%|▉         | 495/5000 [00:04<00:43, 102.46it/s]
[Our Model] Setup for size 5000:  10%|█         | 506/5000 [00:04<00:43, 102.58it/s]
[Our Model] Setup for size 5000:  10%|█         | 517/5000 [00:05<00:43, 102.12it/s]
[Our Model] Setup for size 5000:  11%|█         | 528/5000 [00:05<00:43, 102.18it/s]
[Our Model] Setup for size 5000:  11%|█         | 539/5000 [00:05<00:43, 102.32it/s]
[Our Model] Setup for size 5000:  11%|█         | 550/5000 [00:05<00:43, 102.43it/s]
[Our Model] Setup for size 5000:  11%|█         | 561/5000 [00:05<00:43, 102.46it/s]
[Our Model] Setup for size 5000:  11%|█▏        | 572/5000 [00:05<00:43, 102.21it/s]
[Our Model] Setup for size 5000:  12%|█▏        | 583/5000 [00:05<00:43, 102.32it/s]
[Our Model] Setup for size 5000:  12%|█▏        | 594/5000 [00:05<00:43, 102.33it/s]
[Our Model] Setup for size 5000:  12%|█▏        | 605/5000 [00:05<00:42, 102.26it/s]
[Our Model] Setup for size 5000:  12%|█▏        | 616/5000 [00:06<00:42, 102.16it/s]
[Our Model] Setup for size 5000:  13%|█▎        | 627/5000 [00:06<00:42, 102.09it/s]
[Our Model] Setup for size 5000:  13%|█▎        | 638/5000 [00:06<00:42, 102.38it/s]
[Our Model] Setup for size 5000:  13%|█▎        | 649/5000 [00:06<00:42, 102.40it/s]
[Our Model] Setup for size 5000:  13%|█▎        | 660/5000 [00:06<00:42, 102.37it/s]
[Our Model] Setup for size 5000:  13%|█▎        | 671/5000 [00:06<00:42, 102.34it/s]
[Our Model] Setup for size 5000:  14%|█▎        | 682/5000 [00:06<00:42, 102.11it/s]
[Our Model] Setup for size 5000:  14%|█▍        | 693/5000 [00:06<00:42, 102.37it/s]
[Our Model] Setup for size 5000:  14%|█▍        | 704/5000 [00:06<00:41, 102.36it/s]
[Our Model] Setup for size 5000:  14%|█▍        | 715/5000 [00:06<00:41, 102.38it/s]
[Our Model] Setup for size 5000:  15%|█▍        | 726/5000 [00:07<00:41, 102.44it/s]
[Our Model] Setup for size 5000:  15%|█▍        | 737/5000 [00:07<00:41, 101.98it/s]
[Our Model] Setup for size 5000:  15%|█▍        | 748/5000 [00:07<00:41, 102.15it/s]
[Our Model] Setup for size 5000:  15%|█▌        | 759/5000 [00:07<00:41, 102.10it/s]
[Our Model] Setup for size 5000:  15%|█▌        | 770/5000 [00:07<00:41, 102.08it/s]
[Our Model] Setup for size 5000:  16%|█▌        | 781/5000 [00:07<00:41, 102.08it/s]
[Our Model] Setup for size 5000:  16%|█▌        | 792/5000 [00:07<00:41, 102.11it/s]
[Our Model] Setup for size 5000:  16%|█▌        | 803/5000 [00:07<00:41, 102.31it/s]
[Our Model] Setup for size 5000:  16%|█▋        | 814/5000 [00:07<00:41, 101.99it/s]
[Our Model] Setup for size 5000:  16%|█▋        | 825/5000 [00:08<00:40, 102.12it/s]
[Our Model] Setup for size 5000:  17%|█▋        | 836/5000 [00:08<00:40, 101.86it/s]
[Our Model] Setup for size 5000:  17%|█▋        | 847/5000 [00:08<00:40, 102.10it/s]
[Our Model] Setup for size 5000:  17%|█▋        | 858/5000 [00:08<00:40, 102.22it/s]
[Our Model] Setup for size 5000:  17%|█▋        | 869/5000 [00:08<00:40, 102.06it/s]
[Our Model] Setup for size 5000:  18%|█▊        | 880/5000 [00:08<00:40, 102.13it/s]
[Our Model] Setup for size 5000:  18%|█▊        | 891/5000 [00:08<00:40, 102.02it/s]
[Our Model] Setup for size 5000:  18%|█▊        | 902/5000 [00:08<00:40, 102.18it/s]
[Our Model] Setup for size 5000:  18%|█▊        | 913/5000 [00:08<00:40, 102.02it/s]
[Our Model] Setup for size 5000:  18%|█▊        | 924/5000 [00:09<00:39, 102.01it/s]
[Our Model] Setup for size 5000:  19%|█▊        | 935/5000 [00:09<00:39, 101.86it/s]
[Our Model] Setup for size 5000:  19%|█▉        | 946/5000 [00:09<00:39, 101.78it/s]
[Our Model] Setup for size 5000:  19%|█▉        | 957/5000 [00:09<00:39, 101.94it/s]
[Our Model] Setup for size 5000:  19%|█▉        | 968/5000 [00:09<00:39, 101.85it/s]
[Our Model] Setup for size 5000:  20%|█▉        | 979/5000 [00:09<00:39, 102.02it/s]
[Our Model] Setup for size 5000:  20%|█▉        | 990/5000 [00:09<00:40, 99.87it/s] 
[Our Model] Setup for size 5000:  20%|██        | 1001/5000 [00:09<00:39, 100.07it/s]
[Our Model] Setup for size 5000:  20%|██        | 1012/5000 [00:09<00:39, 100.76it/s]
[Our Model] Setup for size 5000:  20%|██        | 1023/5000 [00:10<00:39, 100.84it/s]
[Our Model] Setup for size 5000:  21%|██        | 1034/5000 [00:10<00:39, 101.13it/s]
[Our Model] Setup for size 5000:  21%|██        | 1045/5000 [00:10<00:39, 101.19it/s]
[Our Model] Setup for size 5000:  21%|██        | 1056/5000 [00:10<00:38, 101.46it/s]
[Our Model] Setup for size 5000:  21%|██▏       | 1067/5000 [00:10<00:38, 101.64it/s]
[Our Model] Setup for size 5000:  22%|██▏       | 1078/5000 [00:10<00:39, 99.83it/s] 
[Our Model] Setup for size 5000:  22%|██▏       | 1089/5000 [00:10<00:38, 100.30it/s]
[Our Model] Setup for size 5000:  22%|██▏       | 1100/5000 [00:10<00:38, 100.87it/s]
[Our Model] Setup for size 5000:  22%|██▏       | 1111/5000 [00:10<00:38, 101.55it/s]
[Our Model] Setup for size 5000:  22%|██▏       | 1122/5000 [00:10<00:38, 101.23it/s]
[Our Model] Setup for size 5000:  23%|██▎       | 1133/5000 [00:11<00:38, 101.32it/s]
[Our Model] Setup for size 5000:  23%|██▎       | 1144/5000 [00:11<00:37, 101.50it/s]
[Our Model] Setup for size 5000:  23%|██▎       | 1155/5000 [00:11<00:37, 101.59it/s]
[Our Model] Setup for size 5000:  23%|██▎       | 1166/5000 [00:11<00:37, 101.55it/s]
[Our Model] Setup for size 5000:  24%|██▎       | 1177/5000 [00:11<00:37, 101.32it/s]
[Our Model] Setup for size 5000:  24%|██▍       | 1188/5000 [00:11<00:37, 101.01it/s]
[Our Model] Setup for size 5000:  24%|██▍       | 1199/5000 [00:11<00:37, 101.02it/s]
[Our Model] Setup for size 5000:  24%|██▍       | 1210/5000 [00:11<00:37, 101.02it/s]
[Our Model] Setup for size 5000:  24%|██▍       | 1221/5000 [00:11<00:37, 100.72it/s]
[Our Model] Setup for size 5000:  25%|██▍       | 1232/5000 [00:12<00:37, 100.73it/s]
[Our Model] Setup for size 5000:  25%|██▍       | 1243/5000 [00:12<00:37, 100.76it/s]
[Our Model] Setup for size 5000:  25%|██▌       | 1254/5000 [00:12<00:37, 100.82it/s]
[Our Model] Setup for size 5000:  25%|██▌       | 1265/5000 [00:12<00:37, 100.77it/s]
[Our Model] Setup for size 5000:  26%|██▌       | 1276/5000 [00:12<00:36, 100.78it/s]
[Our Model] Setup for size 5000:  26%|██▌       | 1287/5000 [00:12<00:36, 100.63it/s]
[Our Model] Setup for size 5000:  26%|██▌       | 1298/5000 [00:12<00:36, 100.97it/s]
[Our Model] Setup for size 5000:  26%|██▌       | 1309/5000 [00:12<00:36, 101.18it/s]
[Our Model] Setup for size 5000:  26%|██▋       | 1320/5000 [00:12<00:36, 100.88it/s]
[Our Model] Setup for size 5000:  27%|██▋       | 1331/5000 [00:13<00:36, 101.10it/s]
[Our Model] Setup for size 5000:  27%|██▋       | 1342/5000 [00:13<00:36, 101.03it/s]
[Our Model] Setup for size 5000:  27%|██▋       | 1353/5000 [00:13<00:36, 100.97it/s]
[Our Model] Setup for size 5000:  27%|██▋       | 1364/5000 [00:13<00:35, 101.19it/s]
[Our Model] Setup for size 5000:  28%|██▊       | 1375/5000 [00:13<00:35, 101.40it/s]
[Our Model] Setup for size 5000:  28%|██▊       | 1386/5000 [00:13<00:35, 101.68it/s]
[Our Model] Setup for size 5000:  28%|██▊       | 1397/5000 [00:13<00:35, 101.83it/s]
[Our Model] Setup for size 5000:  28%|██▊       | 1408/5000 [00:13<00:35, 101.80it/s]
[Our Model] Setup for size 5000:  28%|██▊       | 1419/5000 [00:13<00:35, 101.73it/s]
[Our Model] Setup for size 5000:  29%|██▊       | 1430/5000 [00:14<00:35, 101.70it/s]
[Our Model] Setup for size 5000:  29%|██▉       | 1441/5000 [00:14<00:35, 101.57it/s]
[Our Model] Setup for size 5000:  29%|██▉       | 1452/5000 [00:14<00:34, 101.41it/s]
[Our Model] Setup for size 5000:  29%|██▉       | 1463/5000 [00:14<00:34, 101.64it/s]
[Our Model] Setup for size 5000:  29%|██▉       | 1474/5000 [00:14<00:34, 101.43it/s]
[Our Model] Setup for size 5000:  30%|██▉       | 1485/5000 [00:14<00:34, 101.56it/s]
[Our Model] Setup for size 5000:  30%|██▉       | 1496/5000 [00:14<00:34, 101.38it/s]
[Our Model] Setup for size 5000:  30%|███       | 1507/5000 [00:14<00:34, 101.57it/s]
[Our Model] Setup for size 5000:  30%|███       | 1518/5000 [00:14<00:34, 101.79it/s]
[Our Model] Setup for size 5000:  31%|███       | 1529/5000 [00:15<00:34, 101.61it/s]
[Our Model] Setup for size 5000:  31%|███       | 1540/5000 [00:15<00:34, 101.65it/s]
[Our Model] Setup for size 5000:  31%|███       | 1551/5000 [00:15<00:33, 101.44it/s]
[Our Model] Setup for size 5000:  31%|███       | 1562/5000 [00:15<00:33, 101.56it/s]
[Our Model] Setup for size 5000:  31%|███▏      | 1573/5000 [00:15<00:33, 101.54it/s]
[Our Model] Setup for size 5000:  32%|███▏      | 1584/5000 [00:15<00:33, 101.42it/s]
[Our Model] Setup for size 5000:  32%|███▏      | 1595/5000 [00:15<00:33, 101.49it/s]
[Our Model] Setup for size 5000:  32%|███▏      | 1606/5000 [00:15<00:33, 101.57it/s]
[Our Model] Setup for size 5000:  32%|███▏      | 1617/5000 [00:15<00:33, 101.68it/s]
[Our Model] Setup for size 5000:  33%|███▎      | 1628/5000 [00:15<00:33, 101.62it/s]
[Our Model] Setup for size 5000:  33%|███▎      | 1639/5000 [00:16<00:33, 101.59it/s]
[Our Model] Setup for size 5000:  33%|███▎      | 1650/5000 [00:16<00:32, 101.58it/s]
[Our Model] Setup for size 5000:  33%|███▎      | 1661/5000 [00:16<00:32, 101.39it/s]
[Our Model] Setup for size 5000:  33%|███▎      | 1672/5000 [00:16<00:32, 101.48it/s]
[Our Model] Setup for size 5000:  34%|███▎      | 1683/5000 [00:16<00:32, 101.40it/s]
[Our Model] Setup for size 5000:  34%|███▍      | 1694/5000 [00:16<00:32, 101.55it/s]
[Our Model] Setup for size 5000:  34%|███▍      | 1705/5000 [00:16<00:32, 101.77it/s]
[Our Model] Setup for size 5000:  34%|███▍      | 1716/5000 [00:16<00:32, 101.75it/s]
[Our Model] Setup for size 5000:  35%|███▍      | 1727/5000 [00:16<00:32, 101.82it/s]
[Our Model] Setup for size 5000:  35%|███▍      | 1738/5000 [00:17<00:32, 101.72it/s]
[Our Model] Setup for size 5000:  35%|███▍      | 1749/5000 [00:17<00:31, 101.83it/s]
[Our Model] Setup for size 5000:  35%|███▌      | 1760/5000 [00:17<00:31, 101.66it/s]
[Our Model] Setup for size 5000:  35%|███▌      | 1771/5000 [00:17<00:31, 101.76it/s]
[Our Model] Setup for size 5000:  36%|███▌      | 1782/5000 [00:17<00:31, 101.67it/s]
[Our Model] Setup for size 5000:  36%|███▌      | 1793/5000 [00:17<00:31, 101.38it/s]
[Our Model] Setup for size 5000:  36%|███▌      | 1804/5000 [00:17<00:31, 101.22it/s]
[Our Model] Setup for size 5000:  36%|███▋      | 1815/5000 [00:17<00:31, 101.41it/s]
[Our Model] Setup for size 5000:  37%|███▋      | 1826/5000 [00:17<00:31, 101.45it/s]
[Our Model] Setup for size 5000:  37%|███▋      | 1837/5000 [00:18<00:31, 101.52it/s]
[Our Model] Setup for size 5000:  37%|███▋      | 1848/5000 [00:18<00:31, 101.37it/s]
[Our Model] Setup for size 5000:  37%|███▋      | 1859/5000 [00:18<00:30, 101.84it/s]
[Our Model] Setup for size 5000:  37%|███▋      | 1870/5000 [00:18<00:30, 102.00it/s]
[Our Model] Setup for size 5000:  38%|███▊      | 1881/5000 [00:18<00:30, 102.18it/s]
[Our Model] Setup for size 5000:  38%|███▊      | 1892/5000 [00:18<00:30, 102.21it/s]
[Our Model] Setup for size 5000:  38%|███▊      | 1903/5000 [00:18<00:30, 102.44it/s]
[Our Model] Setup for size 5000:  38%|███▊      | 1914/5000 [00:18<00:30, 102.55it/s]
[Our Model] Setup for size 5000:  38%|███▊      | 1925/5000 [00:18<00:29, 102.55it/s]
[Our Model] Setup for size 5000:  39%|███▊      | 1936/5000 [00:19<00:29, 102.60it/s]
[Our Model] Setup for size 5000:  39%|███▉      | 1947/5000 [00:19<00:29, 102.32it/s]
[Our Model] Setup for size 5000:  39%|███▉      | 1958/5000 [00:19<00:30, 101.25it/s]
[Our Model] Setup for size 5000:  39%|███▉      | 1969/5000 [00:19<00:29, 101.54it/s]
[Our Model] Setup for size 5000:  40%|███▉      | 1980/5000 [00:19<00:29, 101.46it/s]
[Our Model] Setup for size 5000:  40%|███▉      | 1991/5000 [00:19<00:29, 101.85it/s]
[Our Model] Setup for size 5000:  40%|████      | 2002/5000 [00:19<00:29, 102.01it/s]
[Our Model] Setup for size 5000:  40%|████      | 2013/5000 [00:19<00:29, 102.26it/s]
[Our Model] Setup for size 5000:  40%|████      | 2024/5000 [00:19<00:29, 102.46it/s]
[Our Model] Setup for size 5000:  41%|████      | 2035/5000 [00:19<00:28, 102.51it/s]
[Our Model] Setup for size 5000:  41%|████      | 2046/5000 [00:20<00:28, 102.62it/s]
[Our Model] Setup for size 5000:  41%|████      | 2057/5000 [00:20<00:28, 102.33it/s]
[Our Model] Setup for size 5000:  41%|████▏     | 2068/5000 [00:20<00:28, 102.52it/s]
[Our Model] Setup for size 5000:  42%|████▏     | 2079/5000 [00:20<00:29, 98.55it/s] 
[Our Model] Setup for size 5000:  42%|████▏     | 2090/5000 [00:20<00:29, 99.30it/s]
[Our Model] Setup for size 5000:  42%|████▏     | 2101/5000 [00:20<00:28, 100.11it/s]
[Our Model] Setup for size 5000:  42%|████▏     | 2112/5000 [00:20<00:28, 100.68it/s]
[Our Model] Setup for size 5000:  42%|████▏     | 2123/5000 [00:20<00:28, 101.35it/s]
[Our Model] Setup for size 5000:  43%|████▎     | 2134/5000 [00:20<00:28, 101.29it/s]
[Our Model] Setup for size 5000:  43%|████▎     | 2145/5000 [00:21<00:28, 101.70it/s]
[Our Model] Setup for size 5000:  43%|████▎     | 2156/5000 [00:21<00:27, 101.83it/s]
[Our Model] Setup for size 5000:  43%|████▎     | 2167/5000 [00:21<00:27, 102.03it/s]
[Our Model] Setup for size 5000:  44%|████▎     | 2178/5000 [00:21<00:27, 102.32it/s]
[Our Model] Setup for size 5000:  44%|████▍     | 2189/5000 [00:21<00:27, 101.77it/s]
[Our Model] Setup for size 5000:  44%|████▍     | 2200/5000 [00:21<00:27, 101.95it/s]
[Our Model] Setup for size 5000:  44%|████▍     | 2211/5000 [00:21<00:27, 102.06it/s]
[Our Model] Setup for size 5000:  44%|████▍     | 2222/5000 [00:21<00:27, 102.25it/s]
[Our Model] Setup for size 5000:  45%|████▍     | 2233/5000 [00:21<00:27, 102.43it/s]
[Our Model] Setup for size 5000:  45%|████▍     | 2244/5000 [00:22<00:26, 102.40it/s]
[Our Model] Setup for size 5000:  45%|████▌     | 2255/5000 [00:22<00:26, 102.36it/s]
[Our Model] Setup for size 5000:  45%|████▌     | 2266/5000 [00:22<00:26, 102.31it/s]
[Our Model] Setup for size 5000:  46%|████▌     | 2277/5000 [00:22<00:26, 102.50it/s]
[Our Model] Setup for size 5000:  46%|████▌     | 2288/5000 [00:22<00:26, 102.41it/s]
[Our Model] Setup for size 5000:  46%|████▌     | 2299/5000 [00:22<00:26, 102.49it/s]
[Our Model] Setup for size 5000:  46%|████▌     | 2310/5000 [00:22<00:26, 102.55it/s]
[Our Model] Setup for size 5000:  46%|████▋     | 2321/5000 [00:22<00:26, 102.64it/s]
[Our Model] Setup for size 5000:  47%|████▋     | 2332/5000 [00:22<00:25, 102.81it/s]
[Our Model] Setup for size 5000:  47%|████▋     | 2343/5000 [00:23<00:25, 102.50it/s]
[Our Model] Setup for size 5000:  47%|████▋     | 2354/5000 [00:23<00:25, 102.69it/s]
[Our Model] Setup for size 5000:  47%|████▋     | 2365/5000 [00:23<00:25, 102.68it/s]
[Our Model] Setup for size 5000:  48%|████▊     | 2376/5000 [00:23<00:25, 102.63it/s]
[Our Model] Setup for size 5000:  48%|████▊     | 2387/5000 [00:23<00:25, 102.75it/s]
[Our Model] Setup for size 5000:  48%|████▊     | 2398/5000 [00:23<00:25, 102.70it/s]
[Our Model] Setup for size 5000:  48%|████▊     | 2409/5000 [00:23<00:25, 102.67it/s]
[Our Model] Setup for size 5000:  48%|████▊     | 2420/5000 [00:23<00:25, 102.71it/s]
[Our Model] Setup for size 5000:  49%|████▊     | 2431/5000 [00:23<00:24, 102.86it/s]
[Our Model] Setup for size 5000:  49%|████▉     | 2442/5000 [00:23<00:24, 102.75it/s]
[Our Model] Setup for size 5000:  49%|████▉     | 2453/5000 [00:24<00:24, 102.55it/s]
[Our Model] Setup for size 5000:  49%|████▉     | 2464/5000 [00:24<00:24, 102.57it/s]
[Our Model] Setup for size 5000:  50%|████▉     | 2475/5000 [00:24<00:24, 102.36it/s]
[Our Model] Setup for size 5000:  50%|████▉     | 2486/5000 [00:24<00:24, 102.88it/s]
[Our Model] Setup for size 5000:  50%|████▉     | 2497/5000 [00:24<00:24, 102.77it/s]
[Our Model] Setup for size 5000:  50%|█████     | 2508/5000 [00:24<00:24, 102.59it/s]
[Our Model] Setup for size 5000:  50%|█████     | 2519/5000 [00:24<00:24, 102.57it/s]
[Our Model] Setup for size 5000:  51%|█████     | 2530/5000 [00:24<00:24, 102.43it/s]
[Our Model] Setup for size 5000:  51%|█████     | 2541/5000 [00:24<00:23, 102.58it/s]
[Our Model] Setup for size 5000:  51%|█████     | 2552/5000 [00:25<00:23, 102.65it/s]
[Our Model] Setup for size 5000:  51%|█████▏    | 2563/5000 [00:25<00:23, 102.46it/s]
[Our Model] Setup for size 5000:  51%|█████▏    | 2574/5000 [00:25<00:23, 102.42it/s]
[Our Model] Setup for size 5000:  52%|█████▏    | 2585/5000 [00:25<00:23, 100.72it/s]
[Our Model] Setup for size 5000:  52%|█████▏    | 2596/5000 [00:25<00:23, 101.18it/s]
[Our Model] Setup for size 5000:  52%|█████▏    | 2607/5000 [00:25<00:23, 101.56it/s]
[Our Model] Setup for size 5000:  52%|█████▏    | 2618/5000 [00:25<00:23, 101.89it/s]
[Our Model] Setup for size 5000:  53%|█████▎    | 2629/5000 [00:25<00:23, 102.22it/s]
[Our Model] Setup for size 5000:  53%|█████▎    | 2640/5000 [00:25<00:23, 102.20it/s]
[Our Model] Setup for size 5000:  53%|█████▎    | 2651/5000 [00:26<00:22, 102.29it/s]
[Our Model] Setup for size 5000:  53%|█████▎    | 2662/5000 [00:26<00:22, 102.32it/s]
[Our Model] Setup for size 5000:  53%|█████▎    | 2673/5000 [00:26<00:22, 102.37it/s]
[Our Model] Setup for size 5000:  54%|█████▎    | 2684/5000 [00:26<00:22, 102.59it/s]
[Our Model] Setup for size 5000:  54%|█████▍    | 2695/5000 [00:26<00:22, 102.17it/s]
[Our Model] Setup for size 5000:  54%|█████▍    | 2706/5000 [00:26<00:22, 102.19it/s]
[Our Model] Setup for size 5000:  54%|█████▍    | 2717/5000 [00:26<00:22, 101.98it/s]
[Our Model] Setup for size 5000:  55%|█████▍    | 2728/5000 [00:26<00:22, 102.16it/s]
[Our Model] Setup for size 5000:  55%|█████▍    | 2739/5000 [00:26<00:22, 102.12it/s]
[Our Model] Setup for size 5000:  55%|█████▌    | 2750/5000 [00:26<00:22, 102.21it/s]
[Our Model] Setup for size 5000:  55%|█████▌    | 2761/5000 [00:27<00:21, 102.37it/s]
[Our Model] Setup for size 5000:  55%|█████▌    | 2772/5000 [00:27<00:21, 102.25it/s]
[Our Model] Setup for size 5000:  56%|█████▌    | 2783/5000 [00:27<00:21, 102.22it/s]
[Our Model] Setup for size 5000:  56%|█████▌    | 2794/5000 [00:27<00:21, 102.31it/s]
[Our Model] Setup for size 5000:  56%|█████▌    | 2805/5000 [00:27<00:21, 102.32it/s]
[Our Model] Setup for size 5000:  56%|█████▋    | 2816/5000 [00:27<00:21, 102.35it/s]
[Our Model] Setup for size 5000:  57%|█████▋    | 2827/5000 [00:27<00:21, 102.28it/s]
[Our Model] Setup for size 5000:  57%|█████▋    | 2838/5000 [00:27<00:21, 102.47it/s]
[Our Model] Setup for size 5000:  57%|█████▋    | 2849/5000 [00:27<00:21, 102.41it/s]
[Our Model] Setup for size 5000:  57%|█████▋    | 2860/5000 [00:28<00:20, 102.60it/s]
[Our Model] Setup for size 5000:  57%|█████▋    | 2871/5000 [00:28<00:20, 102.21it/s]
[Our Model] Setup for size 5000:  58%|█████▊    | 2882/5000 [00:28<00:20, 102.32it/s]
[Our Model] Setup for size 5000:  58%|█████▊    | 2893/5000 [00:28<00:20, 102.55it/s]
[Our Model] Setup for size 5000:  58%|█████▊    | 2904/5000 [00:28<00:20, 102.31it/s]
[Our Model] Setup for size 5000:  58%|█████▊    | 2915/5000 [00:28<00:20, 102.47it/s]
[Our Model] Setup for size 5000:  59%|█████▊    | 2926/5000 [00:28<00:20, 102.27it/s]
[Our Model] Setup for size 5000:  59%|█████▊    | 2937/5000 [00:28<00:20, 102.45it/s]
[Our Model] Setup for size 5000:  59%|█████▉    | 2948/5000 [00:28<00:20, 102.53it/s]
[Our Model] Setup for size 5000:  59%|█████▉    | 2959/5000 [00:29<00:19, 102.37it/s]
[Our Model] Setup for size 5000:  59%|█████▉    | 2970/5000 [00:29<00:19, 102.46it/s]
[Our Model] Setup for size 5000:  60%|█████▉    | 2981/5000 [00:29<00:19, 102.39it/s]
[Our Model] Setup for size 5000:  60%|█████▉    | 2992/5000 [00:29<00:19, 102.47it/s]
[Our Model] Setup for size 5000:  60%|██████    | 3003/5000 [00:29<00:19, 102.27it/s]
[Our Model] Setup for size 5000:  60%|██████    | 3014/5000 [00:29<00:19, 102.42it/s]
[Our Model] Setup for size 5000:  60%|██████    | 3025/5000 [00:29<00:19, 102.50it/s]
[Our Model] Setup for size 5000:  61%|██████    | 3036/5000 [00:29<00:19, 102.39it/s]
[Our Model] Setup for size 5000:  61%|██████    | 3047/5000 [00:29<00:19, 102.66it/s]
[Our Model] Setup for size 5000:  61%|██████    | 3058/5000 [00:29<00:18, 102.43it/s]
[Our Model] Setup for size 5000:  61%|██████▏   | 3069/5000 [00:30<00:18, 102.52it/s]
[Our Model] Setup for size 5000:  62%|██████▏   | 3080/5000 [00:30<00:18, 102.73it/s]
[Our Model] Setup for size 5000:  62%|██████▏   | 3091/5000 [00:30<00:18, 102.17it/s]
[Our Model] Setup for size 5000:  62%|██████▏   | 3102/5000 [00:30<00:18, 102.33it/s]
[Our Model] Setup for size 5000:  62%|██████▏   | 3113/5000 [00:30<00:18, 102.10it/s]
[Our Model] Setup for size 5000:  62%|██████▏   | 3124/5000 [00:30<00:18, 102.30it/s]
[Our Model] Setup for size 5000:  63%|██████▎   | 3135/5000 [00:30<00:18, 102.31it/s]
[Our Model] Setup for size 5000:  63%|██████▎   | 3146/5000 [00:30<00:18, 102.52it/s]
[Our Model] Setup for size 5000:  63%|██████▎   | 3157/5000 [00:30<00:17, 102.60it/s]
[Our Model] Setup for size 5000:  63%|██████▎   | 3168/5000 [00:31<00:17, 102.36it/s]
[Our Model] Setup for size 5000:  64%|██████▎   | 3179/5000 [00:31<00:17, 102.43it/s]
[Our Model] Setup for size 5000:  64%|██████▍   | 3190/5000 [00:31<00:17, 102.25it/s]
[Our Model] Setup for size 5000:  64%|██████▍   | 3201/5000 [00:31<00:17, 102.44it/s]
[Our Model] Setup for size 5000:  64%|██████▍   | 3212/5000 [00:31<00:17, 102.42it/s]
[Our Model] Setup for size 5000:  64%|██████▍   | 3223/5000 [00:31<00:17, 102.29it/s]
[Our Model] Setup for size 5000:  65%|██████▍   | 3234/5000 [00:31<00:17, 102.43it/s]
[Our Model] Setup for size 5000:  65%|██████▍   | 3245/5000 [00:31<00:17, 102.28it/s]
[Our Model] Setup for size 5000:  65%|██████▌   | 3256/5000 [00:31<00:17, 102.43it/s]
[Our Model] Setup for size 5000:  65%|██████▌   | 3267/5000 [00:32<00:16, 102.35it/s]
[Our Model] Setup for size 5000:  66%|██████▌   | 3278/5000 [00:32<00:16, 102.43it/s]
[Our Model] Setup for size 5000:  66%|██████▌   | 3289/5000 [00:32<00:16, 102.47it/s]
[Our Model] Setup for size 5000:  66%|██████▌   | 3300/5000 [00:32<00:16, 102.37it/s]
[Our Model] Setup for size 5000:  66%|██████▌   | 3311/5000 [00:32<00:16, 102.39it/s]
[Our Model] Setup for size 5000:  66%|██████▋   | 3322/5000 [00:32<00:16, 102.34it/s]
[Our Model] Setup for size 5000:  67%|██████▋   | 3333/5000 [00:32<00:16, 102.39it/s]
[Our Model] Setup for size 5000:  67%|██████▋   | 3344/5000 [00:32<00:16, 102.43it/s]
[Our Model] Setup for size 5000:  67%|██████▋   | 3355/5000 [00:32<00:16, 102.40it/s]
[Our Model] Setup for size 5000:  67%|██████▋   | 3366/5000 [00:33<00:15, 102.39it/s]
[Our Model] Setup for size 5000:  68%|██████▊   | 3377/5000 [00:33<00:15, 102.39it/s]
[Our Model] Setup for size 5000:  68%|██████▊   | 3388/5000 [00:33<00:15, 102.29it/s]
[Our Model] Setup for size 5000:  68%|██████▊   | 3399/5000 [00:33<00:15, 102.35it/s]
[Our Model] Setup for size 5000:  68%|██████▊   | 3410/5000 [00:33<00:15, 102.28it/s]
[Our Model] Setup for size 5000:  68%|██████▊   | 3421/5000 [00:33<00:15, 102.33it/s]
[Our Model] Setup for size 5000:  69%|██████▊   | 3432/5000 [00:33<00:15, 102.15it/s]
[Our Model] Setup for size 5000:  69%|██████▉   | 3443/5000 [00:33<00:15, 102.19it/s]
[Our Model] Setup for size 5000:  69%|██████▉   | 3454/5000 [00:33<00:15, 101.99it/s]
[Our Model] Setup for size 5000:  69%|██████▉   | 3465/5000 [00:33<00:15, 101.99it/s]
[Our Model] Setup for size 5000:  70%|██████▉   | 3476/5000 [00:34<00:14, 101.79it/s]
[Our Model] Setup for size 5000:  70%|██████▉   | 3487/5000 [00:34<00:14, 101.63it/s]
[Our Model] Setup for size 5000:  70%|██████▉   | 3498/5000 [00:34<00:14, 101.79it/s]
[Our Model] Setup for size 5000:  70%|███████   | 3509/5000 [00:34<00:14, 101.60it/s]
[Our Model] Setup for size 5000:  70%|███████   | 3520/5000 [00:34<00:14, 101.64it/s]
[Our Model] Setup for size 5000:  71%|███████   | 3531/5000 [00:34<00:14, 101.70it/s]
[Our Model] Setup for size 5000:  71%|███████   | 3542/5000 [00:34<00:14, 101.49it/s]
[Our Model] Setup for size 5000:  71%|███████   | 3553/5000 [00:34<00:14, 101.66it/s]
[Our Model] Setup for size 5000:  71%|███████▏  | 3564/5000 [00:34<00:14, 101.66it/s]
[Our Model] Setup for size 5000:  72%|███████▏  | 3575/5000 [00:35<00:13, 101.88it/s]
[Our Model] Setup for size 5000:  72%|███████▏  | 3586/5000 [00:35<00:13, 101.82it/s]
[Our Model] Setup for size 5000:  72%|███████▏  | 3597/5000 [00:35<00:13, 101.86it/s]
[Our Model] Setup for size 5000:  72%|███████▏  | 3608/5000 [00:35<00:13, 102.02it/s]
[Our Model] Setup for size 5000:  72%|███████▏  | 3619/5000 [00:35<00:13, 101.89it/s]
[Our Model] Setup for size 5000:  73%|███████▎  | 3630/5000 [00:35<00:13, 102.14it/s]
[Our Model] Setup for size 5000:  73%|███████▎  | 3641/5000 [00:35<00:13, 102.07it/s]
[Our Model] Setup for size 5000:  73%|███████▎  | 3652/5000 [00:35<00:13, 102.14it/s]
[Our Model] Setup for size 5000:  73%|███████▎  | 3663/5000 [00:35<00:13, 102.45it/s]
[Our Model] Setup for size 5000:  73%|███████▎  | 3674/5000 [00:36<00:12, 102.41it/s]
[Our Model] Setup for size 5000:  74%|███████▎  | 3685/5000 [00:36<00:12, 102.51it/s]
[Our Model] Setup for size 5000:  74%|███████▍  | 3696/5000 [00:36<00:12, 102.17it/s]
[Our Model] Setup for size 5000:  74%|███████▍  | 3707/5000 [00:36<00:12, 102.25it/s]
[Our Model] Setup for size 5000:  74%|███████▍  | 3718/5000 [00:36<00:12, 102.06it/s]
[Our Model] Setup for size 5000:  75%|███████▍  | 3729/5000 [00:36<00:12, 102.14it/s]
[Our Model] Setup for size 5000:  75%|███████▍  | 3740/5000 [00:36<00:12, 102.17it/s]
[Our Model] Setup for size 5000:  75%|███████▌  | 3751/5000 [00:36<00:12, 102.04it/s]
[Our Model] Setup for size 5000:  75%|███████▌  | 3762/5000 [00:36<00:12, 102.14it/s]
[Our Model] Setup for size 5000:  75%|███████▌  | 3773/5000 [00:36<00:12, 101.89it/s]
[Our Model] Setup for size 5000:  76%|███████▌  | 3784/5000 [00:37<00:11, 102.12it/s]
[Our Model] Setup for size 5000:  76%|███████▌  | 3795/5000 [00:37<00:11, 102.13it/s]
[Our Model] Setup for size 5000:  76%|███████▌  | 3806/5000 [00:37<00:11, 101.98it/s]
[Our Model] Setup for size 5000:  76%|███████▋  | 3817/5000 [00:37<00:11, 101.99it/s]
[Our Model] Setup for size 5000:  77%|███████▋  | 3828/5000 [00:37<00:11, 101.80it/s]
[Our Model] Setup for size 5000:  77%|███████▋  | 3839/5000 [00:37<00:11, 101.98it/s]
[Our Model] Setup for size 5000:  77%|███████▋  | 3850/5000 [00:37<00:11, 101.87it/s]
[Our Model] Setup for size 5000:  77%|███████▋  | 3861/5000 [00:37<00:11, 102.13it/s]
[Our Model] Setup for size 5000:  77%|███████▋  | 3872/5000 [00:37<00:11, 102.23it/s]
[Our Model] Setup for size 5000:  78%|███████▊  | 3883/5000 [00:38<00:10, 102.23it/s]
[Our Model] Setup for size 5000:  78%|███████▊  | 3894/5000 [00:38<00:10, 102.23it/s]
[Our Model] Setup for size 5000:  78%|███████▊  | 3905/5000 [00:38<00:10, 102.12it/s]
[Our Model] Setup for size 5000:  78%|███████▊  | 3916/5000 [00:38<00:10, 102.27it/s]
[Our Model] Setup for size 5000:  79%|███████▊  | 3927/5000 [00:38<00:10, 102.30it/s]
[Our Model] Setup for size 5000:  79%|███████▉  | 3938/5000 [00:38<00:10, 102.28it/s]
[Our Model] Setup for size 5000:  79%|███████▉  | 3949/5000 [00:38<00:10, 102.27it/s]
[Our Model] Setup for size 5000:  79%|███████▉  | 3960/5000 [00:38<00:10, 100.25it/s]
[Our Model] Setup for size 5000:  79%|███████▉  | 3971/5000 [00:38<00:10, 100.87it/s]
[Our Model] Setup for size 5000:  80%|███████▉  | 3982/5000 [00:39<00:10, 101.24it/s]
[Our Model] Setup for size 5000:  80%|███████▉  | 3993/5000 [00:39<00:09, 101.64it/s]
[Our Model] Setup for size 5000:  80%|████████  | 4004/5000 [00:39<00:09, 101.94it/s]
[Our Model] Setup for size 5000:  80%|████████  | 4015/5000 [00:39<00:09, 101.83it/s]
[Our Model] Setup for size 5000:  81%|████████  | 4026/5000 [00:39<00:09, 101.94it/s]
[Our Model] Setup for size 5000:  81%|████████  | 4037/5000 [00:39<00:09, 101.84it/s]
[Our Model] Setup for size 5000:  81%|████████  | 4048/5000 [00:39<00:09, 100.06it/s]
[Our Model] Setup for size 5000:  81%|████████  | 4059/5000 [00:39<00:09, 100.72it/s]
[Our Model] Setup for size 5000:  81%|████████▏ | 4070/5000 [00:39<00:09, 101.16it/s]
[Our Model] Setup for size 5000:  82%|████████▏ | 4081/5000 [00:40<00:09, 101.46it/s]
[Our Model] Setup for size 5000:  82%|████████▏ | 4092/5000 [00:40<00:08, 101.66it/s]
[Our Model] Setup for size 5000:  82%|████████▏ | 4103/5000 [00:40<00:08, 101.88it/s]
[Our Model] Setup for size 5000:  82%|████████▏ | 4114/5000 [00:40<00:08, 101.98it/s]
[Our Model] Setup for size 5000:  82%|████████▎ | 4125/5000 [00:40<00:08, 102.05it/s]
[Our Model] Setup for size 5000:  83%|████████▎ | 4136/5000 [00:40<00:08, 102.17it/s]
[Our Model] Setup for size 5000:  83%|████████▎ | 4147/5000 [00:40<00:08, 102.03it/s]
[Our Model] Setup for size 5000:  83%|████████▎ | 4158/5000 [00:40<00:08, 102.18it/s]
[Our Model] Setup for size 5000:  83%|████████▎ | 4169/5000 [00:40<00:08, 102.23it/s]
[Our Model] Setup for size 5000:  84%|████████▎ | 4180/5000 [00:40<00:08, 102.28it/s]
[Our Model] Setup for size 5000:  84%|████████▍ | 4191/5000 [00:41<00:07, 102.53it/s]
[Our Model] Setup for size 5000:  84%|████████▍ | 4202/5000 [00:41<00:07, 102.29it/s]
[Our Model] Setup for size 5000:  84%|████████▍ | 4213/5000 [00:41<00:07, 102.39it/s]
[Our Model] Setup for size 5000:  84%|████████▍ | 4224/5000 [00:41<00:07, 102.16it/s]
[Our Model] Setup for size 5000:  85%|████████▍ | 4235/5000 [00:41<00:07, 102.04it/s]
[Our Model] Setup for size 5000:  85%|████████▍ | 4246/5000 [00:41<00:07, 102.18it/s]
[Our Model] Setup for size 5000:  85%|████████▌ | 4257/5000 [00:41<00:07, 102.09it/s]
[Our Model] Setup for size 5000:  85%|████████▌ | 4268/5000 [00:41<00:07, 102.32it/s]
[Our Model] Setup for size 5000:  86%|████████▌ | 4279/5000 [00:41<00:07, 102.15it/s]
[Our Model] Setup for size 5000:  86%|████████▌ | 4290/5000 [00:42<00:06, 102.35it/s]
[Our Model] Setup for size 5000:  86%|████████▌ | 4301/5000 [00:42<00:06, 102.13it/s]
[Our Model] Setup for size 5000:  86%|████████▌ | 4312/5000 [00:42<00:06, 102.25it/s]
[Our Model] Setup for size 5000:  86%|████████▋ | 4323/5000 [00:42<00:06, 102.23it/s]
[Our Model] Setup for size 5000:  87%|████████▋ | 4334/5000 [00:42<00:06, 102.01it/s]
[Our Model] Setup for size 5000:  87%|████████▋ | 4345/5000 [00:42<00:06, 102.17it/s]
[Our Model] Setup for size 5000:  87%|████████▋ | 4356/5000 [00:42<00:06, 102.13it/s]
[Our Model] Setup for size 5000:  87%|████████▋ | 4367/5000 [00:42<00:06, 102.21it/s]
[Our Model] Setup for size 5000:  88%|████████▊ | 4378/5000 [00:42<00:06, 102.64it/s]
[Our Model] Setup for size 5000:  88%|████████▊ | 4389/5000 [00:43<00:05, 102.28it/s]
[Our Model] Setup for size 5000:  88%|████████▊ | 4400/5000 [00:43<00:05, 102.27it/s]
[Our Model] Setup for size 5000:  88%|████████▊ | 4411/5000 [00:43<00:05, 102.25it/s]
[Our Model] Setup for size 5000:  88%|████████▊ | 4422/5000 [00:43<00:05, 102.31it/s]
[Our Model] Setup for size 5000:  89%|████████▊ | 4433/5000 [00:43<00:05, 102.16it/s]
[Our Model] Setup for size 5000:  89%|████████▉ | 4444/5000 [00:43<00:05, 102.30it/s]
[Our Model] Setup for size 5000:  89%|████████▉ | 4455/5000 [00:43<00:05, 102.28it/s]
[Our Model] Setup for size 5000:  89%|████████▉ | 4466/5000 [00:43<00:05, 102.04it/s]
[Our Model] Setup for size 5000:  90%|████████▉ | 4477/5000 [00:43<00:05, 102.19it/s]
[Our Model] Setup for size 5000:  90%|████████▉ | 4488/5000 [00:44<00:05, 102.03it/s]
[Our Model] Setup for size 5000:  90%|████████▉ | 4499/5000 [00:44<00:04, 102.26it/s]
[Our Model] Setup for size 5000:  90%|█████████ | 4510/5000 [00:44<00:04, 102.23it/s]
[Our Model] Setup for size 5000:  90%|█████████ | 4521/5000 [00:44<00:04, 102.10it/s]
[Our Model] Setup for size 5000:  91%|█████████ | 4532/5000 [00:44<00:04, 102.20it/s]
[Our Model] Setup for size 5000:  91%|█████████ | 4543/5000 [00:44<00:04, 102.07it/s]
[Our Model] Setup for size 5000:  91%|█████████ | 4554/5000 [00:44<00:04, 102.14it/s]
[Our Model] Setup for size 5000:  91%|█████████▏| 4565/5000 [00:44<00:04, 102.06it/s]
[Our Model] Setup for size 5000:  92%|█████████▏| 4576/5000 [00:44<00:04, 102.23it/s]
[Our Model] Setup for size 5000:  92%|█████████▏| 4587/5000 [00:44<00:04, 102.29it/s]
[Our Model] Setup for size 5000:  92%|█████████▏| 4598/5000 [00:45<00:03, 102.17it/s]
[Our Model] Setup for size 5000:  92%|█████████▏| 4609/5000 [00:45<00:03, 102.20it/s]
[Our Model] Setup for size 5000:  92%|█████████▏| 4620/5000 [00:45<00:03, 102.07it/s]
[Our Model] Setup for size 5000:  93%|█████████▎| 4631/5000 [00:45<00:03, 102.19it/s]
[Our Model] Setup for size 5000:  93%|█████████▎| 4642/5000 [00:45<00:03, 102.15it/s]
[Our Model] Setup for size 5000:  93%|█████████▎| 4653/5000 [00:45<00:03, 102.02it/s]
[Our Model] Setup for size 5000:  93%|█████████▎| 4664/5000 [00:45<00:03, 102.17it/s]
[Our Model] Setup for size 5000:  94%|█████████▎| 4675/5000 [00:45<00:03, 102.05it/s]
[Our Model] Setup for size 5000:  94%|█████████▎| 4686/5000 [00:45<00:03, 102.15it/s]
[Our Model] Setup for size 5000:  94%|█████████▍| 4697/5000 [00:46<00:02, 102.04it/s]
[Our Model] Setup for size 5000:  94%|█████████▍| 4708/5000 [00:46<00:02, 102.07it/s]
[Our Model] Setup for size 5000:  94%|█████████▍| 4719/5000 [00:46<00:02, 102.20it/s]
[Our Model] Setup for size 5000:  95%|█████████▍| 4730/5000 [00:46<00:02, 102.10it/s]
[Our Model] Setup for size 5000:  95%|█████████▍| 4741/5000 [00:46<00:02, 102.08it/s]
[Our Model] Setup for size 5000:  95%|█████████▌| 4752/5000 [00:46<00:02, 102.01it/s]
[Our Model] Setup for size 5000:  95%|█████████▌| 4763/5000 [00:46<00:02, 102.09it/s]
[Our Model] Setup for size 5000:  95%|█████████▌| 4774/5000 [00:46<00:02, 102.24it/s]
[Our Model] Setup for size 5000:  96%|█████████▌| 4785/5000 [00:46<00:02, 102.21it/s]
[Our Model] Setup for size 5000:  96%|█████████▌| 4796/5000 [00:47<00:01, 102.12it/s]
[Our Model] Setup for size 5000:  96%|█████████▌| 4807/5000 [00:47<00:01, 102.07it/s]
[Our Model] Setup for size 5000:  96%|█████████▋| 4818/5000 [00:47<00:01, 102.16it/s]
[Our Model] Setup for size 5000:  97%|█████████▋| 4829/5000 [00:47<00:01, 102.08it/s]
[Our Model] Setup for size 5000:  97%|█████████▋| 4840/5000 [00:47<00:01, 102.13it/s]
[Our Model] Setup for size 5000:  97%|█████████▋| 4851/5000 [00:47<00:01, 102.33it/s]
[Our Model] Setup for size 5000:  97%|█████████▋| 4862/5000 [00:47<00:01, 102.22it/s]
[Our Model] Setup for size 5000:  97%|█████████▋| 4873/5000 [00:47<00:01, 102.34it/s]
[Our Model] Setup for size 5000:  98%|█████████▊| 4884/5000 [00:47<00:01, 102.22it/s]
[Our Model] Setup for size 5000:  98%|█████████▊| 4895/5000 [00:47<00:01, 102.16it/s]
[Our Model] Setup for size 5000:  98%|█████████▊| 4906/5000 [00:48<00:00, 102.25it/s]
[Our Model] Setup for size 5000:  98%|█████████▊| 4917/5000 [00:48<00:00, 102.11it/s]
[Our Model] Setup for size 5000:  99%|█████████▊| 4928/5000 [00:48<00:00, 102.20it/s]
[Our Model] Setup for size 5000:  99%|█████████▉| 4939/5000 [00:48<00:00, 102.13it/s]
[Our Model] Setup for size 5000:  99%|█████████▉| 4950/5000 [00:48<00:00, 102.11it/s]
[Our Model] Setup for size 5000:  99%|█████████▉| 4961/5000 [00:48<00:00, 102.03it/s]
[Our Model] Setup for size 5000:  99%|█████████▉| 4972/5000 [00:48<00:00, 102.17it/s]
[Our Model] Setup for size 5000: 100%|█████████▉| 4983/5000 [00:48<00:00, 102.35it/s]
[Our Model] Setup for size 5000: 100%|█████████▉| 4994/5000 [00:48<00:00, 102.40it/s]
[Our Model] Setup for size 5000: 100%|██████████| 5000/5000 [00:49<00:00, 102.02it/s]
2025-07-15 14:47:28,674 - INFO - [Baseline Model] Revoking 5000 certificates...

[Baseline Model] Setup for size 5000:   0%|          | 0/5000 [00:00<?, ?it/s]
[Baseline Model] Setup for size 5000:   0%|          | 21/5000 [00:00<00:24, 206.24it/s]
[Baseline Model] Setup for size 5000:   1%|          | 42/5000 [00:00<00:23, 207.50it/s]
[Baseline Model] Setup for size 5000:   1%|▏         | 63/5000 [00:00<00:23, 206.44it/s]
[Baseline Model] Setup for size 5000:   2%|▏         | 84/5000 [00:00<00:23, 205.90it/s]
[Baseline Model] Setup for size 5000:   2%|▏         | 105/5000 [00:00<00:23, 207.28it/s]
[Baseline Model] Setup for size 5000:   3%|▎         | 127/5000 [00:00<00:23, 208.27it/s]
[Baseline Model] Setup for size 5000:   3%|▎         | 148/5000 [00:00<00:23, 208.75it/s]
[Baseline Model] Setup for size 5000:   3%|▎         | 170/5000 [00:00<00:23, 209.50it/s]
[Baseline Model] Setup for size 5000:   4%|▍         | 191/5000 [00:00<00:23, 207.95it/s]
[Baseline Model] Setup for size 5000:   4%|▍         | 212/5000 [00:01<00:23, 207.09it/s]
[Baseline Model] Setup for size 5000:   5%|▍         | 233/5000 [00:01<00:23, 206.82it/s]
[Baseline Model] Setup for size 5000:   5%|▌         | 254/5000 [00:01<00:22, 206.46it/s]
[Baseline Model] Setup for size 5000:   6%|▌         | 275/5000 [00:01<00:22, 205.81it/s]
[Baseline Model] Setup for size 5000:   6%|▌         | 296/5000 [00:01<00:22, 205.06it/s]
[Baseline Model] Setup for size 5000:   6%|▋         | 317/5000 [00:01<00:22, 205.58it/s]
[Baseline Model] Setup for size 5000:   7%|▋         | 338/5000 [00:01<00:22, 205.35it/s]
[Baseline Model] Setup for size 5000:   7%|▋         | 359/5000 [00:01<00:22, 205.57it/s]
[Baseline Model] Setup for size 5000:   8%|▊         | 380/5000 [00:01<00:22, 205.30it/s]
[Baseline Model] Setup for size 5000:   8%|▊         | 401/5000 [00:01<00:22, 204.67it/s]
[Baseline Model] Setup for size 5000:   8%|▊         | 422/5000 [00:02<00:22, 205.04it/s]
[Baseline Model] Setup for size 5000:   9%|▉         | 443/5000 [00:02<00:22, 204.96it/s]
[Baseline Model] Setup for size 5000:   9%|▉         | 464/5000 [00:02<00:22, 205.17it/s]
[Baseline Model] Setup for size 5000:  10%|▉         | 485/5000 [00:02<00:22, 203.95it/s]
[Baseline Model] Setup for size 5000:  10%|█         | 506/5000 [00:02<00:22, 201.49it/s]
[Baseline Model] Setup for size 5000:  11%|█         | 527/5000 [00:02<00:22, 199.30it/s]
[Baseline Model] Setup for size 5000:  11%|█         | 547/5000 [00:02<00:22, 196.99it/s]
[Baseline Model] Setup for size 5000:  11%|█▏        | 567/5000 [00:02<00:22, 196.27it/s]
[Baseline Model] Setup for size 5000:  12%|█▏        | 588/5000 [00:02<00:22, 197.68it/s]
[Baseline Model] Setup for size 5000:  12%|█▏        | 609/5000 [00:02<00:22, 198.90it/s]
[Baseline Model] Setup for size 5000:  13%|█▎        | 630/5000 [00:03<00:21, 200.46it/s]
[Baseline Model] Setup for size 5000:  13%|█▎        | 651/5000 [00:03<00:21, 201.46it/s]
[Baseline Model] Setup for size 5000:  13%|█▎        | 672/5000 [00:03<00:21, 201.83it/s]
[Baseline Model] Setup for size 5000:  14%|█▍        | 693/5000 [00:03<00:21, 201.69it/s]
[Baseline Model] Setup for size 5000:  14%|█▍        | 714/5000 [00:03<00:21, 201.42it/s]
[Baseline Model] Setup for size 5000:  15%|█▍        | 735/5000 [00:03<00:20, 203.80it/s]
[Baseline Model] Setup for size 5000:  15%|█▌        | 757/5000 [00:03<00:20, 205.99it/s]
[Baseline Model] Setup for size 5000:  16%|█▌        | 778/5000 [00:03<00:20, 206.48it/s]
[Baseline Model] Setup for size 5000:  16%|█▌        | 799/5000 [00:03<00:20, 206.56it/s]
[Baseline Model] Setup for size 5000:  16%|█▋        | 820/5000 [00:04<00:20, 206.85it/s]
[Baseline Model] Setup for size 5000:  17%|█▋        | 841/5000 [00:04<00:20, 206.11it/s]
[Baseline Model] Setup for size 5000:  17%|█▋        | 862/5000 [00:04<00:20, 205.69it/s]
[Baseline Model] Setup for size 5000:  18%|█▊        | 883/5000 [00:04<00:20, 205.02it/s]
[Baseline Model] Setup for size 5000:  18%|█▊        | 904/5000 [00:04<00:19, 204.98it/s]
[Baseline Model] Setup for size 5000:  18%|█▊        | 925/5000 [00:04<00:19, 205.12it/s]
[Baseline Model] Setup for size 5000:  19%|█▉        | 946/5000 [00:04<00:19, 204.76it/s]
[Baseline Model] Setup for size 5000:  19%|█▉        | 967/5000 [00:04<00:19, 204.87it/s]
[Baseline Model] Setup for size 5000:  20%|█▉        | 988/5000 [00:04<00:19, 204.29it/s]
[Baseline Model] Setup for size 5000:  20%|██        | 1009/5000 [00:04<00:19, 204.53it/s]
[Baseline Model] Setup for size 5000:  21%|██        | 1030/5000 [00:05<00:19, 204.75it/s]
[Baseline Model] Setup for size 5000:  21%|██        | 1051/5000 [00:05<00:19, 204.52it/s]
[Baseline Model] Setup for size 5000:  21%|██▏       | 1072/5000 [00:05<00:19, 204.72it/s]
[Baseline Model] Setup for size 5000:  22%|██▏       | 1093/5000 [00:05<00:19, 204.24it/s]
[Baseline Model] Setup for size 5000:  22%|██▏       | 1114/5000 [00:05<00:19, 204.49it/s]
[Baseline Model] Setup for size 5000:  23%|██▎       | 1135/5000 [00:05<00:18, 204.85it/s]
[Baseline Model] Setup for size 5000:  23%|██▎       | 1156/5000 [00:05<00:18, 204.64it/s]
[Baseline Model] Setup for size 5000:  24%|██▎       | 1177/5000 [00:05<00:18, 205.01it/s]
[Baseline Model] Setup for size 5000:  24%|██▍       | 1198/5000 [00:05<00:18, 204.97it/s]
[Baseline Model] Setup for size 5000:  24%|██▍       | 1219/5000 [00:05<00:18, 204.85it/s]
[Baseline Model] Setup for size 5000:  25%|██▍       | 1240/5000 [00:06<00:18, 205.05it/s]
[Baseline Model] Setup for size 5000:  25%|██▌       | 1261/5000 [00:06<00:18, 204.71it/s]
[Baseline Model] Setup for size 5000:  26%|██▌       | 1282/5000 [00:06<00:18, 204.99it/s]
[Baseline Model] Setup for size 5000:  26%|██▌       | 1303/5000 [00:06<00:18, 196.73it/s]
[Baseline Model] Setup for size 5000:  26%|██▋       | 1324/5000 [00:06<00:18, 199.06it/s]
[Baseline Model] Setup for size 5000:  27%|██▋       | 1345/5000 [00:06<00:18, 200.88it/s]
[Baseline Model] Setup for size 5000:  27%|██▋       | 1366/5000 [00:06<00:18, 201.85it/s]
[Baseline Model] Setup for size 5000:  28%|██▊       | 1387/5000 [00:06<00:17, 202.91it/s]
[Baseline Model] Setup for size 5000:  28%|██▊       | 1408/5000 [00:06<00:17, 203.33it/s]
[Baseline Model] Setup for size 5000:  29%|██▊       | 1429/5000 [00:07<00:17, 203.61it/s]
[Baseline Model] Setup for size 5000:  29%|██▉       | 1450/5000 [00:07<00:17, 204.08it/s]
[Baseline Model] Setup for size 5000:  29%|██▉       | 1471/5000 [00:07<00:17, 204.43it/s]
[Baseline Model] Setup for size 5000:  30%|██▉       | 1492/5000 [00:07<00:17, 204.45it/s]
[Baseline Model] Setup for size 5000:  30%|███       | 1513/5000 [00:07<00:17, 203.09it/s]
[Baseline Model] Setup for size 5000:  31%|███       | 1534/5000 [00:07<00:17, 199.89it/s]
[Baseline Model] Setup for size 5000:  31%|███       | 1555/5000 [00:07<00:17, 201.38it/s]
[Baseline Model] Setup for size 5000:  32%|███▏      | 1576/5000 [00:07<00:16, 202.18it/s]
[Baseline Model] Setup for size 5000:  32%|███▏      | 1597/5000 [00:07<00:16, 203.28it/s]
[Baseline Model] Setup for size 5000:  32%|███▏      | 1618/5000 [00:07<00:16, 203.78it/s]
[Baseline Model] Setup for size 5000:  33%|███▎      | 1639/5000 [00:08<00:16, 203.95it/s]
[Baseline Model] Setup for size 5000:  33%|███▎      | 1660/5000 [00:08<00:16, 204.26it/s]
[Baseline Model] Setup for size 5000:  34%|███▎      | 1681/5000 [00:08<00:16, 204.27it/s]
[Baseline Model] Setup for size 5000:  34%|███▍      | 1702/5000 [00:08<00:16, 204.52it/s]
[Baseline Model] Setup for size 5000:  34%|███▍      | 1723/5000 [00:08<00:16, 204.45it/s]
[Baseline Model] Setup for size 5000:  35%|███▍      | 1744/5000 [00:08<00:15, 204.17it/s]
[Baseline Model] Setup for size 5000:  35%|███▌      | 1765/5000 [00:08<00:15, 204.41it/s]
[Baseline Model] Setup for size 5000:  36%|███▌      | 1786/5000 [00:08<00:15, 204.36it/s]
[Baseline Model] Setup for size 5000:  36%|███▌      | 1807/5000 [00:08<00:15, 204.77it/s]
[Baseline Model] Setup for size 5000:  37%|███▋      | 1828/5000 [00:08<00:15, 204.64it/s]
[Baseline Model] Setup for size 5000:  37%|███▋      | 1849/5000 [00:09<00:15, 204.55it/s]
[Baseline Model] Setup for size 5000:  37%|███▋      | 1870/5000 [00:09<00:15, 204.65it/s]
[Baseline Model] Setup for size 5000:  38%|███▊      | 1891/5000 [00:09<00:15, 204.39it/s]
[Baseline Model] Setup for size 5000:  38%|███▊      | 1912/5000 [00:09<00:15, 204.42it/s]
[Baseline Model] Setup for size 5000:  39%|███▊      | 1933/5000 [00:09<00:15, 204.39it/s]
[Baseline Model] Setup for size 5000:  39%|███▉      | 1954/5000 [00:09<00:14, 204.15it/s]
[Baseline Model] Setup for size 5000:  40%|███▉      | 1975/5000 [00:09<00:14, 204.33it/s]
[Baseline Model] Setup for size 5000:  40%|███▉      | 1996/5000 [00:09<00:14, 204.24it/s]
[Baseline Model] Setup for size 5000:  40%|████      | 2017/5000 [00:09<00:14, 204.64it/s]
[Baseline Model] Setup for size 5000:  41%|████      | 2038/5000 [00:09<00:14, 204.55it/s]
[Baseline Model] Setup for size 5000:  41%|████      | 2059/5000 [00:10<00:14, 204.42it/s]
[Baseline Model] Setup for size 5000:  42%|████▏     | 2080/5000 [00:10<00:14, 204.42it/s]
[Baseline Model] Setup for size 5000:  42%|████▏     | 2101/5000 [00:10<00:14, 204.32it/s]
[Baseline Model] Setup for size 5000:  42%|████▏     | 2122/5000 [00:10<00:14, 204.40it/s]
[Baseline Model] Setup for size 5000:  43%|████▎     | 2143/5000 [00:10<00:13, 204.37it/s]
[Baseline Model] Setup for size 5000:  43%|████▎     | 2164/5000 [00:10<00:13, 204.12it/s]
[Baseline Model] Setup for size 5000:  44%|████▎     | 2185/5000 [00:10<00:13, 204.21it/s]
[Baseline Model] Setup for size 5000:  44%|████▍     | 2206/5000 [00:10<00:13, 204.31it/s]
[Baseline Model] Setup for size 5000:  45%|████▍     | 2227/5000 [00:10<00:13, 204.36it/s]
[Baseline Model] Setup for size 5000:  45%|████▍     | 2248/5000 [00:11<00:13, 204.46it/s]
[Baseline Model] Setup for size 5000:  45%|████▌     | 2269/5000 [00:11<00:13, 204.17it/s]
[Baseline Model] Setup for size 5000:  46%|████▌     | 2290/5000 [00:11<00:13, 204.33it/s]
[Baseline Model] Setup for size 5000:  46%|████▌     | 2311/5000 [00:11<00:13, 204.14it/s]
[Baseline Model] Setup for size 5000:  47%|████▋     | 2332/5000 [00:11<00:13, 204.19it/s]
[Baseline Model] Setup for size 5000:  47%|████▋     | 2353/5000 [00:11<00:12, 204.37it/s]
[Baseline Model] Setup for size 5000:  47%|████▋     | 2374/5000 [00:11<00:12, 204.19it/s]
[Baseline Model] Setup for size 5000:  48%|████▊     | 2395/5000 [00:11<00:12, 204.56it/s]
[Baseline Model] Setup for size 5000:  48%|████▊     | 2416/5000 [00:11<00:12, 204.80it/s]
[Baseline Model] Setup for size 5000:  49%|████▊     | 2437/5000 [00:11<00:12, 204.47it/s]
[Baseline Model] Setup for size 5000:  49%|████▉     | 2458/5000 [00:12<00:12, 204.66it/s]
[Baseline Model] Setup for size 5000:  50%|████▉     | 2479/5000 [00:12<00:12, 204.32it/s]
[Baseline Model] Setup for size 5000:  50%|█████     | 2500/5000 [00:12<00:12, 204.47it/s]
[Baseline Model] Setup for size 5000:  50%|█████     | 2521/5000 [00:12<00:12, 204.51it/s]
[Baseline Model] Setup for size 5000:  51%|█████     | 2542/5000 [00:12<00:12, 204.07it/s]
[Baseline Model] Setup for size 5000:  51%|█████▏    | 2563/5000 [00:12<00:11, 204.22it/s]
[Baseline Model] Setup for size 5000:  52%|█████▏    | 2584/5000 [00:12<00:11, 203.97it/s]
[Baseline Model] Setup for size 5000:  52%|█████▏    | 2605/5000 [00:12<00:11, 204.15it/s]
[Baseline Model] Setup for size 5000:  53%|█████▎    | 2626/5000 [00:12<00:11, 204.39it/s]
[Baseline Model] Setup for size 5000:  53%|█████▎    | 2647/5000 [00:12<00:11, 203.82it/s]
[Baseline Model] Setup for size 5000:  53%|█████▎    | 2668/5000 [00:13<00:11, 204.25it/s]
[Baseline Model] Setup for size 5000:  54%|█████▍    | 2689/5000 [00:13<00:11, 204.05it/s]
[Baseline Model] Setup for size 5000:  54%|█████▍    | 2710/5000 [00:13<00:11, 204.45it/s]
[Baseline Model] Setup for size 5000:  55%|█████▍    | 2731/5000 [00:13<00:11, 204.45it/s]
[Baseline Model] Setup for size 5000:  55%|█████▌    | 2752/5000 [00:13<00:11, 204.02it/s]
[Baseline Model] Setup for size 5000:  55%|█████▌    | 2773/5000 [00:13<00:10, 204.38it/s]
[Baseline Model] Setup for size 5000:  56%|█████▌    | 2794/5000 [00:13<00:10, 204.02it/s]
[Baseline Model] Setup for size 5000:  56%|█████▋    | 2815/5000 [00:13<00:10, 204.17it/s]
[Baseline Model] Setup for size 5000:  57%|█████▋    | 2836/5000 [00:13<00:10, 204.35it/s]
[Baseline Model] Setup for size 5000:  57%|█████▋    | 2857/5000 [00:13<00:10, 203.90it/s]
[Baseline Model] Setup for size 5000:  58%|█████▊    | 2878/5000 [00:14<00:10, 204.05it/s]
[Baseline Model] Setup for size 5000:  58%|█████▊    | 2899/5000 [00:14<00:10, 203.84it/s]
[Baseline Model] Setup for size 5000:  58%|█████▊    | 2920/5000 [00:14<00:10, 204.23it/s]
[Baseline Model] Setup for size 5000:  59%|█████▉    | 2941/5000 [00:14<00:10, 204.28it/s]
[Baseline Model] Setup for size 5000:  59%|█████▉    | 2962/5000 [00:14<00:09, 203.83it/s]
[Baseline Model] Setup for size 5000:  60%|█████▉    | 2983/5000 [00:14<00:09, 204.09it/s]
[Baseline Model] Setup for size 5000:  60%|██████    | 3004/5000 [00:14<00:09, 204.06it/s]
[Baseline Model] Setup for size 5000:  60%|██████    | 3025/5000 [00:14<00:09, 204.47it/s]
[Baseline Model] Setup for size 5000:  61%|██████    | 3046/5000 [00:14<00:09, 204.47it/s]
[Baseline Model] Setup for size 5000:  61%|██████▏   | 3067/5000 [00:15<00:09, 204.22it/s]
[Baseline Model] Setup for size 5000:  62%|██████▏   | 3088/5000 [00:15<00:09, 204.24it/s]
[Baseline Model] Setup for size 5000:  62%|██████▏   | 3109/5000 [00:15<00:09, 204.46it/s]
[Baseline Model] Setup for size 5000:  63%|██████▎   | 3130/5000 [00:15<00:09, 204.40it/s]
[Baseline Model] Setup for size 5000:  63%|██████▎   | 3151/5000 [00:15<00:09, 204.52it/s]
[Baseline Model] Setup for size 5000:  63%|██████▎   | 3172/5000 [00:15<00:08, 204.20it/s]
[Baseline Model] Setup for size 5000:  64%|██████▍   | 3193/5000 [00:15<00:08, 204.41it/s]
[Baseline Model] Setup for size 5000:  64%|██████▍   | 3214/5000 [00:15<00:08, 204.34it/s]
[Baseline Model] Setup for size 5000:  65%|██████▍   | 3235/5000 [00:15<00:08, 204.44it/s]
[Baseline Model] Setup for size 5000:  65%|██████▌   | 3256/5000 [00:15<00:08, 204.23it/s]
[Baseline Model] Setup for size 5000:  66%|██████▌   | 3277/5000 [00:16<00:08, 203.84it/s]
[Baseline Model] Setup for size 5000:  66%|██████▌   | 3298/5000 [00:16<00:08, 203.93it/s]
[Baseline Model] Setup for size 5000:  66%|██████▋   | 3319/5000 [00:16<00:08, 203.99it/s]
[Baseline Model] Setup for size 5000:  67%|██████▋   | 3340/5000 [00:16<00:08, 204.05it/s]
[Baseline Model] Setup for size 5000:  67%|██████▋   | 3361/5000 [00:16<00:08, 204.00it/s]
[Baseline Model] Setup for size 5000:  68%|██████▊   | 3382/5000 [00:16<00:07, 203.60it/s]
[Baseline Model] Setup for size 5000:  68%|██████▊   | 3403/5000 [00:16<00:07, 203.86it/s]
[Baseline Model] Setup for size 5000:  68%|██████▊   | 3424/5000 [00:16<00:07, 204.09it/s]
[Baseline Model] Setup for size 5000:  69%|██████▉   | 3445/5000 [00:16<00:07, 204.18it/s]
[Baseline Model] Setup for size 5000:  69%|██████▉   | 3466/5000 [00:16<00:07, 204.25it/s]
[Baseline Model] Setup for size 5000:  70%|██████▉   | 3487/5000 [00:17<00:07, 203.71it/s]
[Baseline Model] Setup for size 5000:  70%|███████   | 3508/5000 [00:17<00:07, 203.86it/s]
[Baseline Model] Setup for size 5000:  71%|███████   | 3529/5000 [00:17<00:07, 204.05it/s]
[Baseline Model] Setup for size 5000:  71%|███████   | 3550/5000 [00:17<00:07, 203.81it/s]
[Baseline Model] Setup for size 5000:  71%|███████▏  | 3571/5000 [00:17<00:07, 203.72it/s]
[Baseline Model] Setup for size 5000:  72%|███████▏  | 3592/5000 [00:17<00:06, 203.20it/s]
[Baseline Model] Setup for size 5000:  72%|███████▏  | 3613/5000 [00:17<00:06, 203.53it/s]
[Baseline Model] Setup for size 5000:  73%|███████▎  | 3634/5000 [00:17<00:06, 203.87it/s]
[Baseline Model] Setup for size 5000:  73%|███████▎  | 3655/5000 [00:17<00:06, 203.99it/s]
[Baseline Model] Setup for size 5000:  74%|███████▎  | 3676/5000 [00:18<00:06, 203.99it/s]
[Baseline Model] Setup for size 5000:  74%|███████▍  | 3697/5000 [00:18<00:06, 203.75it/s]
[Baseline Model] Setup for size 5000:  74%|███████▍  | 3718/5000 [00:18<00:06, 204.05it/s]
[Baseline Model] Setup for size 5000:  75%|███████▍  | 3739/5000 [00:18<00:06, 204.04it/s]
[Baseline Model] Setup for size 5000:  75%|███████▌  | 3760/5000 [00:18<00:06, 203.87it/s]
[Baseline Model] Setup for size 5000:  76%|███████▌  | 3781/5000 [00:18<00:05, 204.32it/s]
[Baseline Model] Setup for size 5000:  76%|███████▌  | 3802/5000 [00:18<00:05, 204.01it/s]
[Baseline Model] Setup for size 5000:  76%|███████▋  | 3823/5000 [00:18<00:05, 204.31it/s]
[Baseline Model] Setup for size 5000:  77%|███████▋  | 3844/5000 [00:18<00:05, 204.35it/s]
[Baseline Model] Setup for size 5000:  77%|███████▋  | 3865/5000 [00:18<00:05, 204.06it/s]
[Baseline Model] Setup for size 5000:  78%|███████▊  | 3886/5000 [00:19<00:05, 204.34it/s]
[Baseline Model] Setup for size 5000:  78%|███████▊  | 3907/5000 [00:19<00:05, 203.72it/s]
[Baseline Model] Setup for size 5000:  79%|███████▊  | 3928/5000 [00:19<00:05, 204.00it/s]
[Baseline Model] Setup for size 5000:  79%|███████▉  | 3949/5000 [00:19<00:05, 203.47it/s]
[Baseline Model] Setup for size 5000:  79%|███████▉  | 3970/5000 [00:19<00:05, 203.04it/s]
[Baseline Model] Setup for size 5000:  80%|███████▉  | 3991/5000 [00:19<00:04, 203.54it/s]
[Baseline Model] Setup for size 5000:  80%|████████  | 4012/5000 [00:19<00:04, 203.26it/s]
[Baseline Model] Setup for size 5000:  81%|████████  | 4033/5000 [00:19<00:04, 203.80it/s]
[Baseline Model] Setup for size 5000:  81%|████████  | 4054/5000 [00:19<00:04, 204.24it/s]
[Baseline Model] Setup for size 5000:  82%|████████▏ | 4075/5000 [00:19<00:04, 203.87it/s]
[Baseline Model] Setup for size 5000:  82%|████████▏ | 4096/5000 [00:20<00:04, 203.95it/s]
[Baseline Model] Setup for size 5000:  82%|████████▏ | 4117/5000 [00:20<00:04, 203.67it/s]
[Baseline Model] Setup for size 5000:  83%|████████▎ | 4138/5000 [00:20<00:04, 203.96it/s]
[Baseline Model] Setup for size 5000:  83%|████████▎ | 4159/5000 [00:20<00:04, 203.70it/s]
[Baseline Model] Setup for size 5000:  84%|████████▎ | 4180/5000 [00:20<00:04, 203.34it/s]
[Baseline Model] Setup for size 5000:  84%|████████▍ | 4201/5000 [00:20<00:03, 202.93it/s]
[Baseline Model] Setup for size 5000:  84%|████████▍ | 4222/5000 [00:20<00:03, 200.34it/s]
[Baseline Model] Setup for size 5000:  85%|████████▍ | 4243/5000 [00:20<00:03, 201.22it/s]
[Baseline Model] Setup for size 5000:  85%|████████▌ | 4264/5000 [00:20<00:03, 202.61it/s]
[Baseline Model] Setup for size 5000:  86%|████████▌ | 4285/5000 [00:21<00:03, 203.39it/s]
[Baseline Model] Setup for size 5000:  86%|████████▌ | 4306/5000 [00:21<00:03, 203.88it/s]
[Baseline Model] Setup for size 5000:  87%|████████▋ | 4327/5000 [00:21<00:03, 204.25it/s]
[Baseline Model] Setup for size 5000:  87%|████████▋ | 4348/5000 [00:21<00:03, 203.16it/s]
[Baseline Model] Setup for size 5000:  87%|████████▋ | 4369/5000 [00:21<00:03, 203.38it/s]
[Baseline Model] Setup for size 5000:  88%|████████▊ | 4390/5000 [00:21<00:02, 203.81it/s]
[Baseline Model] Setup for size 5000:  88%|████████▊ | 4411/5000 [00:21<00:02, 204.32it/s]
[Baseline Model] Setup for size 5000:  89%|████████▊ | 4432/5000 [00:21<00:02, 204.78it/s]
[Baseline Model] Setup for size 5000:  89%|████████▉ | 4453/5000 [00:21<00:02, 204.96it/s]
[Baseline Model] Setup for size 5000:  89%|████████▉ | 4474/5000 [00:21<00:02, 205.03it/s]
[Baseline Model] Setup for size 5000:  90%|████████▉ | 4495/5000 [00:22<00:02, 204.20it/s]
[Baseline Model] Setup for size 5000:  90%|█████████ | 4516/5000 [00:22<00:02, 204.40it/s]
[Baseline Model] Setup for size 5000:  91%|█████████ | 4537/5000 [00:22<00:02, 204.56it/s]
[Baseline Model] Setup for size 5000:  91%|█████████ | 4558/5000 [00:22<00:02, 204.49it/s]
[Baseline Model] Setup for size 5000:  92%|█████████▏| 4579/5000 [00:22<00:02, 199.09it/s]
[Baseline Model] Setup for size 5000:  92%|█████████▏| 4600/5000 [00:22<00:01, 200.69it/s]
[Baseline Model] Setup for size 5000:  92%|█████████▏| 4621/5000 [00:22<00:01, 202.34it/s]
[Baseline Model] Setup for size 5000:  93%|█████████▎| 4642/5000 [00:22<00:01, 203.50it/s]
[Baseline Model] Setup for size 5000:  93%|█████████▎| 4663/5000 [00:22<00:01, 203.95it/s]
[Baseline Model] Setup for size 5000:  94%|█████████▎| 4684/5000 [00:22<00:01, 204.86it/s]
[Baseline Model] Setup for size 5000:  94%|█████████▍| 4705/5000 [00:23<00:01, 204.19it/s]
[Baseline Model] Setup for size 5000:  95%|█████████▍| 4726/5000 [00:23<00:01, 204.41it/s]
[Baseline Model] Setup for size 5000:  95%|█████████▍| 4747/5000 [00:23<00:01, 204.82it/s]
[Baseline Model] Setup for size 5000:  95%|█████████▌| 4768/5000 [00:23<00:01, 204.69it/s]
[Baseline Model] Setup for size 5000:  96%|█████████▌| 4789/5000 [00:23<00:01, 204.10it/s]
[Baseline Model] Setup for size 5000:  96%|█████████▌| 4810/5000 [00:23<00:00, 203.89it/s]
[Baseline Model] Setup for size 5000:  97%|█████████▋| 4831/5000 [00:23<00:00, 203.90it/s]
[Baseline Model] Setup for size 5000:  97%|█████████▋| 4852/5000 [00:23<00:00, 204.22it/s]
[Baseline Model] Setup for size 5000:  97%|█████████▋| 4873/5000 [00:23<00:00, 204.38it/s]
[Baseline Model] Setup for size 5000:  98%|█████████▊| 4894/5000 [00:23<00:00, 204.21it/s]
[Baseline Model] Setup for size 5000:  98%|█████████▊| 4915/5000 [00:24<00:00, 204.22it/s]
[Baseline Model] Setup for size 5000:  99%|█████████▊| 4936/5000 [00:24<00:00, 204.42it/s]
[Baseline Model] Setup for size 5000:  99%|█████████▉| 4957/5000 [00:24<00:00, 204.61it/s]
[Baseline Model] Setup for size 5000: 100%|█████████▉| 4978/5000 [00:24<00:00, 203.98it/s]
[Baseline Model] Setup for size 5000: 100%|█████████▉| 4999/5000 [00:24<00:00, 204.23it/s]
[Baseline Model] Setup for size 5000: 100%|██████████| 5000/5000 [00:24<00:00, 204.02it/s]
2025-07-15 14:47:53,182 - INFO - Measuring verification performance for size 5000 (100 queries)...

Verification Measurement:   0%|          | 0/100 [00:00<?, ?it/s]
Verification Measurement:  19%|█▉        | 19/100 [00:00<00:00, 184.89it/s]
Verification Measurement:  38%|███▊      | 38/100 [00:00<00:00, 185.02it/s]
Verification Measurement:  57%|█████▋    | 57/100 [00:00<00:00, 186.13it/s]
Verification Measurement:  76%|███████▌  | 76/100 [00:00<00:00, 186.70it/s]
Verification Measurement:  95%|█████████▌| 95/100 [00:00<00:00, 186.80it/s]
Verification Measurement: 100%|██████████| 100/100 [00:00<00:00, 186.50it/s]
2025-07-15 14:47:53,718 - ERROR - 实验 5 运行失败: list index out of range
Traceback (most recent call last):
  File "/Users/yangzongyou/Downloads/iccip 2022/code_exp/scripts/temp_exp5.py", line 63, in <module>
    main_logic()
  File "/Users/yangzongyou/Downloads/iccip 2022/code_exp/scripts/temp_exp5.py", line 54, in main_logic
    run_experiment_5_revocation(helper, cert_factory, baseline_revocation_factory)
  File "/Users/yangzongyou/Downloads/iccip 2022/code_exp/scripts/simulation.py", line 332, in run_experiment_5_revocation
    new_hash_to_revoke = certificate_hashes[size + num_verifications]
                         ~~~~~~~~~~~~~~~~~~^^^^^^^^^^^^^^^^^^^^^^^^^^
IndexError: list index out of range

2025-07-15 14:47:53,814 - ERROR - 实验5: 撤销机制效率分析 运行失败，继续下一个实验
2025-07-15 14:47:58,818 - INFO - 运行 实验6: 节点故障恢复测试
2025-07-15 14:47:58,818 - INFO - 运行实验6 - 节点故障恢复测试
2025-07-15 14:47:58,818 - INFO - 运行命令：['python', '/Users/yangzongyou/Downloads/iccip 2022/code_exp/scripts/run_fault_test.py'] (CWD: /Users/yangzongyou/Downloads/iccip 2022/code_exp)
2025-07-15 14:54:49,948 - INFO - 命令成功完成：['python', '/Users/yangzongyou/Downloads/iccip 2022/code_exp/scripts/run_fault_test.py']
2025-07-15 14:54:49,949 - INFO - 实验6: 节点故障恢复测试 运行成功
2025-07-15 14:54:49,949 - INFO - 分析所有实验结果
2025-07-15 14:54:49,949 - INFO - 分析所有实验结果
2025-07-15 14:54:49,949 - INFO - 运行命令：['python', 'analyze_results.py'] (CWD: /Users/yangzongyou/Downloads/iccip 2022/code_exp/scripts)
2025-07-15 14:54:53,725 - INFO - 命令成功完成：['python', 'analyze_results.py']
2025-07-15 14:54:53,726 - INFO - 运行命令：['python', 'analyze_fault_tolerance.py'] (CWD: /Users/yangzongyou/Downloads/iccip 2022/code_exp/scripts)
2025-07-15 14:54:54,855 - INFO - 命令成功完成：['python', 'analyze_fault_tolerance.py']
2025-07-15 14:54:54,855 - INFO - 实验结果分析成功
2025-07-15 14:54:54,855 - INFO - Hardhat节点已关闭
2025-07-15 14:54:54,855 - INFO - ====== 所有实验运行完成 ======
2025-07-15 14:54:54,855 - INFO - 请查看 data/ 目录和 analysis/ 目录获取实验结果和分析
