2025-07-15 10:39:07,473 - INFO - ====== 开始分别运行所有实验 ======
2025-07-15 10:39:07,473 - INFO - 步骤1: 生成证书数据集
2025-07-15 10:39:07,473 - INFO - 运行命令：['python', 'generate_dataset.py'] (CWD: /Users/yangzongyou/Downloads/iccip 2022/code_exp/scripts)
2025-07-15 10:39:16,182 - INFO - 命令成功完成：['python', 'generate_dataset.py']
2025-07-15 10:39:16,182 - INFO - 步骤2: 检查Hardhat节点
2025-07-15 10:39:16,185 - INFO - Hardhat节点已在运行
2025-07-15 10:39:16,185 - INFO - 运行 实验1: 基础性能评估
2025-07-15 10:39:16,185 - INFO - 运行实验1 - 基础性能评估
2025-07-15 10:39:16,185 - INFO - 运行命令：['python', 'temp_exp1.py'] (CWD: /Users/yangzongyou/Downloads/iccip 2022/code_exp/scripts)
2025-07-15 10:39:22,225 - ERROR - 命令执行失败：['python', 'temp_exp1.py']
2025-07-15 10:39:22,225 - ERROR - 错误输出：2025-07-15 10:39:16,933 - INFO - ====== 开始运行实验 1 ======
2025-07-15 10:39:22,020 - INFO - Connected to Web3. Default account: 0xf39Fd6e51aad88F6F4ce6aB8827279cffFb92266
2025-07-15 10:39:22,144 - ERROR - 实验 1 运行失败: name 'experiment_number' is not defined
Traceback (most recent call last):
  File "/Users/yangzongyou/Downloads/iccip 2022/code_exp/scripts/temp_exp1.py", line 93, in <module>
    run()
  File "/Users/yangzongyou/Downloads/iccip 2022/code_exp/scripts/temp_exp1.py", line 60, in run
    if experiment_number in [1, 2, 3]:
NameError: name 'experiment_number' is not defined

2025-07-15 10:39:22,225 - ERROR - 实验1: 基础性能评估 运行失败，继续下一个实验
2025-07-15 10:39:22,225 - INFO - 运行 实验2: 吞吐量分析
2025-07-15 10:39:22,225 - INFO - 运行实验2 - 吸吐量分析
2025-07-15 10:39:22,226 - INFO - 运行命令：['python', 'temp_exp2.py'] (CWD: /Users/yangzongyou/Downloads/iccip 2022/code_exp/scripts)
2025-07-15 10:39:28,697 - ERROR - 命令执行失败：['python', 'temp_exp2.py']
2025-07-15 10:39:28,697 - ERROR - 错误输出：2025-07-15 10:39:23,436 - INFO - ====== 开始运行实验 2 ======
2025-07-15 10:39:28,490 - INFO - Connected to Web3. Default account: 0xf39Fd6e51aad88F6F4ce6aB8827279cffFb92266
2025-07-15 10:39:28,614 - ERROR - 实验 2 运行失败: name 'experiment_number' is not defined
Traceback (most recent call last):
  File "/Users/yangzongyou/Downloads/iccip 2022/code_exp/scripts/temp_exp2.py", line 93, in <module>
    run()
  File "/Users/yangzongyou/Downloads/iccip 2022/code_exp/scripts/temp_exp2.py", line 60, in run
    if experiment_number in [1, 2, 3]:
NameError: name 'experiment_number' is not defined

2025-07-15 10:39:28,697 - ERROR - 实验2: 吞吐量分析 运行失败，继续下一个实验
2025-07-15 10:39:28,697 - INFO - 运行 实验3: 可扩展性分析
2025-07-15 10:39:28,697 - INFO - 运行实验3 - 可扩展性测试
2025-07-15 10:39:28,698 - INFO - 运行命令：['python', 'temp_exp3.py'] (CWD: /Users/yangzongyou/Downloads/iccip 2022/code_exp/scripts)
2025-07-15 10:39:34,818 - ERROR - 命令执行失败：['python', 'temp_exp3.py']
2025-07-15 10:39:34,818 - ERROR - 错误输出：2025-07-15 10:39:29,527 - INFO - ====== 开始运行实验 3 ======
2025-07-15 10:39:34,577 - INFO - Connected to Web3. Default account: 0xf39Fd6e51aad88F6F4ce6aB8827279cffFb92266
2025-07-15 10:39:34,722 - ERROR - 实验 3 运行失败: name 'experiment_number' is not defined
Traceback (most recent call last):
  File "/Users/yangzongyou/Downloads/iccip 2022/code_exp/scripts/temp_exp3.py", line 93, in <module>
    run()
  File "/Users/yangzongyou/Downloads/iccip 2022/code_exp/scripts/temp_exp3.py", line 60, in run
    if experiment_number in [1, 2, 3]:
NameError: name 'experiment_number' is not defined

2025-07-15 10:39:34,818 - ERROR - 实验3: 可扩展性分析 运行失败，继续下一个实验
2025-07-15 10:39:34,818 - INFO - 运行 实验4: 存储成本对比分析
2025-07-15 10:39:34,818 - INFO - 运行实验4 - 存储成本对比分析
2025-07-15 10:39:34,819 - INFO - 运行命令：['python', 'temp_exp4.py'] (CWD: /Users/yangzongyou/Downloads/iccip 2022/code_exp/scripts)
2025-07-15 10:39:41,205 - ERROR - 命令执行失败：['python', 'temp_exp4.py']
2025-07-15 10:39:41,205 - ERROR - 错误输出：2025-07-15 10:39:35,926 - INFO - ====== 开始运行实验 4 ======
2025-07-15 10:39:40,996 - INFO - Connected to Web3. Default account: 0xf39Fd6e51aad88F6F4ce6aB8827279cffFb92266
2025-07-15 10:39:41,122 - ERROR - 实验 4 运行失败: name 'experiment_number' is not defined
Traceback (most recent call last):
  File "/Users/yangzongyou/Downloads/iccip 2022/code_exp/scripts/temp_exp4.py", line 93, in <module>
    run()
  File "/Users/yangzongyou/Downloads/iccip 2022/code_exp/scripts/temp_exp4.py", line 60, in run
    if experiment_number in [1, 2, 3]:
NameError: name 'experiment_number' is not defined

2025-07-15 10:39:41,205 - ERROR - 实验4: 存储成本对比分析 运行失败，继续下一个实验
2025-07-15 10:39:41,205 - INFO - 运行 实验5: 撤销机制效率分析
2025-07-15 10:39:41,205 - INFO - 运行实验5 - 撤销机制效率分析
2025-07-15 10:39:41,206 - INFO - 运行命令：['python', 'temp_exp5.py'] (CWD: /Users/yangzongyou/Downloads/iccip 2022/code_exp/scripts)
2025-07-15 10:39:47,353 - ERROR - 命令执行失败：['python', 'temp_exp5.py']
2025-07-15 10:39:47,353 - ERROR - 错误输出：2025-07-15 10:39:42,073 - INFO - ====== 开始运行实验 5 ======
2025-07-15 10:39:47,120 - INFO - Connected to Web3. Default account: 0xf39Fd6e51aad88F6F4ce6aB8827279cffFb92266
2025-07-15 10:39:47,258 - ERROR - 实验 5 运行失败: name 'experiment_number' is not defined
Traceback (most recent call last):
  File "/Users/yangzongyou/Downloads/iccip 2022/code_exp/scripts/temp_exp5.py", line 93, in <module>
    run()
  File "/Users/yangzongyou/Downloads/iccip 2022/code_exp/scripts/temp_exp5.py", line 60, in run
    if experiment_number in [1, 2, 3]:
NameError: name 'experiment_number' is not defined

2025-07-15 10:39:47,353 - ERROR - 实验5: 撤销机制效率分析 运行失败，继续下一个实验
2025-07-15 10:39:47,354 - INFO - 运行 实验6: 节点故障恢复测试
2025-07-15 10:39:47,354 - INFO - 运行实验6 - 节点故障恢复测试
2025-07-15 10:39:47,354 - INFO - 运行命令：['python', '/Users/yangzongyou/Downloads/iccip 2022/code_exp/scripts/run_fault_test.py'] (CWD: /Users/yangzongyou/Downloads/iccip 2022/code_exp)
2025-07-15 10:42:17,708 - INFO - 命令成功完成：['python', '/Users/yangzongyou/Downloads/iccip 2022/code_exp/scripts/run_fault_test.py']
2025-07-15 10:42:17,709 - INFO - 实验6: 节点故障恢复测试 运行成功
2025-07-15 10:42:17,709 - INFO - 分析所有实验结果
2025-07-15 10:42:17,709 - INFO - 分析所有实验结果
2025-07-15 10:42:17,709 - INFO - 运行命令：['python', 'analyze_results.py'] (CWD: /Users/yangzongyou/Downloads/iccip 2022/code_exp/scripts)
2025-07-15 10:42:18,875 - INFO - 命令成功完成：['python', 'analyze_results.py']
2025-07-15 10:42:18,875 - INFO - 运行命令：['python', 'analyze_fault_tolerance.py'] (CWD: /Users/yangzongyou/Downloads/iccip 2022/code_exp/scripts)
2025-07-15 10:42:19,584 - INFO - 命令成功完成：['python', 'analyze_fault_tolerance.py']
2025-07-15 10:42:19,584 - INFO - 实验结果分析成功
2025-07-15 10:42:19,584 - INFO - ====== 所有实验运行完成 ======
2025-07-15 10:42:19,584 - INFO - 请查看 data/ 目录和 analysis/ 目录获取实验结果和分析
