2025-07-15 10:42:41,820 - INFO - ====== 开始分别运行所有实验 ======
2025-07-15 10:42:41,820 - INFO - 步骤1: 生成证书数据集
2025-07-15 10:42:41,820 - INFO - 运行命令：['python', 'generate_dataset.py'] (CWD: /Users/yangzongyou/Downloads/iccip 2022/code_exp/scripts)
2025-07-15 10:42:52,046 - INFO - 命令成功完成：['python', 'generate_dataset.py']
2025-07-15 10:42:52,046 - INFO - 步骤2: 检查Hardhat节点
2025-07-15 10:42:52,049 - INFO - Hardhat节点已在运行
2025-07-15 10:42:52,050 - INFO - 运行 实验1: 基础性能评估
2025-07-15 10:42:52,050 - INFO - 运行实验1 - 基础性能评估
2025-07-15 10:42:52,050 - INFO - 运行命令：['python', 'temp_exp1.py'] (CWD: /Users/yangzongyou/Downloads/iccip 2022/code_exp/scripts)
2025-07-15 10:42:58,047 - ERROR - 命令执行失败：['python', 'temp_exp1.py']
2025-07-15 10:42:58,047 - ERROR - 错误输出：2025-07-15 10:42:52,804 - INFO - ====== 开始运行实验 1 ======
2025-07-15 10:42:57,846 - INFO - Connected to Web3. Default account: 0xf39Fd6e51aad88F6F4ce6aB8827279cffFb92266
2025-07-15 10:42:57,973 - ERROR - 实验 1 运行失败: name 'get_certificate_factory' is not defined
Traceback (most recent call last):
  File "/Users/yangzongyou/Downloads/iccip 2022/code_exp/scripts/temp_exp1.py", line 96, in <module>
    run()
  File "/Users/yangzongyou/Downloads/iccip 2022/code_exp/scripts/temp_exp1.py", line 64, in run
    cert_factory = get_certificate_factory()
NameError: name 'get_certificate_factory' is not defined

2025-07-15 10:42:58,047 - ERROR - 实验1: 基础性能评估 运行失败，继续下一个实验
2025-07-15 10:42:58,047 - INFO - 运行 实验2: 吞吐量分析
2025-07-15 10:42:58,047 - INFO - 运行实验2 - 吸吐量分析
2025-07-15 10:42:58,047 - INFO - 运行命令：['python', 'temp_exp2.py'] (CWD: /Users/yangzongyou/Downloads/iccip 2022/code_exp/scripts)
2025-07-15 10:43:04,194 - ERROR - 命令执行失败：['python', 'temp_exp2.py']
2025-07-15 10:43:04,194 - ERROR - 错误输出：2025-07-15 10:42:58,894 - INFO - ====== 开始运行实验 2 ======
2025-07-15 10:43:03,952 - INFO - Connected to Web3. Default account: 0xf39Fd6e51aad88F6F4ce6aB8827279cffFb92266
2025-07-15 10:43:04,102 - ERROR - 实验 2 运行失败: name 'get_certificate_factory' is not defined
Traceback (most recent call last):
  File "/Users/yangzongyou/Downloads/iccip 2022/code_exp/scripts/temp_exp2.py", line 96, in <module>
    run()
  File "/Users/yangzongyou/Downloads/iccip 2022/code_exp/scripts/temp_exp2.py", line 64, in run
    cert_factory = get_certificate_factory()
NameError: name 'get_certificate_factory' is not defined

2025-07-15 10:43:04,195 - ERROR - 实验2: 吞吐量分析 运行失败，继续下一个实验
2025-07-15 10:43:04,195 - INFO - 运行 实验3: 可扩展性分析
2025-07-15 10:43:04,195 - INFO - 运行实验3 - 可扩展性测试
2025-07-15 10:43:04,195 - INFO - 运行命令：['python', 'temp_exp3.py'] (CWD: /Users/yangzongyou/Downloads/iccip 2022/code_exp/scripts)
2025-07-15 10:43:10,330 - ERROR - 命令执行失败：['python', 'temp_exp3.py']
2025-07-15 10:43:10,331 - ERROR - 错误输出：2025-07-15 10:43:05,068 - INFO - ====== 开始运行实验 3 ======
2025-07-15 10:43:10,115 - INFO - Connected to Web3. Default account: 0xf39Fd6e51aad88F6F4ce6aB8827279cffFb92266
2025-07-15 10:43:10,247 - ERROR - 实验 3 运行失败: name 'get_certificate_factory' is not defined
Traceback (most recent call last):
  File "/Users/yangzongyou/Downloads/iccip 2022/code_exp/scripts/temp_exp3.py", line 96, in <module>
    run()
  File "/Users/yangzongyou/Downloads/iccip 2022/code_exp/scripts/temp_exp3.py", line 64, in run
    cert_factory = get_certificate_factory()
NameError: name 'get_certificate_factory' is not defined

2025-07-15 10:43:10,331 - ERROR - 实验3: 可扩展性分析 运行失败，继续下一个实验
2025-07-15 10:43:10,331 - INFO - 运行 实验4: 存储成本对比分析
2025-07-15 10:43:10,331 - INFO - 运行实验4 - 存储成本对比分析
2025-07-15 10:43:10,331 - INFO - 运行命令：['python', 'temp_exp4.py'] (CWD: /Users/yangzongyou/Downloads/iccip 2022/code_exp/scripts)
2025-07-15 10:43:16,474 - ERROR - 命令执行失败：['python', 'temp_exp4.py']
2025-07-15 10:43:16,474 - ERROR - 错误输出：2025-07-15 10:43:11,198 - INFO - ====== 开始运行实验 4 ======
2025-07-15 10:43:16,246 - INFO - Connected to Web3. Default account: 0xf39Fd6e51aad88F6F4ce6aB8827279cffFb92266
2025-07-15 10:43:16,391 - ERROR - 实验 4 运行失败: name 'get_certificate_factory' is not defined
Traceback (most recent call last):
  File "/Users/yangzongyou/Downloads/iccip 2022/code_exp/scripts/temp_exp4.py", line 96, in <module>
    run()
  File "/Users/yangzongyou/Downloads/iccip 2022/code_exp/scripts/temp_exp4.py", line 71, in run
    cert_factory = get_certificate_factory()
NameError: name 'get_certificate_factory' is not defined

2025-07-15 10:43:16,474 - ERROR - 实验4: 存储成本对比分析 运行失败，继续下一个实验
2025-07-15 10:43:16,474 - INFO - 运行 实验5: 撤销机制效率分析
2025-07-15 10:43:16,474 - INFO - 运行实验5 - 撤销机制效率分析
2025-07-15 10:43:16,475 - INFO - 运行命令：['python', 'temp_exp5.py'] (CWD: /Users/yangzongyou/Downloads/iccip 2022/code_exp/scripts)
2025-07-15 10:43:22,692 - ERROR - 命令执行失败：['python', 'temp_exp5.py']
2025-07-15 10:43:22,692 - ERROR - 错误输出：2025-07-15 10:43:17,385 - INFO - ====== 开始运行实验 5 ======
2025-07-15 10:43:22,421 - INFO - Connected to Web3. Default account: 0xf39Fd6e51aad88F6F4ce6aB8827279cffFb92266
2025-07-15 10:43:22,570 - ERROR - 实验 5 运行失败: name 'get_certificate_factory' is not defined
Traceback (most recent call last):
  File "/Users/yangzongyou/Downloads/iccip 2022/code_exp/scripts/temp_exp5.py", line 96, in <module>
    run()
  File "/Users/yangzongyou/Downloads/iccip 2022/code_exp/scripts/temp_exp5.py", line 84, in run
    cert_factory = get_certificate_factory()
NameError: name 'get_certificate_factory' is not defined

2025-07-15 10:43:22,693 - ERROR - 实验5: 撤销机制效率分析 运行失败，继续下一个实验
2025-07-15 10:43:22,693 - INFO - 运行 实验6: 节点故障恢复测试
2025-07-15 10:43:22,693 - INFO - 运行实验6 - 节点故障恢复测试
2025-07-15 10:43:22,693 - INFO - 运行命令：['python', '/Users/yangzongyou/Downloads/iccip 2022/code_exp/scripts/run_fault_test.py'] (CWD: /Users/yangzongyou/Downloads/iccip 2022/code_exp)
2025-07-15 10:45:52,783 - INFO - 命令成功完成：['python', '/Users/yangzongyou/Downloads/iccip 2022/code_exp/scripts/run_fault_test.py']
2025-07-15 10:45:52,783 - INFO - 实验6: 节点故障恢复测试 运行成功
2025-07-15 10:45:52,783 - INFO - 分析所有实验结果
2025-07-15 10:45:52,783 - INFO - 分析所有实验结果
2025-07-15 10:45:52,783 - INFO - 运行命令：['python', 'analyze_results.py'] (CWD: /Users/yangzongyou/Downloads/iccip 2022/code_exp/scripts)
2025-07-15 10:45:54,023 - INFO - 命令成功完成：['python', 'analyze_results.py']
2025-07-15 10:45:54,024 - INFO - 运行命令：['python', 'analyze_fault_tolerance.py'] (CWD: /Users/yangzongyou/Downloads/iccip 2022/code_exp/scripts)
2025-07-15 10:45:54,683 - INFO - 命令成功完成：['python', 'analyze_fault_tolerance.py']
2025-07-15 10:45:54,683 - INFO - 实验结果分析成功
2025-07-15 10:45:54,683 - INFO - ====== 所有实验运行完成 ======
2025-07-15 10:45:54,683 - INFO - 请查看 data/ 目录和 analysis/ 目录获取实验结果和分析
