2025-07-15 14:56:03,778 - INFO - ====== 开始运行实验 5 ======
2025-07-15 14:56:03,778 - INFO - Log file: /Users/yangzongyou/Downloads/iccip 2022/code_exp/log/experiment5_20250715_145603.log
2025-07-15 14:56:08,820 - INFO - Connected to Web3. Default account: 0xf39Fd6e51aad88F6F4ce6aB8827279cffFb92266
2025-07-15 14:56:08,820 - INFO - Blockchain helper initialized.
2025-07-15 14:56:08,820 - INFO - Creating contract factories...
2025-07-15 14:56:08,825 - INFO - Contract factories created.
2025-07-15 14:56:08,825 - INFO - Starting experiment function: run_experiment_5_revocation...
2025-07-15 14:56:08,825 - INFO - --- Starting Experiment 5: Revocation Mechanism ---
2025-07-15 14:56:08,854 - INFO - Deploying new contracts for size 1...
2025-07-15 14:56:08,854 - INFO - Deploying Certificate_Exp5_1...
2025-07-15 14:56:08,868 - INFO - Certificate_Exp5_1 deployed at 0x5FbDB2315678afecb367f032d93F642f64180aa3. Gas used: 620351
2025-07-15 14:56:08,868 - INFO - Authorizing deployer as an institution for 0x5FbDB2315678afecb367f032d93F642f64180aa3...
2025-07-15 14:56:08,875 - INFO - Authorization successful.
2025-07-15 14:56:08,875 - INFO - Deploying BaselineRevocation_Exp5_1...
2025-07-15 14:56:08,882 - INFO - BaselineRevocation_Exp5_1 deployed at 0x9fE46736679d2D9a65F0992F2272dE9f3c7fa6e0. Gas used: 197730
2025-07-15 14:56:08,882 - INFO - Testing revocation set size: 1
2025-07-15 14:56:08,882 - INFO - [Our Model] Issuing and revoking 1 certificates...
2025-07-15 14:56:08,906 - INFO - [Baseline Model] Revoking 1 certificates...
2025-07-15 14:56:08,912 - INFO - Measuring verification performance for size 1 (100 queries)...
2025-07-15 14:56:09,467 - INFO - Size 1: Verification stats collected.
2025-07-15 14:56:09,468 - INFO - Deploying new contracts for size 10...
2025-07-15 14:56:09,468 - INFO - Deploying Certificate_Exp5_10...
2025-07-15 14:56:09,475 - INFO - Certificate_Exp5_10 deployed at 0xa513E6E4b8f2a923D98304ec87F64353C4D5C853. Gas used: 620351
2025-07-15 14:56:09,475 - INFO - Authorizing deployer as an institution for 0xa513E6E4b8f2a923D98304ec87F64353C4D5C853...
2025-07-15 14:56:09,480 - INFO - Authorization successful.
2025-07-15 14:56:09,480 - INFO - Deploying BaselineRevocation_Exp5_10...
2025-07-15 14:56:09,487 - INFO - BaselineRevocation_Exp5_10 deployed at 0x8A791620dd6260079BF849Dc5567aDC3F2FdC318. Gas used: 197730
2025-07-15 14:56:09,487 - INFO - Testing revocation set size: 10
2025-07-15 14:56:09,487 - INFO - [Our Model] Issuing and revoking 10 certificates...
2025-07-15 14:56:09,585 - INFO - [Baseline Model] Revoking 10 certificates...
2025-07-15 14:56:09,634 - INFO - Measuring verification performance for size 10 (100 queries)...
2025-07-15 14:56:10,172 - INFO - Size 10: Verification stats collected.
2025-07-15 14:56:10,172 - INFO - Deploying new contracts for size 100...
2025-07-15 14:56:10,173 - INFO - Deploying Certificate_Exp5_100...
2025-07-15 14:56:10,180 - INFO - Certificate_Exp5_100 deployed at 0x4826533B4897376654Bb4d4AD88B7faFD0C98528. Gas used: 620351
2025-07-15 14:56:10,180 - INFO - Authorizing deployer as an institution for 0x4826533B4897376654Bb4d4AD88B7faFD0C98528...
2025-07-15 14:56:10,185 - INFO - Authorization successful.
2025-07-15 14:56:10,185 - INFO - Deploying BaselineRevocation_Exp5_100...
2025-07-15 14:56:10,192 - INFO - BaselineRevocation_Exp5_100 deployed at 0x0E801D84Fa97b50751Dbf25036d067dCf18858bF. Gas used: 197730
2025-07-15 14:56:10,192 - INFO - Testing revocation set size: 100
2025-07-15 14:56:10,192 - INFO - [Our Model] Issuing and revoking 100 certificates...
2025-07-15 14:56:11,177 - INFO - [Baseline Model] Revoking 100 certificates...
2025-07-15 14:56:11,649 - INFO - Measuring verification performance for size 100 (100 queries)...
2025-07-15 14:56:12,168 - INFO - Size 100: Verification stats collected.
2025-07-15 14:56:12,168 - INFO - Deploying new contracts for size 1000...
2025-07-15 14:56:12,168 - INFO - Deploying Certificate_Exp5_1000...
2025-07-15 14:56:12,175 - INFO - Certificate_Exp5_1000 deployed at 0x313F922BE1649cEc058EC0f076664500c78bdc0b. Gas used: 620351
2025-07-15 14:56:12,175 - INFO - Authorizing deployer as an institution for 0x313F922BE1649cEc058EC0f076664500c78bdc0b...
2025-07-15 14:56:12,180 - INFO - Authorization successful.
2025-07-15 14:56:12,180 - INFO - Deploying BaselineRevocation_Exp5_1000...
2025-07-15 14:56:12,186 - INFO - BaselineRevocation_Exp5_1000 deployed at 0x5322471a7E37Ac2B8902cFcba84d266b37D811A0. Gas used: 197730
2025-07-15 14:56:12,186 - INFO - Testing revocation set size: 1000
2025-07-15 14:56:12,186 - INFO - [Our Model] Issuing and revoking 1000 certificates...
2025-07-15 14:56:21,643 - INFO - [Baseline Model] Revoking 1000 certificates...
2025-07-15 14:56:26,383 - INFO - Measuring verification performance for size 1000 (100 queries)...
2025-07-15 14:56:26,918 - INFO - Size 1000: Verification stats collected.
2025-07-15 14:56:26,918 - INFO - Deploying new contracts for size 5000...
2025-07-15 14:56:26,918 - INFO - Deploying Certificate_Exp5_5000...
2025-07-15 14:56:26,925 - INFO - Certificate_Exp5_5000 deployed at 0x3961D75424804db67024F6397732525f2614948f. Gas used: 620351
2025-07-15 14:56:26,925 - INFO - Authorizing deployer as an institution for 0x3961D75424804db67024F6397732525f2614948f...
2025-07-15 14:56:26,930 - INFO - Authorization successful.
2025-07-15 14:56:26,930 - INFO - Deploying BaselineRevocation_Exp5_5000...
2025-07-15 14:56:26,936 - INFO - BaselineRevocation_Exp5_5000 deployed at 0x41c0b53284AA5284eAf039005dAa7cE1Bb7f7053. Gas used: 197730
2025-07-15 14:56:26,936 - INFO - Testing revocation set size: 5000
2025-07-15 14:56:26,936 - INFO - [Our Model] Issuing and revoking 5000 certificates...
2025-07-15 14:57:15,986 - INFO - [Baseline Model] Revoking 5000 certificates...
2025-07-15 14:57:40,549 - INFO - Measuring verification performance for size 5000 (100 queries)...
2025-07-15 14:57:41,095 - INFO - Size 5000: Verification stats collected.
2025-07-15 14:57:41,098 - INFO - Revocation mechanism efficiency results saved to /Users/yangzongyou/Downloads/iccip 2022/code_exp/data/exp5_revocation_scalability.csv
2025-07-15 14:57:41,098 - INFO - --- Experiment 5 Finished ---
2025-07-15 14:57:41,098 - INFO - ====== 实验 5 运行成功, 耗时: 97.32s ======
