2025-07-15 15:34:54,286 - INFO - ====== 开始运行实验 5 ======
2025-07-15 15:34:54,286 - INFO - Log file: /Users/yangzongyou/Downloads/iccip 2022/code_exp/log/experiment5_20250715_153454.log
2025-07-15 15:34:59,320 - INFO - Connected to Web3. Default account: 0xf39Fd6e51aad88F6F4ce6aB8827279cffFb92266
2025-07-15 15:34:59,321 - INFO - Blockchain helper initialized.
2025-07-15 15:34:59,321 - INFO - Creating contract factories...
2025-07-15 15:34:59,325 - INFO - Contract factories created.
2025-07-15 15:34:59,325 - INFO - Starting experiment function: run_experiment_5_revocation...
2025-07-15 15:34:59,325 - INFO - --- Starting Experiment 5: Revocation Mechanism ---
2025-07-15 15:34:59,353 - INFO - Deploying new contracts for size 1...
2025-07-15 15:34:59,353 - INFO - Deploying Certificate_Exp5_1...
2025-07-15 15:34:59,364 - INFO - Certificate_Exp5_1 deployed at 0xBB0f0E713Ed527a19fd08bB28061053996CF1CEd. Gas used: 620351
2025-07-15 15:34:59,364 - INFO - Authorizing deployer as an institution for 0xBB0f0E713Ed527a19fd08bB28061053996CF1CEd...
2025-07-15 15:34:59,370 - INFO - Authorization successful.
2025-07-15 15:34:59,370 - INFO - Deploying BaselineRevocation_Exp5_1...
2025-07-15 15:34:59,377 - INFO - BaselineRevocation_Exp5_1 deployed at 0x0C96ab6DC3dec8f0593AF50a9557D00A44ef0056. Gas used: 197730
2025-07-15 15:34:59,377 - INFO - Testing revocation set size: 1
2025-07-15 15:34:59,377 - INFO - [Our Model] Issuing and revoking 1 certificates...
2025-07-15 15:34:59,402 - INFO - [Baseline Model] Revoking 1 certificates...
2025-07-15 15:34:59,408 - INFO - Measuring verification performance for size 1 (100 queries)...
2025-07-15 15:34:59,956 - INFO - Size 1: Verification stats collected.
2025-07-15 15:34:59,956 - INFO - Deploying new contracts for size 10...
2025-07-15 15:34:59,956 - INFO - Deploying Certificate_Exp5_10...
2025-07-15 15:34:59,963 - INFO - Certificate_Exp5_10 deployed at 0x88dDC0904058cBAa65B6C532BBCF55b64a25E9c2. Gas used: 620351
2025-07-15 15:34:59,963 - INFO - Authorizing deployer as an institution for 0x88dDC0904058cBAa65B6C532BBCF55b64a25E9c2...
2025-07-15 15:34:59,969 - INFO - Authorization successful.
2025-07-15 15:34:59,969 - INFO - Deploying BaselineRevocation_Exp5_10...
2025-07-15 15:34:59,975 - INFO - BaselineRevocation_Exp5_10 deployed at 0x02a8a379ED7ae9F00e3050a0379C452D792b478e. Gas used: 197730
2025-07-15 15:34:59,975 - INFO - Testing revocation set size: 10
2025-07-15 15:34:59,975 - INFO - [Our Model] Issuing and revoking 10 certificates...
2025-07-15 15:35:00,091 - INFO - [Baseline Model] Revoking 10 certificates...
2025-07-15 15:35:00,142 - INFO - Measuring verification performance for size 10 (100 queries)...
2025-07-15 15:35:00,689 - INFO - Size 10: Verification stats collected.
2025-07-15 15:35:00,689 - INFO - Deploying new contracts for size 100...
2025-07-15 15:35:00,689 - INFO - Deploying Certificate_Exp5_100...
2025-07-15 15:35:00,696 - INFO - Certificate_Exp5_100 deployed at 0xA13eCaB50C01616bc401C6C429C544cAA83387bb. Gas used: 620351
2025-07-15 15:35:00,697 - INFO - Authorizing deployer as an institution for 0xA13eCaB50C01616bc401C6C429C544cAA83387bb...
2025-07-15 15:35:00,702 - INFO - Authorization successful.
2025-07-15 15:35:00,702 - INFO - Deploying BaselineRevocation_Exp5_100...
2025-07-15 15:35:00,709 - INFO - BaselineRevocation_Exp5_100 deployed at 0x1A362f29BBFbdECFdF30761B64f1d3C4003C88eb. Gas used: 197730
2025-07-15 15:35:00,709 - INFO - Testing revocation set size: 100
2025-07-15 15:35:00,709 - INFO - [Our Model] Issuing and revoking 100 certificates...
2025-07-15 15:35:01,728 - INFO - [Baseline Model] Revoking 100 certificates...
2025-07-15 15:35:02,221 - INFO - Measuring verification performance for size 100 (100 queries)...
2025-07-15 15:35:02,785 - INFO - Size 100: Verification stats collected.
2025-07-15 15:35:02,785 - INFO - Deploying new contracts for size 1000...
2025-07-15 15:35:02,785 - INFO - Deploying Certificate_Exp5_1000...
2025-07-15 15:35:02,792 - INFO - Certificate_Exp5_1000 deployed at 0x434Fd3682eF98a7EF2c36ABd10D1FC8B554c6D08. Gas used: 620351
2025-07-15 15:35:02,793 - INFO - Authorizing deployer as an institution for 0x434Fd3682eF98a7EF2c36ABd10D1FC8B554c6D08...
2025-07-15 15:35:02,798 - INFO - Authorization successful.
2025-07-15 15:35:02,798 - INFO - Deploying BaselineRevocation_Exp5_1000...
2025-07-15 15:35:02,804 - INFO - BaselineRevocation_Exp5_1000 deployed at 0xFc9e790913592A79F9bD4FDbc15F4fDd0EcD638b. Gas used: 197730
2025-07-15 15:35:02,804 - INFO - Testing revocation set size: 1000
2025-07-15 15:35:02,804 - INFO - [Our Model] Issuing and revoking 1000 certificates...
2025-07-15 15:35:12,717 - INFO - [Baseline Model] Revoking 1000 certificates...
2025-07-15 15:35:17,633 - INFO - Measuring verification performance for size 1000 (100 queries)...
2025-07-15 15:35:18,179 - INFO - Size 1000: Verification stats collected.
2025-07-15 15:35:18,179 - INFO - Deploying new contracts for size 5000...
2025-07-15 15:35:18,179 - INFO - Deploying Certificate_Exp5_5000...
2025-07-15 15:35:18,186 - INFO - Certificate_Exp5_5000 deployed at 0x6C0c20E4E3Fc205881980bAd29579de55Afd9223. Gas used: 620351
2025-07-15 15:35:18,186 - INFO - Authorizing deployer as an institution for 0x6C0c20E4E3Fc205881980bAd29579de55Afd9223...
2025-07-15 15:35:18,191 - INFO - Authorization successful.
2025-07-15 15:35:18,191 - INFO - Deploying BaselineRevocation_Exp5_5000...
2025-07-15 15:35:18,198 - INFO - BaselineRevocation_Exp5_5000 deployed at 0x72f4E2609fb65E53f3518d68aA72E2eDB54D6EB9. Gas used: 197730
2025-07-15 15:35:18,198 - INFO - Testing revocation set size: 5000
2025-07-15 15:35:18,198 - INFO - [Our Model] Issuing and revoking 5000 certificates...
2025-07-15 15:36:08,222 - INFO - [Baseline Model] Revoking 5000 certificates...
2025-07-15 15:36:33,073 - INFO - Measuring verification performance for size 5000 (100 queries)...
2025-07-15 15:36:33,624 - INFO - Size 5000: Verification stats collected.
2025-07-15 15:36:33,626 - INFO - Revocation mechanism efficiency results saved to /Users/yangzongyou/Downloads/iccip 2022/code_exp/data/exp5_revocation_scalability.csv
2025-07-15 15:36:33,626 - INFO - --- Experiment 5 Finished ---
2025-07-15 15:36:33,626 - INFO - ====== 实验 5 运行成功, 耗时: 99.34s ======
