2025-07-15 15:15:32,703 - INFO - ====== 开始运行实验 5 ======
2025-07-15 15:15:32,703 - INFO - Log file: /Users/yangzongyou/Downloads/iccip 2022/code_exp/log/experiment5_20250715_151532.log
2025-07-15 15:15:37,740 - INFO - Connected to Web3. Default account: 0xf39Fd6e51aad88F6F4ce6aB8827279cffFb92266
2025-07-15 15:15:37,740 - INFO - Blockchain helper initialized.
2025-07-15 15:15:37,740 - INFO - Creating contract factories...
2025-07-15 15:15:37,745 - INFO - Contract factories created.
2025-07-15 15:15:37,745 - INFO - Starting experiment function: run_experiment_5_revocation...
2025-07-15 15:15:37,745 - INFO - --- Starting Experiment 5: Revocation Mechanism ---
2025-07-15 15:15:37,775 - INFO - Deploying new contracts for size 1...
2025-07-15 15:15:37,775 - INFO - Deploying Certificate_Exp5_1...
2025-07-15 15:15:37,786 - INFO - Certificate_Exp5_1 deployed at 0x9fE46736679d2D9a65F0992F2272dE9f3c7fa6e0. Gas used: 620351
2025-07-15 15:15:37,786 - INFO - Authorizing deployer as an institution for 0x9fE46736679d2D9a65F0992F2272dE9f3c7fa6e0...
2025-07-15 15:15:37,792 - INFO - Authorization successful.
2025-07-15 15:15:37,792 - INFO - Deploying BaselineRevocation_Exp5_1...
2025-07-15 15:15:37,800 - INFO - BaselineRevocation_Exp5_1 deployed at 0xDc64a140Aa3E981100a9becA4E685f962f0cF6C9. Gas used: 197730
2025-07-15 15:15:37,800 - INFO - Testing revocation set size: 1
2025-07-15 15:15:37,800 - INFO - [Our Model] Issuing and revoking 1 certificates...
2025-07-15 15:15:37,825 - INFO - [Baseline Model] Revoking 1 certificates...
2025-07-15 15:15:37,832 - INFO - Measuring verification performance for size 1 (100 queries)...
2025-07-15 15:15:38,403 - INFO - Size 1: Verification stats collected.
2025-07-15 15:15:38,404 - INFO - Deploying new contracts for size 10...
2025-07-15 15:15:38,404 - INFO - Deploying Certificate_Exp5_10...
2025-07-15 15:15:38,411 - INFO - Certificate_Exp5_10 deployed at 0x8A791620dd6260079BF849Dc5567aDC3F2FdC318. Gas used: 620351
2025-07-15 15:15:38,411 - INFO - Authorizing deployer as an institution for 0x8A791620dd6260079BF849Dc5567aDC3F2FdC318...
2025-07-15 15:15:38,416 - INFO - Authorization successful.
2025-07-15 15:15:38,416 - INFO - Deploying BaselineRevocation_Exp5_10...
2025-07-15 15:15:38,423 - INFO - BaselineRevocation_Exp5_10 deployed at 0xB7f8BC63BbcaD18155201308C8f3540b07f84F5e. Gas used: 197730
2025-07-15 15:15:38,423 - INFO - Testing revocation set size: 10
2025-07-15 15:15:38,424 - INFO - [Our Model] Issuing and revoking 10 certificates...
2025-07-15 15:15:38,523 - INFO - [Baseline Model] Revoking 10 certificates...
2025-07-15 15:15:38,573 - INFO - Measuring verification performance for size 10 (100 queries)...
2025-07-15 15:15:39,121 - INFO - Size 10: Verification stats collected.
2025-07-15 15:15:39,121 - INFO - Deploying new contracts for size 100...
2025-07-15 15:15:39,121 - INFO - Deploying Certificate_Exp5_100...
2025-07-15 15:15:39,128 - INFO - Certificate_Exp5_100 deployed at 0x0E801D84Fa97b50751Dbf25036d067dCf18858bF. Gas used: 620351
2025-07-15 15:15:39,128 - INFO - Authorizing deployer as an institution for 0x0E801D84Fa97b50751Dbf25036d067dCf18858bF...
2025-07-15 15:15:39,133 - INFO - Authorization successful.
2025-07-15 15:15:39,133 - INFO - Deploying BaselineRevocation_Exp5_100...
2025-07-15 15:15:39,140 - INFO - BaselineRevocation_Exp5_100 deployed at 0x9d4454B023096f34B160D6B654540c56A1F81688. Gas used: 197730
2025-07-15 15:15:39,140 - INFO - Testing revocation set size: 100
2025-07-15 15:15:39,140 - INFO - [Our Model] Issuing and revoking 100 certificates...
2025-07-15 15:15:40,157 - INFO - [Baseline Model] Revoking 100 certificates...
2025-07-15 15:15:40,648 - INFO - Measuring verification performance for size 100 (100 queries)...
2025-07-15 15:15:41,196 - INFO - Size 100: Verification stats collected.
2025-07-15 15:15:41,196 - INFO - Deploying new contracts for size 1000...
2025-07-15 15:15:41,196 - INFO - Deploying Certificate_Exp5_1000...
2025-07-15 15:15:41,203 - INFO - Certificate_Exp5_1000 deployed at 0x5322471a7E37Ac2B8902cFcba84d266b37D811A0. Gas used: 620351
2025-07-15 15:15:41,203 - INFO - Authorizing deployer as an institution for 0x5322471a7E37Ac2B8902cFcba84d266b37D811A0...
2025-07-15 15:15:41,208 - INFO - Authorization successful.
2025-07-15 15:15:41,208 - INFO - Deploying BaselineRevocation_Exp5_1000...
2025-07-15 15:15:41,215 - INFO - BaselineRevocation_Exp5_1000 deployed at 0x3D63c50AD04DD5aE394CAB562b7691DD5de7CF6f. Gas used: 197730
2025-07-15 15:15:41,215 - INFO - Testing revocation set size: 1000
2025-07-15 15:15:41,215 - INFO - [Our Model] Issuing and revoking 1000 certificates...
2025-07-15 15:15:51,041 - INFO - [Baseline Model] Revoking 1000 certificates...
2025-07-15 15:15:55,948 - INFO - Measuring verification performance for size 1000 (100 queries)...
2025-07-15 15:15:56,493 - INFO - Size 1000: Verification stats collected.
2025-07-15 15:15:56,493 - INFO - Deploying new contracts for size 5000...
2025-07-15 15:15:56,493 - INFO - Deploying Certificate_Exp5_5000...
2025-07-15 15:15:56,500 - INFO - Certificate_Exp5_5000 deployed at 0x41c0b53284AA5284eAf039005dAa7cE1Bb7f7053. Gas used: 620351
2025-07-15 15:15:56,500 - INFO - Authorizing deployer as an institution for 0x41c0b53284AA5284eAf039005dAa7cE1Bb7f7053...
2025-07-15 15:15:56,505 - INFO - Authorization successful.
2025-07-15 15:15:56,505 - INFO - Deploying BaselineRevocation_Exp5_5000...
2025-07-15 15:15:56,511 - INFO - BaselineRevocation_Exp5_5000 deployed at 0x83181733A5271B4c3fb8147670A2e941Ffcc3ed2. Gas used: 197730
2025-07-15 15:15:56,512 - INFO - Testing revocation set size: 5000
2025-07-15 15:15:56,512 - INFO - [Our Model] Issuing and revoking 5000 certificates...
2025-07-15 15:16:45,463 - INFO - [Baseline Model] Revoking 5000 certificates...
2025-07-15 15:17:09,285 - INFO - Measuring verification performance for size 5000 (100 queries)...
2025-07-15 15:17:09,812 - INFO - Size 5000: Verification stats collected.
2025-07-15 15:17:09,815 - INFO - Revocation mechanism efficiency results saved to /Users/yangzongyou/Downloads/iccip 2022/code_exp/data/exp5_revocation_scalability.csv
2025-07-15 15:17:09,815 - INFO - --- Experiment 5 Finished ---
2025-07-15 15:17:09,815 - INFO - ====== 实验 5 运行成功, 耗时: 97.11s ======
