2025-07-15 15:33:55,867 - INFO - ====== 开始运行实验 3 ======
2025-07-15 15:33:55,867 - INFO - Log file: /Users/yangzongyou/Downloads/iccip 2022/code_exp/log/experiment3_20250715_153355.log
2025-07-15 15:34:00,892 - INFO - Connected to Web3. Default account: 0xf39Fd6e51aad88F6F4ce6aB8827279cffFb92266
2025-07-15 15:34:00,892 - INFO - Blockchain helper initialized.
2025-07-15 15:34:00,892 - INFO - Loading dataset...
2025-07-15 15:34:00,908 - INFO - Creating contract factory...
2025-07-15 15:34:00,910 - INFO - Deploying contract...
2025-07-15 15:34:00,910 - INFO - Deploying Certificate_Exp123...
2025-07-15 15:34:00,921 - INFO - Certificate_Exp123 deployed at 0xd32a165c30f1AE1433E4f54c3dCA9eDBA1B65846. Gas used: 620351
2025-07-15 15:34:00,921 - INFO - Contract deployed at 0xd32a165c30f1AE1433E4f54c3dCA9eDBA1B65846.
2025-07-15 15:34:00,921 - INFO - Authorizing deployer as an institution for 0xd32a165c30f1AE1433E4f54c3dCA9eDBA1B65846...
2025-07-15 15:34:00,927 - INFO - Authorization successful.
2025-07-15 15:34:00,927 - INFO - Institution authorized.
2025-07-15 15:34:00,927 - INFO - Starting experiment function: run_experiment_3_scalability...
2025-07-15 15:34:00,927 - INFO - --- Starting Experiment 3: Scalability Test ---
2025-07-15 15:34:00,927 - INFO - Issuing 10000 new certificates to reach 10000 total records...
2025-07-15 15:34:52,288 - INFO - Total Records: 10000, Average Query Time: 0.001375s
2025-07-15 15:34:52,288 - INFO - Issuing 40000 new certificates to reach 50000 total records...
2025-07-15 15:34:52,289 - INFO - Total Records: 50000, Average Query Time: 0.000000s
2025-07-15 15:34:52,289 - INFO - Issuing 50000 new certificates to reach 100000 total records...
2025-07-15 15:34:52,289 - INFO - Total Records: 100000, Average Query Time: 0.000000s
2025-07-15 15:34:52,289 - INFO - Issuing 400000 new certificates to reach 500000 total records...
2025-07-15 15:34:52,289 - INFO - Total Records: 500000, Average Query Time: 0.000000s
2025-07-15 15:34:52,289 - INFO - Issuing 500000 new certificates to reach 1000000 total records...
2025-07-15 15:34:52,289 - INFO - Total Records: 1000000, Average Query Time: 0.000000s
2025-07-15 15:34:52,292 - INFO - Scalability results saved to exp3_scalability.csv
2025-07-15 15:34:52,292 - INFO - --- Experiment 3 Finished ---
2025-07-15 15:34:52,292 - INFO - ====== 实验 3 运行成功, 耗时: 56.42s ======
