2025-07-15 14:46:16,263 - INFO - ====== 开始运行实验 5 ======
2025-07-15 14:46:16,263 - INFO - Log file: /Users/yangzongyou/Downloads/iccip 2022/code_exp/log/experiment5_20250715_144616.log
2025-07-15 14:46:21,307 - INFO - Connected to Web3. Default account: 0xf39Fd6e51aad88F6F4ce6aB8827279cffFb92266
2025-07-15 14:46:21,307 - INFO - Blockchain helper initialized.
2025-07-15 14:46:21,307 - INFO - Creating contract factories...
2025-07-15 14:46:21,312 - INFO - Contract factories created.
2025-07-15 14:46:21,312 - INFO - Starting experiment function: run_experiment_5_revocation...
2025-07-15 14:46:21,312 - INFO - --- Starting Experiment 5: Revocation Mechanism ---
2025-07-15 14:46:21,340 - INFO - Deploying new contracts for size 1...
2025-07-15 14:46:21,340 - INFO - Deploying Certificate_Exp5_1...
2025-07-15 14:46:21,354 - INFO - Certificate_Exp5_1 deployed at 0x5FbDB2315678afecb367f032d93F642f64180aa3. Gas used: 620351
2025-07-15 14:46:21,354 - INFO - Authorizing deployer as an institution for 0x5FbDB2315678afecb367f032d93F642f64180aa3...
2025-07-15 14:46:21,361 - INFO - Authorization successful.
2025-07-15 14:46:21,361 - INFO - Deploying BaselineRevocation_Exp5_1...
2025-07-15 14:46:21,368 - INFO - BaselineRevocation_Exp5_1 deployed at 0x9fE46736679d2D9a65F0992F2272dE9f3c7fa6e0. Gas used: 197730
2025-07-15 14:46:21,368 - INFO - Testing revocation set size: 1
2025-07-15 14:46:21,368 - INFO - [Our Model] Issuing and revoking 1 certificates...
2025-07-15 14:46:21,394 - INFO - [Baseline Model] Revoking 1 certificates...
2025-07-15 14:46:21,400 - INFO - Measuring verification performance for size 1 (100 queries)...
2025-07-15 14:46:21,958 - INFO - Size 1: Verification stats collected.
2025-07-15 14:46:21,958 - INFO - Deploying new contracts for size 10...
2025-07-15 14:46:21,958 - INFO - Deploying Certificate_Exp5_10...
2025-07-15 14:46:21,965 - INFO - Certificate_Exp5_10 deployed at 0xa513E6E4b8f2a923D98304ec87F64353C4D5C853. Gas used: 620351
2025-07-15 14:46:21,965 - INFO - Authorizing deployer as an institution for 0xa513E6E4b8f2a923D98304ec87F64353C4D5C853...
2025-07-15 14:46:21,970 - INFO - Authorization successful.
2025-07-15 14:46:21,970 - INFO - Deploying BaselineRevocation_Exp5_10...
2025-07-15 14:46:21,977 - INFO - BaselineRevocation_Exp5_10 deployed at 0x8A791620dd6260079BF849Dc5567aDC3F2FdC318. Gas used: 197730
2025-07-15 14:46:21,977 - INFO - Testing revocation set size: 10
2025-07-15 14:46:21,977 - INFO - [Our Model] Issuing and revoking 10 certificates...
2025-07-15 14:46:22,074 - INFO - [Baseline Model] Revoking 10 certificates...
2025-07-15 14:46:22,124 - INFO - Measuring verification performance for size 10 (100 queries)...
2025-07-15 14:46:22,659 - INFO - Size 10: Verification stats collected.
2025-07-15 14:46:22,660 - INFO - Deploying new contracts for size 100...
2025-07-15 14:46:22,660 - INFO - Deploying Certificate_Exp5_100...
2025-07-15 14:46:22,666 - INFO - Certificate_Exp5_100 deployed at 0x4826533B4897376654Bb4d4AD88B7faFD0C98528. Gas used: 620351
2025-07-15 14:46:22,666 - INFO - Authorizing deployer as an institution for 0x4826533B4897376654Bb4d4AD88B7faFD0C98528...
2025-07-15 14:46:22,672 - INFO - Authorization successful.
2025-07-15 14:46:22,672 - INFO - Deploying BaselineRevocation_Exp5_100...
2025-07-15 14:46:22,678 - INFO - BaselineRevocation_Exp5_100 deployed at 0x0E801D84Fa97b50751Dbf25036d067dCf18858bF. Gas used: 197730
2025-07-15 14:46:22,678 - INFO - Testing revocation set size: 100
2025-07-15 14:46:22,679 - INFO - [Our Model] Issuing and revoking 100 certificates...
2025-07-15 14:46:23,664 - INFO - [Baseline Model] Revoking 100 certificates...
2025-07-15 14:46:24,146 - INFO - Measuring verification performance for size 100 (100 queries)...
2025-07-15 14:46:24,666 - INFO - Size 100: Verification stats collected.
2025-07-15 14:46:24,666 - INFO - Deploying new contracts for size 1000...
2025-07-15 14:46:24,666 - INFO - Deploying Certificate_Exp5_1000...
2025-07-15 14:46:24,673 - INFO - Certificate_Exp5_1000 deployed at 0x313F922BE1649cEc058EC0f076664500c78bdc0b. Gas used: 620351
2025-07-15 14:46:24,673 - INFO - Authorizing deployer as an institution for 0x313F922BE1649cEc058EC0f076664500c78bdc0b...
2025-07-15 14:46:24,678 - INFO - Authorization successful.
2025-07-15 14:46:24,678 - INFO - Deploying BaselineRevocation_Exp5_1000...
2025-07-15 14:46:24,685 - INFO - BaselineRevocation_Exp5_1000 deployed at 0x5322471a7E37Ac2B8902cFcba84d266b37D811A0. Gas used: 197730
2025-07-15 14:46:24,685 - INFO - Testing revocation set size: 1000
2025-07-15 14:46:24,685 - INFO - [Our Model] Issuing and revoking 1000 certificates...
2025-07-15 14:46:34,308 - INFO - [Baseline Model] Revoking 1000 certificates...
2025-07-15 14:46:39,105 - INFO - Measuring verification performance for size 1000 (100 queries)...
2025-07-15 14:46:39,643 - INFO - Size 1000: Verification stats collected.
2025-07-15 14:46:39,643 - INFO - Deploying new contracts for size 5000...
2025-07-15 14:46:39,643 - INFO - Deploying Certificate_Exp5_5000...
2025-07-15 14:46:39,650 - INFO - Certificate_Exp5_5000 deployed at 0x3961D75424804db67024F6397732525f2614948f. Gas used: 620351
2025-07-15 14:46:39,650 - INFO - Authorizing deployer as an institution for 0x3961D75424804db67024F6397732525f2614948f...
2025-07-15 14:46:39,655 - INFO - Authorization successful.
2025-07-15 14:46:39,655 - INFO - Deploying BaselineRevocation_Exp5_5000...
2025-07-15 14:46:39,662 - INFO - BaselineRevocation_Exp5_5000 deployed at 0x41c0b53284AA5284eAf039005dAa7cE1Bb7f7053. Gas used: 197730
2025-07-15 14:46:39,662 - INFO - Testing revocation set size: 5000
2025-07-15 14:46:39,662 - INFO - [Our Model] Issuing and revoking 5000 certificates...
2025-07-15 14:47:28,674 - INFO - [Baseline Model] Revoking 5000 certificates...
2025-07-15 14:47:53,182 - INFO - Measuring verification performance for size 5000 (100 queries)...
2025-07-15 14:47:53,718 - ERROR - 实验 5 运行失败: list index out of range
Traceback (most recent call last):
  File "/Users/yangzongyou/Downloads/iccip 2022/code_exp/scripts/temp_exp5.py", line 63, in <module>
    main_logic()
  File "/Users/yangzongyou/Downloads/iccip 2022/code_exp/scripts/temp_exp5.py", line 54, in main_logic
    run_experiment_5_revocation(helper, cert_factory, baseline_revocation_factory)
  File "/Users/yangzongyou/Downloads/iccip 2022/code_exp/scripts/simulation.py", line 332, in run_experiment_5_revocation
    new_hash_to_revoke = certificate_hashes[size + num_verifications]
                         ~~~~~~~~~~~~~~~~~~^^^^^^^^^^^^^^^^^^^^^^^^^^
IndexError: list index out of range
