2025-07-15 10:47:23,486 - INFO - ====== 开始运行实验 2 ======
2025-07-15 10:47:28,536 - INFO - Connected to Web3. Default account: 0xf39Fd6e51aad88F6F4ce6aB8827279cffFb92266
2025-07-15 10:47:28,680 - INFO - Deploying Certificate...
2025-07-15 10:47:28,725 - INFO - Certificate deployed at 0x09e37D690F04373d0A6cc2729890109e14B59FA4. Gas used: 620351
2025-07-15 10:47:28,725 - INFO - Authorizing deployer as an institution for 0x09e37D690F04373d0A6cc2729890109e14B59FA4...
2025-07-15 10:47:28,746 - INFO - Authorization successful.
2025-07-15 10:47:28,747 - INFO - --- Starting Experiment 2: Throughput & Stress Test ---
2025-07-15 10:47:28,748 - INFO - Testing throughput with concurrency level: 1
2025-07-15 10:48:28,767 - INFO - Level 1: 5488 successful transactions in 60.01s. TPS: 91.45
2025-07-15 10:48:28,776 - INFO - Testing throughput with concurrency level: 10
2025-07-15 10:49:28,802 - INFO - Level 10: 588 successful transactions in 60.03s. TPS: 9.80
2025-07-15 10:49:28,803 - INFO - Testing throughput with concurrency level: 50
2025-07-15 10:50:28,816 - INFO - Level 50: 19 successful transactions in 60.01s. TPS: 0.32
2025-07-15 10:50:28,816 - INFO - Testing throughput with concurrency level: 100
2025-07-15 10:51:29,185 - INFO - Level 100: 0 successful transactions in 60.37s. TPS: 0.00
2025-07-15 10:51:29,186 - INFO - Testing throughput with concurrency level: 200
2025-07-15 10:52:29,875 - INFO - Level 200: 0 successful transactions in 60.69s. TPS: 0.00
2025-07-15 10:52:29,875 - INFO - Testing throughput with concurrency level: 500
2025-07-15 10:53:32,551 - INFO - Level 500: 0 successful transactions in 62.67s. TPS: 0.00
2025-07-15 10:53:32,552 - INFO - Testing throughput with concurrency level: 1000
2025-07-15 10:54:39,108 - INFO - Level 1000: 0 successful transactions in 66.56s. TPS: 0.00
2025-07-15 10:54:39,131 - INFO - Throughput results saved to exp2_throughput.csv
2025-07-15 10:54:39,131 - INFO - --- Experiment 2 Finished ---
